{"C:\\Android_Server_Project\\DK-Hawkshaw\\middleware\\auth.js": {"path":"C:\\Android_Server_Project\\DK-Hawkshaw\\middleware\\auth.js","statementMap":{"0":{"start":{"line":1,"column":12},"end":{"line":1,"column":35}},"1":{"start":{"line":2,"column":17},"end":{"line":2,"column":46}},"2":{"start":{"line":3,"column":15},"end":{"line":3,"column":41}},"3":{"start":{"line":30,"column":26},"end":{"line":70,"column":1}},"4":{"start":{"line":31,"column":21},"end":{"line":31,"column":49}},"5":{"start":{"line":32,"column":16},"end":{"line":32,"column":54}},"6":{"start":{"line":34,"column":2},"end":{"line":39,"column":3}},"7":{"start":{"line":35,"column":4},"end":{"line":38,"column":7}},"8":{"start":{"line":41,"column":2},"end":{"line":69,"column":3}},"9":{"start":{"line":42,"column":20},"end":{"line":42,"column":61}},"10":{"start":{"line":45,"column":17},"end":{"line":45,"column":52}},"11":{"start":{"line":46,"column":4},"end":{"line":51,"column":5}},"12":{"start":{"line":47,"column":6},"end":{"line":50,"column":9}},"13":{"start":{"line":53,"column":4},"end":{"line":53,"column":20}},"14":{"start":{"line":54,"column":4},"end":{"line":54,"column":11}},"15":{"start":{"line":56,"column":4},"end":{"line":56,"column":54}},"16":{"start":{"line":58,"column":4},"end":{"line":63,"column":5}},"17":{"start":{"line":59,"column":6},"end":{"line":62,"column":9}},"18":{"start":{"line":65,"column":4},"end":{"line":68,"column":7}},"19":{"start":{"line":78,"column":27},"end":{"line":109,"column":1}},"20":{"start":{"line":79,"column":19},"end":{"line":79,"column":45}},"21":{"start":{"line":80,"column":22},"end":{"line":80,"column":51}},"22":{"start":{"line":82,"column":2},"end":{"line":87,"column":3}},"23":{"start":{"line":83,"column":4},"end":{"line":86,"column":7}},"24":{"start":{"line":89,"column":2},"end":{"line":108,"column":3}},"25":{"start":{"line":90,"column":20},"end":{"line":90,"column":67}},"26":{"start":{"line":92,"column":4},"end":{"line":97,"column":5}},"27":{"start":{"line":93,"column":6},"end":{"line":96,"column":9}},"28":{"start":{"line":99,"column":4},"end":{"line":99,"column":28}},"29":{"start":{"line":100,"column":4},"end":{"line":100,"column":29}},"30":{"start":{"line":101,"column":4},"end":{"line":101,"column":11}},"31":{"start":{"line":103,"column":4},"end":{"line":103,"column":61}},"32":{"start":{"line":104,"column":4},"end":{"line":107,"column":7}},"33":{"start":{"line":117,"column":21},"end":{"line":125,"column":1}},"34":{"start":{"line":118,"column":2},"end":{"line":123,"column":3}},"35":{"start":{"line":119,"column":4},"end":{"line":122,"column":7}},"36":{"start":{"line":124,"column":2},"end":{"line":124,"column":9}},"37":{"start":{"line":133,"column":21},"end":{"line":151,"column":1}},"38":{"start":{"line":134,"column":21},"end":{"line":134,"column":49}},"39":{"start":{"line":135,"column":16},"end":{"line":135,"column":54}},"40":{"start":{"line":137,"column":2},"end":{"line":148,"column":3}},"41":{"start":{"line":138,"column":4},"end":{"line":147,"column":5}},"42":{"start":{"line":139,"column":22},"end":{"line":139,"column":63}},"43":{"start":{"line":140,"column":19},"end":{"line":140,"column":54}},"44":{"start":{"line":141,"column":6},"end":{"line":143,"column":7}},"45":{"start":{"line":142,"column":8},"end":{"line":142,"column":24}},"46":{"start":{"line":146,"column":6},"end":{"line":146,"column":59}},"47":{"start":{"line":150,"column":2},"end":{"line":150,"column":9}},"48":{"start":{"line":153,"column":0},"end":{"line":158,"column":2}}},"fnMap":{"0":{"name":"(anonymous_0)","decl":{"start":{"line":30,"column":26},"end":{"line":30,"column":27}},"loc":{"start":{"line":30,"column":52},"end":{"line":70,"column":1}},"line":30},"1":{"name":"(anonymous_1)","decl":{"start":{"line":78,"column":27},"end":{"line":78,"column":28}},"loc":{"start":{"line":78,"column":53},"end":{"line":109,"column":1}},"line":78},"2":{"name":"(anonymous_2)","decl":{"start":{"line":117,"column":21},"end":{"line":117,"column":22}},"loc":{"start":{"line":117,"column":41},"end":{"line":125,"column":1}},"line":117},"3":{"name":"(anonymous_3)","decl":{"start":{"line":133,"column":21},"end":{"line":133,"column":22}},"loc":{"start":{"line":133,"column":47},"end":{"line":151,"column":1}},"line":133}},"branchMap":{"0":{"loc":{"start":{"line":32,"column":16},"end":{"line":32,"column":54}},"type":"binary-expr","locations":[{"start":{"line":32,"column":16},"end":{"line":32,"column":26}},{"start":{"line":32,"column":30},"end":{"line":32,"column":54}}],"line":32},"1":{"loc":{"start":{"line":34,"column":2},"end":{"line":39,"column":3}},"type":"if","locations":[{"start":{"line":34,"column":2},"end":{"line":39,"column":3}},{"start":{},"end":{}}],"line":34},"2":{"loc":{"start":{"line":46,"column":4},"end":{"line":51,"column":5}},"type":"if","locations":[{"start":{"line":46,"column":4},"end":{"line":51,"column":5}},{"start":{},"end":{}}],"line":46},"3":{"loc":{"start":{"line":46,"column":8},"end":{"line":46,"column":32}},"type":"binary-expr","locations":[{"start":{"line":46,"column":8},"end":{"line":46,"column":13}},{"start":{"line":46,"column":17},"end":{"line":46,"column":32}}],"line":46},"4":{"loc":{"start":{"line":58,"column":4},"end":{"line":63,"column":5}},"type":"if","locations":[{"start":{"line":58,"column":4},"end":{"line":63,"column":5}},{"start":{},"end":{}}],"line":58},"5":{"loc":{"start":{"line":82,"column":2},"end":{"line":87,"column":3}},"type":"if","locations":[{"start":{"line":82,"column":2},"end":{"line":87,"column":3}},{"start":{},"end":{}}],"line":82},"6":{"loc":{"start":{"line":82,"column":6},"end":{"line":82,"column":31}},"type":"binary-expr","locations":[{"start":{"line":82,"column":6},"end":{"line":82,"column":15}},{"start":{"line":82,"column":19},"end":{"line":82,"column":31}}],"line":82},"7":{"loc":{"start":{"line":92,"column":4},"end":{"line":97,"column":5}},"type":"if","locations":[{"start":{"line":92,"column":4},"end":{"line":97,"column":5}},{"start":{},"end":{}}],"line":92},"8":{"loc":{"start":{"line":118,"column":2},"end":{"line":123,"column":3}},"type":"if","locations":[{"start":{"line":118,"column":2},"end":{"line":123,"column":3}},{"start":{},"end":{}}],"line":118},"9":{"loc":{"start":{"line":118,"column":6},"end":{"line":118,"column":44}},"type":"binary-expr","locations":[{"start":{"line":118,"column":6},"end":{"line":118,"column":15}},{"start":{"line":118,"column":19},"end":{"line":118,"column":44}}],"line":118},"10":{"loc":{"start":{"line":135,"column":16},"end":{"line":135,"column":54}},"type":"binary-expr","locations":[{"start":{"line":135,"column":16},"end":{"line":135,"column":26}},{"start":{"line":135,"column":30},"end":{"line":135,"column":54}}],"line":135},"11":{"loc":{"start":{"line":137,"column":2},"end":{"line":148,"column":3}},"type":"if","locations":[{"start":{"line":137,"column":2},"end":{"line":148,"column":3}},{"start":{},"end":{}}],"line":137},"12":{"loc":{"start":{"line":141,"column":6},"end":{"line":143,"column":7}},"type":"if","locations":[{"start":{"line":141,"column":6},"end":{"line":143,"column":7}},{"start":{},"end":{}}],"line":141},"13":{"loc":{"start":{"line":141,"column":10},"end":{"line":141,"column":32}},"type":"binary-expr","locations":[{"start":{"line":141,"column":10},"end":{"line":141,"column":14}},{"start":{"line":141,"column":18},"end":{"line":141,"column":32}}],"line":141}},"s":{"0":0,"1":0,"2":0,"3":0,"4":0,"5":0,"6":0,"7":0,"8":0,"9":0,"10":0,"11":0,"12":0,"13":0,"14":0,"15":0,"16":0,"17":0,"18":0,"19":0,"20":0,"21":0,"22":0,"23":0,"24":0,"25":0,"26":0,"27":0,"28":0,"29":0,"30":0,"31":0,"32":0,"33":0,"34":0,"35":0,"36":0,"37":0,"38":0,"39":0,"40":0,"41":0,"42":0,"43":0,"44":0,"45":0,"46":0,"47":0,"48":0},"f":{"0":0,"1":0,"2":0,"3":0},"b":{"0":[0,0],"1":[0,0],"2":[0,0],"3":[0,0],"4":[0,0],"5":[0,0],"6":[0,0],"7":[0,0],"8":[0,0],"9":[0,0],"10":[0,0],"11":[0,0],"12":[0,0],"13":[0,0]}}
,"C:\\Android_Server_Project\\DK-Hawkshaw\\middleware\\deviceValidation.js": {"path":"C:\\Android_Server_Project\\DK-Hawkshaw\\middleware\\deviceValidation.js","statementMap":{"0":{"start":{"line":1,"column":36},"end":{"line":1,"column":64}},"1":{"start":{"line":2,"column":15},"end":{"line":2,"column":41}},"2":{"start":{"line":7,"column":27},"end":{"line":25,"column":1}},"3":{"start":{"line":9,"column":4},"end":{"line":16,"column":5}},"4":{"start":{"line":10,"column":8},"end":{"line":15,"column":11}},"5":{"start":{"line":19,"column":19},"end":{"line":19,"column":40}},"6":{"start":{"line":20,"column":4},"end":{"line":22,"column":5}},"7":{"start":{"line":21,"column":8},"end":{"line":21,"column":22}},"8":{"start":{"line":24,"column":4},"end":{"line":24,"column":11}},"9":{"start":{"line":30,"column":34},"end":{"line":183,"column":1}},"10":{"start":{"line":185,"column":0},"end":{"line":188,"column":2}}},"fnMap":{"0":{"name":"(anonymous_0)","decl":{"start":{"line":7,"column":27},"end":{"line":7,"column":28}},"loc":{"start":{"line":7,"column":47},"end":{"line":25,"column":1}},"line":7}},"branchMap":{"0":{"loc":{"start":{"line":9,"column":4},"end":{"line":16,"column":5}},"type":"if","locations":[{"start":{"line":9,"column":4},"end":{"line":16,"column":5}},{"start":{},"end":{}}],"line":9},"1":{"loc":{"start":{"line":20,"column":4},"end":{"line":22,"column":5}},"type":"if","locations":[{"start":{"line":20,"column":4},"end":{"line":22,"column":5}},{"start":{},"end":{}}],"line":20}},"s":{"0":0,"1":0,"2":0,"3":0,"4":0,"5":0,"6":0,"7":0,"8":0,"9":0,"10":0},"f":{"0":0},"b":{"0":[0,0],"1":[0,0]}}
,"C:\\Android_Server_Project\\DK-Hawkshaw\\middleware\\errorHandler.js": {"path":"C:\\Android_Server_Project\\DK-Hawkshaw\\middleware\\errorHandler.js","statementMap":{"0":{"start":{"line":1,"column":15},"end":{"line":1,"column":41}},"1":{"start":{"line":3,"column":21},"end":{"line":78,"column":1}},"2":{"start":{"line":4,"column":14},"end":{"line":4,"column":24}},"3":{"start":{"line":5,"column":2},"end":{"line":5,"column":30}},"4":{"start":{"line":8,"column":2},"end":{"line":8,"column":20}},"5":{"start":{"line":11,"column":2},"end":{"line":14,"column":3}},"6":{"start":{"line":12,"column":20},"end":{"line":12,"column":40}},"7":{"start":{"line":13,"column":4},"end":{"line":13,"column":41}},"8":{"start":{"line":17,"column":2},"end":{"line":20,"column":3}},"9":{"start":{"line":18,"column":20},"end":{"line":18,"column":51}},"10":{"start":{"line":19,"column":4},"end":{"line":19,"column":41}},"11":{"start":{"line":23,"column":2},"end":{"line":26,"column":3}},"12":{"start":{"line":24,"column":20},"end":{"line":24,"column":69}},"13":{"start":{"line":24,"column":57},"end":{"line":24,"column":68}},"14":{"start":{"line":25,"column":4},"end":{"line":25,"column":41}},"15":{"start":{"line":29,"column":2},"end":{"line":32,"column":3}},"16":{"start":{"line":30,"column":20},"end":{"line":30,"column":61}},"17":{"start":{"line":30,"column":40},"end":{"line":30,"column":49}},"18":{"start":{"line":31,"column":4},"end":{"line":31,"column":41}},"19":{"start":{"line":35,"column":2},"end":{"line":38,"column":3}},"20":{"start":{"line":36,"column":20},"end":{"line":36,"column":43}},"21":{"start":{"line":37,"column":4},"end":{"line":37,"column":41}},"22":{"start":{"line":41,"column":2},"end":{"line":44,"column":3}},"23":{"start":{"line":42,"column":20},"end":{"line":42,"column":59}},"24":{"start":{"line":43,"column":4},"end":{"line":43,"column":41}},"25":{"start":{"line":47,"column":2},"end":{"line":50,"column":3}},"26":{"start":{"line":48,"column":20},"end":{"line":48,"column":35}},"27":{"start":{"line":49,"column":4},"end":{"line":49,"column":41}},"28":{"start":{"line":52,"column":2},"end":{"line":55,"column":3}},"29":{"start":{"line":53,"column":20},"end":{"line":53,"column":35}},"30":{"start":{"line":54,"column":4},"end":{"line":54,"column":41}},"31":{"start":{"line":58,"column":2},"end":{"line":61,"column":3}},"32":{"start":{"line":59,"column":20},"end":{"line":59,"column":36}},"33":{"start":{"line":60,"column":4},"end":{"line":60,"column":41}},"34":{"start":{"line":63,"column":2},"end":{"line":66,"column":3}},"35":{"start":{"line":64,"column":20},"end":{"line":64,"column":36}},"36":{"start":{"line":65,"column":4},"end":{"line":65,"column":41}},"37":{"start":{"line":68,"column":2},"end":{"line":71,"column":3}},"38":{"start":{"line":69,"column":20},"end":{"line":69,"column":43}},"39":{"start":{"line":70,"column":4},"end":{"line":70,"column":41}},"40":{"start":{"line":73,"column":2},"end":{"line":77,"column":5}},"41":{"start":{"line":80,"column":0},"end":{"line":80,"column":30}}},"fnMap":{"0":{"name":"(anonymous_0)","decl":{"start":{"line":3,"column":21},"end":{"line":3,"column":22}},"loc":{"start":{"line":3,"column":46},"end":{"line":78,"column":1}},"line":3},"1":{"name":"(anonymous_1)","decl":{"start":{"line":24,"column":50},"end":{"line":24,"column":51}},"loc":{"start":{"line":24,"column":57},"end":{"line":24,"column":68}},"line":24},"2":{"name":"(anonymous_2)","decl":{"start":{"line":30,"column":35},"end":{"line":30,"column":36}},"loc":{"start":{"line":30,"column":40},"end":{"line":30,"column":49}},"line":30}},"branchMap":{"0":{"loc":{"start":{"line":11,"column":2},"end":{"line":14,"column":3}},"type":"if","locations":[{"start":{"line":11,"column":2},"end":{"line":14,"column":3}},{"start":{},"end":{}}],"line":11},"1":{"loc":{"start":{"line":17,"column":2},"end":{"line":20,"column":3}},"type":"if","locations":[{"start":{"line":17,"column":2},"end":{"line":20,"column":3}},{"start":{},"end":{}}],"line":17},"2":{"loc":{"start":{"line":23,"column":2},"end":{"line":26,"column":3}},"type":"if","locations":[{"start":{"line":23,"column":2},"end":{"line":26,"column":3}},{"start":{},"end":{}}],"line":23},"3":{"loc":{"start":{"line":29,"column":2},"end":{"line":32,"column":3}},"type":"if","locations":[{"start":{"line":29,"column":2},"end":{"line":32,"column":3}},{"start":{},"end":{}}],"line":29},"4":{"loc":{"start":{"line":35,"column":2},"end":{"line":38,"column":3}},"type":"if","locations":[{"start":{"line":35,"column":2},"end":{"line":38,"column":3}},{"start":{},"end":{}}],"line":35},"5":{"loc":{"start":{"line":41,"column":2},"end":{"line":44,"column":3}},"type":"if","locations":[{"start":{"line":41,"column":2},"end":{"line":44,"column":3}},{"start":{},"end":{}}],"line":41},"6":{"loc":{"start":{"line":47,"column":2},"end":{"line":50,"column":3}},"type":"if","locations":[{"start":{"line":47,"column":2},"end":{"line":50,"column":3}},{"start":{},"end":{}}],"line":47},"7":{"loc":{"start":{"line":52,"column":2},"end":{"line":55,"column":3}},"type":"if","locations":[{"start":{"line":52,"column":2},"end":{"line":55,"column":3}},{"start":{},"end":{}}],"line":52},"8":{"loc":{"start":{"line":58,"column":2},"end":{"line":61,"column":3}},"type":"if","locations":[{"start":{"line":58,"column":2},"end":{"line":61,"column":3}},{"start":{},"end":{}}],"line":58},"9":{"loc":{"start":{"line":63,"column":2},"end":{"line":66,"column":3}},"type":"if","locations":[{"start":{"line":63,"column":2},"end":{"line":66,"column":3}},{"start":{},"end":{}}],"line":63},"10":{"loc":{"start":{"line":68,"column":2},"end":{"line":71,"column":3}},"type":"if","locations":[{"start":{"line":68,"column":2},"end":{"line":71,"column":3}},{"start":{},"end":{}}],"line":68},"11":{"loc":{"start":{"line":73,"column":13},"end":{"line":73,"column":36}},"type":"binary-expr","locations":[{"start":{"line":73,"column":13},"end":{"line":73,"column":29}},{"start":{"line":73,"column":33},"end":{"line":73,"column":36}}],"line":73},"12":{"loc":{"start":{"line":75,"column":11},"end":{"line":75,"column":42}},"type":"binary-expr","locations":[{"start":{"line":75,"column":11},"end":{"line":75,"column":24}},{"start":{"line":75,"column":28},"end":{"line":75,"column":42}}],"line":75},"13":{"loc":{"start":{"line":76,"column":8},"end":{"line":76,"column":70}},"type":"binary-expr","locations":[{"start":{"line":76,"column":8},"end":{"line":76,"column":46}},{"start":{"line":76,"column":50},"end":{"line":76,"column":70}}],"line":76}},"s":{"0":0,"1":0,"2":0,"3":0,"4":0,"5":0,"6":0,"7":0,"8":0,"9":0,"10":0,"11":0,"12":0,"13":0,"14":0,"15":0,"16":0,"17":0,"18":0,"19":0,"20":0,"21":0,"22":0,"23":0,"24":0,"25":0,"26":0,"27":0,"28":0,"29":0,"30":0,"31":0,"32":0,"33":0,"34":0,"35":0,"36":0,"37":0,"38":0,"39":0,"40":0,"41":0},"f":{"0":0,"1":0,"2":0},"b":{"0":[0,0],"1":[0,0],"2":[0,0],"3":[0,0],"4":[0,0],"5":[0,0],"6":[0,0],"7":[0,0],"8":[0,0],"9":[0,0],"10":[0,0],"11":[0,0],"12":[0,0],"13":[0,0]}}
,"C:\\Android_Server_Project\\DK-Hawkshaw\\middleware\\loggingMiddleware.js": {"path":"C:\\Android_Server_Project\\DK-Hawkshaw\\middleware\\loggingMiddleware.js","statementMap":{"0":{"start":{"line":1,"column":15},"end":{"line":1,"column":41}},"1":{"start":{"line":21,"column":20},"end":{"line":21,"column":26}},"2":{"start":{"line":29,"column":22},"end":{"line":55,"column":1}},"3":{"start":{"line":30,"column":20},"end":{"line":30,"column":30}},"4":{"start":{"line":33,"column":22},"end":{"line":33,"column":29}},"5":{"start":{"line":36,"column":2},"end":{"line":52,"column":4}},"6":{"start":{"line":37,"column":25},"end":{"line":37,"column":47}},"7":{"start":{"line":40,"column":4},"end":{"line":40,"column":51}},"8":{"start":{"line":43,"column":21},"end":{"line":43,"column":58}},"9":{"start":{"line":44,"column":20},"end":{"line":44,"column":40}},"10":{"start":{"line":45,"column":22},"end":{"line":45,"column":53}},"11":{"start":{"line":46,"column":21},"end":{"line":46,"column":105}},"12":{"start":{"line":48,"column":4},"end":{"line":48,"column":93}},"13":{"start":{"line":51,"column":4},"end":{"line":51,"column":44}},"14":{"start":{"line":54,"column":2},"end":{"line":54,"column":9}},"15":{"start":{"line":58,"column":20},"end":{"line":77,"column":1}},"16":{"start":{"line":59,"column":18},"end":{"line":73,"column":3}},"17":{"start":{"line":75,"column":2},"end":{"line":75,"column":37}},"18":{"start":{"line":76,"column":2},"end":{"line":76,"column":12}},"19":{"start":{"line":80,"column":19},"end":{"line":112,"column":1}},"20":{"start":{"line":81,"column":23},"end":{"line":81,"column":31}},"21":{"start":{"line":83,"column":2},"end":{"line":109,"column":4}},"22":{"start":{"line":85,"column":27},"end":{"line":87,"column":53}},"23":{"start":{"line":89,"column":4},"end":{"line":106,"column":5}},"24":{"start":{"line":90,"column":22},"end":{"line":90,"column":42}},"25":{"start":{"line":91,"column":23},"end":{"line":91,"column":77}},"26":{"start":{"line":92,"column":23},"end":{"line":94,"column":70}},"27":{"start":{"line":96,"column":20},"end":{"line":96,"column":88}},"28":{"start":{"line":98,"column":6},"end":{"line":105,"column":8}},"29":{"start":{"line":108,"column":4},"end":{"line":108,"column":34}},"30":{"start":{"line":111,"column":2},"end":{"line":111,"column":9}},"31":{"start":{"line":115,"column":29},"end":{"line":133,"column":1}},"32":{"start":{"line":116,"column":19},"end":{"line":116,"column":90}},"33":{"start":{"line":118,"column":2},"end":{"line":130,"column":3}},"34":{"start":{"line":119,"column":21},"end":{"line":119,"column":48}},"35":{"start":{"line":120,"column":21},"end":{"line":127,"column":5}},"36":{"start":{"line":129,"column":4},"end":{"line":129,"column":64}},"37":{"start":{"line":132,"column":2},"end":{"line":132,"column":9}},"38":{"start":{"line":136,"column":28},"end":{"line":138,"column":1}},"39":{"start":{"line":137,"column":2},"end":{"line":137,"column":92}},"40":{"start":{"line":141,"column":25},"end":{"line":143,"column":1}},"41":{"start":{"line":142,"column":2},"end":{"line":142,"column":88}},"42":{"start":{"line":146,"column":29},"end":{"line":148,"column":1}},"43":{"start":{"line":147,"column":2},"end":{"line":147,"column":81}},"44":{"start":{"line":151,"column":23},"end":{"line":153,"column":1}},"45":{"start":{"line":152,"column":2},"end":{"line":152,"column":57}},"46":{"start":{"line":155,"column":0},"end":{"line":165,"column":2}}},"fnMap":{"0":{"name":"(anonymous_0)","decl":{"start":{"line":29,"column":22},"end":{"line":29,"column":23}},"loc":{"start":{"line":29,"column":42},"end":{"line":55,"column":1}},"line":29},"1":{"name":"(anonymous_1)","decl":{"start":{"line":36,"column":12},"end":{"line":36,"column":13}},"loc":{"start":{"line":36,"column":38},"end":{"line":52,"column":3}},"line":36},"2":{"name":"(anonymous_2)","decl":{"start":{"line":58,"column":20},"end":{"line":58,"column":21}},"loc":{"start":{"line":58,"column":45},"end":{"line":77,"column":1}},"line":58},"3":{"name":"(anonymous_3)","decl":{"start":{"line":80,"column":19},"end":{"line":80,"column":20}},"loc":{"start":{"line":80,"column":39},"end":{"line":112,"column":1}},"line":80},"4":{"name":"(anonymous_4)","decl":{"start":{"line":83,"column":13},"end":{"line":83,"column":14}},"loc":{"start":{"line":83,"column":28},"end":{"line":109,"column":3}},"line":83},"5":{"name":"(anonymous_5)","decl":{"start":{"line":115,"column":29},"end":{"line":115,"column":30}},"loc":{"start":{"line":115,"column":49},"end":{"line":133,"column":1}},"line":115},"6":{"name":"(anonymous_6)","decl":{"start":{"line":136,"column":28},"end":{"line":136,"column":29}},"loc":{"start":{"line":136,"column":106},"end":{"line":138,"column":1}},"line":136},"7":{"name":"(anonymous_7)","decl":{"start":{"line":141,"column":25},"end":{"line":141,"column":26}},"loc":{"start":{"line":141,"column":93},"end":{"line":143,"column":1}},"line":141},"8":{"name":"(anonymous_8)","decl":{"start":{"line":146,"column":29},"end":{"line":146,"column":30}},"loc":{"start":{"line":146,"column":95},"end":{"line":148,"column":1}},"line":146},"9":{"name":"(anonymous_9)","decl":{"start":{"line":151,"column":23},"end":{"line":151,"column":24}},"loc":{"start":{"line":151,"column":65},"end":{"line":153,"column":1}},"line":151}},"branchMap":{"0":{"loc":{"start":{"line":43,"column":21},"end":{"line":43,"column":58}},"type":"cond-expr","locations":[{"start":{"line":43,"column":33},"end":{"line":43,"column":47}},{"start":{"line":43,"column":50},"end":{"line":43,"column":58}}],"line":43},"1":{"loc":{"start":{"line":45,"column":22},"end":{"line":45,"column":53}},"type":"cond-expr","locations":[{"start":{"line":45,"column":32},"end":{"line":45,"column":36}},{"start":{"line":45,"column":39},"end":{"line":45,"column":53}}],"line":45},"2":{"loc":{"start":{"line":46,"column":21},"end":{"line":46,"column":105}},"type":"binary-expr","locations":[{"start":{"line":46,"column":21},"end":{"line":46,"column":39}},{"start":{"line":46,"column":43},"end":{"line":46,"column":62}},{"start":{"line":46,"column":66},"end":{"line":46,"column":92}},{"start":{"line":46,"column":96},"end":{"line":46,"column":105}}],"line":46},"3":{"loc":{"start":{"line":71,"column":8},"end":{"line":71,"column":46}},"type":"binary-expr","locations":[{"start":{"line":71,"column":8},"end":{"line":71,"column":14}},{"start":{"line":71,"column":18},"end":{"line":71,"column":46}}],"line":71},"4":{"loc":{"start":{"line":72,"column":14},"end":{"line":72,"column":68}},"type":"binary-expr","locations":[{"start":{"line":72,"column":14},"end":{"line":72,"column":32}},{"start":{"line":72,"column":36},"end":{"line":72,"column":55}},{"start":{"line":72,"column":59},"end":{"line":72,"column":68}}],"line":72},"5":{"loc":{"start":{"line":85,"column":27},"end":{"line":87,"column":53}},"type":"binary-expr","locations":[{"start":{"line":85,"column":27},"end":{"line":85,"column":53}},{"start":{"line":86,"column":26},"end":{"line":86,"column":53}},{"start":{"line":87,"column":26},"end":{"line":87,"column":53}}],"line":85},"6":{"loc":{"start":{"line":89,"column":4},"end":{"line":106,"column":5}},"type":"if","locations":[{"start":{"line":89,"column":4},"end":{"line":106,"column":5}},{"start":{},"end":{}}],"line":89},"7":{"loc":{"start":{"line":91,"column":23},"end":{"line":91,"column":77}},"type":"binary-expr","locations":[{"start":{"line":91,"column":23},"end":{"line":91,"column":41}},{"start":{"line":91,"column":45},"end":{"line":91,"column":64}},{"start":{"line":91,"column":68},"end":{"line":91,"column":77}}],"line":91},"8":{"loc":{"start":{"line":92,"column":23},"end":{"line":94,"column":70}},"type":"cond-expr","locations":[{"start":{"line":92,"column":53},"end":{"line":92,"column":60}},{"start":{"line":93,"column":22},"end":{"line":94,"column":70}}],"line":92},"9":{"loc":{"start":{"line":93,"column":22},"end":{"line":94,"column":70}},"type":"cond-expr","locations":[{"start":{"line":93,"column":52},"end":{"line":93,"column":67}},{"start":{"line":94,"column":22},"end":{"line":94,"column":70}}],"line":93},"10":{"loc":{"start":{"line":94,"column":22},"end":{"line":94,"column":70}},"type":"cond-expr","locations":[{"start":{"line":94,"column":53},"end":{"line":94,"column":61}},{"start":{"line":94,"column":64},"end":{"line":94,"column":70}}],"line":94},"11":{"loc":{"start":{"line":96,"column":20},"end":{"line":96,"column":88}},"type":"cond-expr","locations":[{"start":{"line":96,"column":30},"end":{"line":96,"column":34}},{"start":{"line":96,"column":37},"end":{"line":96,"column":88}}],"line":96},"12":{"loc":{"start":{"line":96,"column":47},"end":{"line":96,"column":87}},"type":"binary-expr","locations":[{"start":{"line":96,"column":47},"end":{"line":96,"column":60}},{"start":{"line":96,"column":64},"end":{"line":96,"column":87}}],"line":96},"13":{"loc":{"start":{"line":102,"column":8},"end":{"line":102,"column":46}},"type":"binary-expr","locations":[{"start":{"line":102,"column":8},"end":{"line":102,"column":14}},{"start":{"line":102,"column":18},"end":{"line":102,"column":46}}],"line":102},"14":{"loc":{"start":{"line":116,"column":19},"end":{"line":116,"column":90}},"type":"binary-expr","locations":[{"start":{"line":116,"column":19},"end":{"line":116,"column":37}},{"start":{"line":116,"column":41},"end":{"line":116,"column":60}},{"start":{"line":116,"column":64},"end":{"line":116,"column":90}}],"line":116},"15":{"loc":{"start":{"line":118,"column":2},"end":{"line":130,"column":3}},"type":"if","locations":[{"start":{"line":118,"column":2},"end":{"line":130,"column":3}},{"start":{},"end":{}}],"line":118},"16":{"loc":{"start":{"line":118,"column":6},"end":{"line":118,"column":40}},"type":"binary-expr","locations":[{"start":{"line":118,"column":6},"end":{"line":118,"column":14}},{"start":{"line":118,"column":18},"end":{"line":118,"column":40}}],"line":118},"17":{"loc":{"start":{"line":124,"column":10},"end":{"line":124,"column":48}},"type":"binary-expr","locations":[{"start":{"line":124,"column":10},"end":{"line":124,"column":16}},{"start":{"line":124,"column":20},"end":{"line":124,"column":48}}],"line":124},"18":{"loc":{"start":{"line":136,"column":89},"end":{"line":136,"column":101}},"type":"default-arg","locations":[{"start":{"line":136,"column":97},"end":{"line":136,"column":101}}],"line":136},"19":{"loc":{"start":{"line":141,"column":76},"end":{"line":141,"column":88}},"type":"default-arg","locations":[{"start":{"line":141,"column":84},"end":{"line":141,"column":88}}],"line":141},"20":{"loc":{"start":{"line":146,"column":78},"end":{"line":146,"column":90}},"type":"default-arg","locations":[{"start":{"line":146,"column":86},"end":{"line":146,"column":90}}],"line":146},"21":{"loc":{"start":{"line":151,"column":51},"end":{"line":151,"column":60}},"type":"default-arg","locations":[{"start":{"line":151,"column":58},"end":{"line":151,"column":60}}],"line":151}},"s":{"0":0,"1":0,"2":0,"3":0,"4":0,"5":0,"6":0,"7":0,"8":0,"9":0,"10":0,"11":0,"12":0,"13":0,"14":0,"15":0,"16":0,"17":0,"18":0,"19":0,"20":0,"21":0,"22":0,"23":0,"24":0,"25":0,"26":0,"27":0,"28":0,"29":0,"30":0,"31":0,"32":0,"33":0,"34":0,"35":0,"36":0,"37":0,"38":0,"39":0,"40":0,"41":0,"42":0,"43":0,"44":0,"45":0,"46":0},"f":{"0":0,"1":0,"2":0,"3":0,"4":0,"5":0,"6":0,"7":0,"8":0,"9":0},"b":{"0":[0,0],"1":[0,0],"2":[0,0,0,0],"3":[0,0],"4":[0,0,0],"5":[0,0,0],"6":[0,0],"7":[0,0,0],"8":[0,0],"9":[0,0],"10":[0,0],"11":[0,0],"12":[0,0],"13":[0,0],"14":[0,0,0],"15":[0,0],"16":[0,0],"17":[0,0],"18":[0],"19":[0],"20":[0],"21":[0]}}
,"C:\\Android_Server_Project\\DK-Hawkshaw\\routes\\accessibility.js": {"path":"C:\\Android_Server_Project\\DK-Hawkshaw\\routes\\accessibility.js","statementMap":{"0":{"start":{"line":1,"column":16},"end":{"line":1,"column":34}},"1":{"start":{"line":2,"column":15},"end":{"line":2,"column":35}},"2":{"start":{"line":3,"column":38},"end":{"line":3,"column":67}},"3":{"start":{"line":4,"column":64},"end":{"line":4,"column":93}},"4":{"start":{"line":5,"column":15},"end":{"line":5,"column":41}},"5":{"start":{"line":7,"column":15},"end":{"line":7,"column":31}},"6":{"start":{"line":10,"column":0},"end":{"line":56,"column":3}},"7":{"start":{"line":11,"column":2},"end":{"line":55,"column":3}},"8":{"start":{"line":12,"column":19},"end":{"line":12,"column":79}},"9":{"start":{"line":13,"column":4},"end":{"line":18,"column":5}},"10":{"start":{"line":14,"column":6},"end":{"line":17,"column":9}},"11":{"start":{"line":20,"column":75},"end":{"line":20,"column":83}},"12":{"start":{"line":22,"column":30},"end":{"line":31,"column":6}},"13":{"start":{"line":33,"column":4},"end":{"line":33,"column":86}},"14":{"start":{"line":36,"column":4},"end":{"line":42,"column":5}},"15":{"start":{"line":37,"column":6},"end":{"line":41,"column":9}},"16":{"start":{"line":44,"column":4},"end":{"line":48,"column":7}},"17":{"start":{"line":50,"column":4},"end":{"line":50,"column":65}},"18":{"start":{"line":51,"column":4},"end":{"line":54,"column":7}},"19":{"start":{"line":59,"column":0},"end":{"line":114,"column":3}},"20":{"start":{"line":60,"column":2},"end":{"line":113,"column":3}},"21":{"start":{"line":61,"column":19},"end":{"line":61,"column":79}},"22":{"start":{"line":62,"column":4},"end":{"line":67,"column":5}},"23":{"start":{"line":63,"column":6},"end":{"line":66,"column":9}},"24":{"start":{"line":69,"column":30},"end":{"line":69,"column":38}},"25":{"start":{"line":70,"column":4},"end":{"line":75,"column":5}},"26":{"start":{"line":71,"column":6},"end":{"line":74,"column":9}},"27":{"start":{"line":77,"column":29},"end":{"line":87,"column":7}},"28":{"start":{"line":77,"column":57},"end":{"line":87,"column":5}},"29":{"start":{"line":89,"column":33},"end":{"line":89,"column":85}},"30":{"start":{"line":91,"column":4},"end":{"line":91,"column":117}},"31":{"start":{"line":94,"column":4},"end":{"line":100,"column":5}},"32":{"start":{"line":95,"column":6},"end":{"line":99,"column":9}},"33":{"start":{"line":102,"column":4},"end":{"line":106,"column":7}},"34":{"start":{"line":108,"column":4},"end":{"line":108,"column":69}},"35":{"start":{"line":109,"column":4},"end":{"line":112,"column":7}},"36":{"start":{"line":117,"column":0},"end":{"line":176,"column":3}},"37":{"start":{"line":118,"column":2},"end":{"line":175,"column":3}},"38":{"start":{"line":119,"column":19},"end":{"line":119,"column":79}},"39":{"start":{"line":120,"column":4},"end":{"line":125,"column":5}},"40":{"start":{"line":121,"column":6},"end":{"line":124,"column":9}},"41":{"start":{"line":127,"column":28},"end":{"line":127,"column":36}},"42":{"start":{"line":128,"column":4},"end":{"line":133,"column":5}},"43":{"start":{"line":129,"column":6},"end":{"line":132,"column":9}},"44":{"start":{"line":135,"column":28},"end":{"line":149,"column":7}},"45":{"start":{"line":135,"column":53},"end":{"line":149,"column":5}},"46":{"start":{"line":151,"column":24},"end":{"line":151,"column":75}},"47":{"start":{"line":153,"column":4},"end":{"line":153,"column":119}},"48":{"start":{"line":156,"column":4},"end":{"line":162,"column":5}},"49":{"start":{"line":157,"column":6},"end":{"line":161,"column":9}},"50":{"start":{"line":164,"column":4},"end":{"line":168,"column":7}},"51":{"start":{"line":170,"column":4},"end":{"line":170,"column":68}},"52":{"start":{"line":171,"column":4},"end":{"line":174,"column":7}},"53":{"start":{"line":179,"column":0},"end":{"line":223,"column":3}},"54":{"start":{"line":180,"column":2},"end":{"line":222,"column":3}},"55":{"start":{"line":181,"column":54},"end":{"line":181,"column":62}},"56":{"start":{"line":183,"column":19},"end":{"line":183,"column":51}},"57":{"start":{"line":184,"column":4},"end":{"line":189,"column":5}},"58":{"start":{"line":185,"column":6},"end":{"line":188,"column":9}},"59":{"start":{"line":191,"column":20},"end":{"line":191,"column":57}},"60":{"start":{"line":192,"column":20},"end":{"line":202,"column":6}},"61":{"start":{"line":205,"column":4},"end":{"line":209,"column":5}},"62":{"start":{"line":206,"column":6},"end":{"line":208,"column":9}},"63":{"start":{"line":211,"column":4},"end":{"line":215,"column":7}},"64":{"start":{"line":217,"column":4},"end":{"line":217,"column":56}},"65":{"start":{"line":218,"column":4},"end":{"line":221,"column":7}},"66":{"start":{"line":226,"column":0},"end":{"line":269,"column":3}},"67":{"start":{"line":227,"column":2},"end":{"line":268,"column":3}},"68":{"start":{"line":228,"column":40},"end":{"line":228,"column":48}},"69":{"start":{"line":230,"column":19},"end":{"line":230,"column":51}},"70":{"start":{"line":231,"column":4},"end":{"line":236,"column":5}},"71":{"start":{"line":232,"column":6},"end":{"line":235,"column":9}},"72":{"start":{"line":238,"column":20},"end":{"line":238,"column":57}},"73":{"start":{"line":239,"column":20},"end":{"line":248,"column":6}},"74":{"start":{"line":251,"column":4},"end":{"line":255,"column":5}},"75":{"start":{"line":252,"column":6},"end":{"line":254,"column":9}},"76":{"start":{"line":257,"column":4},"end":{"line":261,"column":7}},"77":{"start":{"line":263,"column":4},"end":{"line":263,"column":60}},"78":{"start":{"line":264,"column":4},"end":{"line":267,"column":7}},"79":{"start":{"line":272,"column":0},"end":{"line":331,"column":3}},"80":{"start":{"line":273,"column":2},"end":{"line":330,"column":3}},"81":{"start":{"line":274,"column":86},"end":{"line":274,"column":95}},"82":{"start":{"line":275,"column":19},"end":{"line":275,"column":37}},"83":{"start":{"line":277,"column":19},"end":{"line":277,"column":61}},"84":{"start":{"line":278,"column":4},"end":{"line":283,"column":5}},"85":{"start":{"line":279,"column":6},"end":{"line":282,"column":9}},"86":{"start":{"line":285,"column":24},"end":{"line":285,"column":67}},"87":{"start":{"line":287,"column":4},"end":{"line":289,"column":5}},"88":{"start":{"line":288,"column":6},"end":{"line":288,"column":40}},"89":{"start":{"line":291,"column":4},"end":{"line":293,"column":5}},"90":{"start":{"line":292,"column":6},"end":{"line":292,"column":44}},"91":{"start":{"line":295,"column":4},"end":{"line":297,"column":5}},"92":{"start":{"line":296,"column":6},"end":{"line":296,"column":57}},"93":{"start":{"line":299,"column":4},"end":{"line":303,"column":5}},"94":{"start":{"line":300,"column":6},"end":{"line":300,"column":33}},"95":{"start":{"line":301,"column":6},"end":{"line":301,"column":63}},"96":{"start":{"line":301,"column":16},"end":{"line":301,"column":63}},"97":{"start":{"line":302,"column":6},"end":{"line":302,"column":59}},"98":{"start":{"line":302,"column":14},"end":{"line":302,"column":59}},"99":{"start":{"line":305,"column":34},"end":{"line":310,"column":6}},"100":{"start":{"line":312,"column":4},"end":{"line":323,"column":7}},"101":{"start":{"line":325,"column":4},"end":{"line":325,"column":57}},"102":{"start":{"line":326,"column":4},"end":{"line":329,"column":7}},"103":{"start":{"line":334,"column":0},"end":{"line":389,"column":3}},"104":{"start":{"line":335,"column":2},"end":{"line":388,"column":3}},"105":{"start":{"line":336,"column":19},"end":{"line":336,"column":61}},"106":{"start":{"line":337,"column":4},"end":{"line":342,"column":5}},"107":{"start":{"line":338,"column":6},"end":{"line":341,"column":9}},"108":{"start":{"line":344,"column":25},"end":{"line":346,"column":6}},"109":{"start":{"line":348,"column":26},"end":{"line":355,"column":6}},"110":{"start":{"line":357,"column":21},"end":{"line":367,"column":6}},"111":{"start":{"line":369,"column":27},"end":{"line":371,"column":6}},"112":{"start":{"line":373,"column":4},"end":{"line":381,"column":7}},"113":{"start":{"line":383,"column":4},"end":{"line":383,"column":58}},"114":{"start":{"line":384,"column":4},"end":{"line":387,"column":7}},"115":{"start":{"line":391,"column":0},"end":{"line":391,"column":24}}},"fnMap":{"0":{"name":"(anonymous_0)","decl":{"start":{"line":10,"column":46},"end":{"line":10,"column":47}},"loc":{"start":{"line":10,"column":66},"end":{"line":56,"column":1}},"line":10},"1":{"name":"(anonymous_1)","decl":{"start":{"line":59,"column":50},"end":{"line":59,"column":51}},"loc":{"start":{"line":59,"column":70},"end":{"line":114,"column":1}},"line":59},"2":{"name":"(anonymous_2)","decl":{"start":{"line":77,"column":47},"end":{"line":77,"column":48}},"loc":{"start":{"line":77,"column":57},"end":{"line":87,"column":5}},"line":77},"3":{"name":"(anonymous_3)","decl":{"start":{"line":117,"column":49},"end":{"line":117,"column":50}},"loc":{"start":{"line":117,"column":69},"end":{"line":176,"column":1}},"line":117},"4":{"name":"(anonymous_4)","decl":{"start":{"line":135,"column":44},"end":{"line":135,"column":45}},"loc":{"start":{"line":135,"column":53},"end":{"line":149,"column":5}},"line":135},"5":{"name":"(anonymous_5)","decl":{"start":{"line":179,"column":57},"end":{"line":179,"column":58}},"loc":{"start":{"line":179,"column":77},"end":{"line":223,"column":1}},"line":179},"6":{"name":"(anonymous_6)","decl":{"start":{"line":226,"column":67},"end":{"line":226,"column":68}},"loc":{"start":{"line":226,"column":87},"end":{"line":269,"column":1}},"line":226},"7":{"name":"(anonymous_7)","decl":{"start":{"line":272,"column":70},"end":{"line":272,"column":71}},"loc":{"start":{"line":272,"column":90},"end":{"line":331,"column":1}},"line":272},"8":{"name":"(anonymous_8)","decl":{"start":{"line":334,"column":71},"end":{"line":334,"column":72}},"loc":{"start":{"line":334,"column":91},"end":{"line":389,"column":1}},"line":334}},"branchMap":{"0":{"loc":{"start":{"line":13,"column":4},"end":{"line":18,"column":5}},"type":"if","locations":[{"start":{"line":13,"column":4},"end":{"line":18,"column":5}},{"start":{},"end":{}}],"line":13},"1":{"loc":{"start":{"line":29,"column":17},"end":{"line":29,"column":61}},"type":"cond-expr","locations":[{"start":{"line":29,"column":29},"end":{"line":29,"column":48}},{"start":{"line":29,"column":51},"end":{"line":29,"column":61}}],"line":29},"2":{"loc":{"start":{"line":36,"column":4},"end":{"line":42,"column":5}},"type":"if","locations":[{"start":{"line":36,"column":4},"end":{"line":42,"column":5}},{"start":{},"end":{}}],"line":36},"3":{"loc":{"start":{"line":62,"column":4},"end":{"line":67,"column":5}},"type":"if","locations":[{"start":{"line":62,"column":4},"end":{"line":67,"column":5}},{"start":{},"end":{}}],"line":62},"4":{"loc":{"start":{"line":70,"column":4},"end":{"line":75,"column":5}},"type":"if","locations":[{"start":{"line":70,"column":4},"end":{"line":75,"column":5}},{"start":{},"end":{}}],"line":70},"5":{"loc":{"start":{"line":70,"column":8},"end":{"line":70,"column":67}},"type":"binary-expr","locations":[{"start":{"line":70,"column":8},"end":{"line":70,"column":37}},{"start":{"line":70,"column":41},"end":{"line":70,"column":67}}],"line":70},"6":{"loc":{"start":{"line":85,"column":17},"end":{"line":85,"column":73}},"type":"cond-expr","locations":[{"start":{"line":85,"column":35},"end":{"line":85,"column":60}},{"start":{"line":85,"column":63},"end":{"line":85,"column":73}}],"line":85},"7":{"loc":{"start":{"line":94,"column":4},"end":{"line":100,"column":5}},"type":"if","locations":[{"start":{"line":94,"column":4},"end":{"line":100,"column":5}},{"start":{},"end":{}}],"line":94},"8":{"loc":{"start":{"line":120,"column":4},"end":{"line":125,"column":5}},"type":"if","locations":[{"start":{"line":120,"column":4},"end":{"line":125,"column":5}},{"start":{},"end":{}}],"line":120},"9":{"loc":{"start":{"line":128,"column":4},"end":{"line":133,"column":5}},"type":"if","locations":[{"start":{"line":128,"column":4},"end":{"line":133,"column":5}},{"start":{},"end":{}}],"line":128},"10":{"loc":{"start":{"line":128,"column":8},"end":{"line":128,"column":63}},"type":"binary-expr","locations":[{"start":{"line":128,"column":8},"end":{"line":128,"column":35}},{"start":{"line":128,"column":39},"end":{"line":128,"column":63}}],"line":128},"11":{"loc":{"start":{"line":146,"column":17},"end":{"line":146,"column":71}},"type":"cond-expr","locations":[{"start":{"line":146,"column":34},"end":{"line":146,"column":58}},{"start":{"line":146,"column":61},"end":{"line":146,"column":71}}],"line":146},"12":{"loc":{"start":{"line":156,"column":4},"end":{"line":162,"column":5}},"type":"if","locations":[{"start":{"line":156,"column":4},"end":{"line":162,"column":5}},{"start":{},"end":{}}],"line":156},"13":{"loc":{"start":{"line":184,"column":4},"end":{"line":189,"column":5}},"type":"if","locations":[{"start":{"line":184,"column":4},"end":{"line":189,"column":5}},{"start":{},"end":{}}],"line":184},"14":{"loc":{"start":{"line":205,"column":4},"end":{"line":209,"column":5}},"type":"if","locations":[{"start":{"line":205,"column":4},"end":{"line":209,"column":5}},{"start":{},"end":{}}],"line":205},"15":{"loc":{"start":{"line":231,"column":4},"end":{"line":236,"column":5}},"type":"if","locations":[{"start":{"line":231,"column":4},"end":{"line":236,"column":5}},{"start":{},"end":{}}],"line":231},"16":{"loc":{"start":{"line":243,"column":22},"end":{"line":243,"column":40}},"type":"binary-expr","locations":[{"start":{"line":243,"column":22},"end":{"line":243,"column":34}},{"start":{"line":243,"column":38},"end":{"line":243,"column":40}}],"line":243},"17":{"loc":{"start":{"line":251,"column":4},"end":{"line":255,"column":5}},"type":"if","locations":[{"start":{"line":251,"column":4},"end":{"line":255,"column":5}},{"start":{},"end":{}}],"line":251},"18":{"loc":{"start":{"line":274,"column":12},"end":{"line":274,"column":20}},"type":"default-arg","locations":[{"start":{"line":274,"column":19},"end":{"line":274,"column":20}}],"line":274},"19":{"loc":{"start":{"line":274,"column":22},"end":{"line":274,"column":33}},"type":"default-arg","locations":[{"start":{"line":274,"column":30},"end":{"line":274,"column":33}}],"line":274},"20":{"loc":{"start":{"line":278,"column":4},"end":{"line":283,"column":5}},"type":"if","locations":[{"start":{"line":278,"column":4},"end":{"line":283,"column":5}},{"start":{},"end":{}}],"line":278},"21":{"loc":{"start":{"line":287,"column":4},"end":{"line":289,"column":5}},"type":"if","locations":[{"start":{"line":287,"column":4},"end":{"line":289,"column":5}},{"start":{},"end":{}}],"line":287},"22":{"loc":{"start":{"line":291,"column":4},"end":{"line":293,"column":5}},"type":"if","locations":[{"start":{"line":291,"column":4},"end":{"line":293,"column":5}},{"start":{},"end":{}}],"line":291},"23":{"loc":{"start":{"line":295,"column":4},"end":{"line":297,"column":5}},"type":"if","locations":[{"start":{"line":295,"column":4},"end":{"line":297,"column":5}},{"start":{},"end":{}}],"line":295},"24":{"loc":{"start":{"line":299,"column":4},"end":{"line":303,"column":5}},"type":"if","locations":[{"start":{"line":299,"column":4},"end":{"line":303,"column":5}},{"start":{},"end":{}}],"line":299},"25":{"loc":{"start":{"line":299,"column":8},"end":{"line":299,"column":18}},"type":"binary-expr","locations":[{"start":{"line":299,"column":8},"end":{"line":299,"column":12}},{"start":{"line":299,"column":16},"end":{"line":299,"column":18}}],"line":299},"26":{"loc":{"start":{"line":301,"column":6},"end":{"line":301,"column":63}},"type":"if","locations":[{"start":{"line":301,"column":6},"end":{"line":301,"column":63}},{"start":{},"end":{}}],"line":301},"27":{"loc":{"start":{"line":302,"column":6},"end":{"line":302,"column":59}},"type":"if","locations":[{"start":{"line":302,"column":6},"end":{"line":302,"column":59}},{"start":{},"end":{}}],"line":302},"28":{"loc":{"start":{"line":337,"column":4},"end":{"line":342,"column":5}},"type":"if","locations":[{"start":{"line":337,"column":4},"end":{"line":342,"column":5}},{"start":{},"end":{}}],"line":337}},"s":{"0":0,"1":0,"2":0,"3":0,"4":0,"5":0,"6":0,"7":0,"8":0,"9":0,"10":0,"11":0,"12":0,"13":0,"14":0,"15":0,"16":0,"17":0,"18":0,"19":0,"20":0,"21":0,"22":0,"23":0,"24":0,"25":0,"26":0,"27":0,"28":0,"29":0,"30":0,"31":0,"32":0,"33":0,"34":0,"35":0,"36":0,"37":0,"38":0,"39":0,"40":0,"41":0,"42":0,"43":0,"44":0,"45":0,"46":0,"47":0,"48":0,"49":0,"50":0,"51":0,"52":0,"53":0,"54":0,"55":0,"56":0,"57":0,"58":0,"59":0,"60":0,"61":0,"62":0,"63":0,"64":0,"65":0,"66":0,"67":0,"68":0,"69":0,"70":0,"71":0,"72":0,"73":0,"74":0,"75":0,"76":0,"77":0,"78":0,"79":0,"80":0,"81":0,"82":0,"83":0,"84":0,"85":0,"86":0,"87":0,"88":0,"89":0,"90":0,"91":0,"92":0,"93":0,"94":0,"95":0,"96":0,"97":0,"98":0,"99":0,"100":0,"101":0,"102":0,"103":0,"104":0,"105":0,"106":0,"107":0,"108":0,"109":0,"110":0,"111":0,"112":0,"113":0,"114":0,"115":0},"f":{"0":0,"1":0,"2":0,"3":0,"4":0,"5":0,"6":0,"7":0,"8":0},"b":{"0":[0,0],"1":[0,0],"2":[0,0],"3":[0,0],"4":[0,0],"5":[0,0],"6":[0,0],"7":[0,0],"8":[0,0],"9":[0,0],"10":[0,0],"11":[0,0],"12":[0,0],"13":[0,0],"14":[0,0],"15":[0,0],"16":[0,0],"17":[0,0],"18":[0],"19":[0],"20":[0,0],"21":[0,0],"22":[0,0],"23":[0,0],"24":[0,0],"25":[0,0],"26":[0,0],"27":[0,0],"28":[0,0]}}
,"C:\\Android_Server_Project\\DK-Hawkshaw\\routes\\admin.js": {"path":"C:\\Android_Server_Project\\DK-Hawkshaw\\routes\\admin.js","statementMap":{"0":{"start":{"line":1,"column":16},"end":{"line":1,"column":34}},"1":{"start":{"line":2,"column":15},"end":{"line":2,"column":35}},"2":{"start":{"line":3,"column":34},"end":{"line":3,"column":63}},"3":{"start":{"line":4,"column":44},"end":{"line":4,"column":73}},"4":{"start":{"line":5,"column":15},"end":{"line":5,"column":41}},"5":{"start":{"line":7,"column":15},"end":{"line":7,"column":31}},"6":{"start":{"line":10,"column":0},"end":{"line":61,"column":3}},"7":{"start":{"line":11,"column":2},"end":{"line":60,"column":3}},"8":{"start":{"line":18,"column":8},"end":{"line":18,"column":16}},"9":{"start":{"line":20,"column":19},"end":{"line":20,"column":51}},"10":{"start":{"line":21,"column":4},"end":{"line":26,"column":5}},"11":{"start":{"line":22,"column":6},"end":{"line":25,"column":9}},"12":{"start":{"line":28,"column":22},"end":{"line":28,"column":32}},"13":{"start":{"line":29,"column":4},"end":{"line":29,"column":70}},"14":{"start":{"line":31,"column":20},"end":{"line":38,"column":6}},"15":{"start":{"line":40,"column":4},"end":{"line":40,"column":86}},"16":{"start":{"line":43,"column":4},"end":{"line":47,"column":5}},"17":{"start":{"line":44,"column":6},"end":{"line":46,"column":9}},"18":{"start":{"line":49,"column":4},"end":{"line":53,"column":7}},"19":{"start":{"line":55,"column":4},"end":{"line":55,"column":47}},"20":{"start":{"line":56,"column":4},"end":{"line":59,"column":7}},"21":{"start":{"line":64,"column":0},"end":{"line":113,"column":3}},"22":{"start":{"line":65,"column":2},"end":{"line":112,"column":3}},"23":{"start":{"line":66,"column":21},"end":{"line":66,"column":47}},"24":{"start":{"line":67,"column":4},"end":{"line":72,"column":5}},"25":{"start":{"line":68,"column":6},"end":{"line":71,"column":9}},"26":{"start":{"line":74,"column":19},"end":{"line":74,"column":75}},"27":{"start":{"line":75,"column":4},"end":{"line":80,"column":5}},"28":{"start":{"line":76,"column":6},"end":{"line":79,"column":9}},"29":{"start":{"line":82,"column":21},"end":{"line":89,"column":6}},"30":{"start":{"line":92,"column":4},"end":{"line":100,"column":6}},"31":{"start":{"line":96,"column":45},"end":{"line":96,"column":51}},"32":{"start":{"line":102,"column":4},"end":{"line":105,"column":7}},"33":{"start":{"line":107,"column":4},"end":{"line":107,"column":55}},"34":{"start":{"line":108,"column":4},"end":{"line":111,"column":7}},"35":{"start":{"line":116,"column":0},"end":{"line":166,"column":3}},"36":{"start":{"line":117,"column":2},"end":{"line":165,"column":3}},"37":{"start":{"line":118,"column":53},"end":{"line":118,"column":61}},"38":{"start":{"line":119,"column":21},"end":{"line":119,"column":47}},"39":{"start":{"line":121,"column":20},"end":{"line":121,"column":64}},"40":{"start":{"line":122,"column":4},"end":{"line":127,"column":5}},"41":{"start":{"line":123,"column":6},"end":{"line":126,"column":9}},"42":{"start":{"line":129,"column":20},"end":{"line":129,"column":30}},"43":{"start":{"line":131,"column":4},"end":{"line":138,"column":5}},"44":{"start":{"line":132,"column":6},"end":{"line":132,"column":43}},"45":{"start":{"line":133,"column":11},"end":{"line":138,"column":5}},"46":{"start":{"line":134,"column":6},"end":{"line":134,"column":40}},"47":{"start":{"line":135,"column":6},"end":{"line":135,"column":44}},"48":{"start":{"line":136,"column":11},"end":{"line":138,"column":5}},"49":{"start":{"line":137,"column":6},"end":{"line":137,"column":44}},"50":{"start":{"line":140,"column":4},"end":{"line":140,"column":34}},"51":{"start":{"line":142,"column":4},"end":{"line":142,"column":76}},"52":{"start":{"line":145,"column":4},"end":{"line":153,"column":5}},"53":{"start":{"line":146,"column":6},"end":{"line":152,"column":9}},"54":{"start":{"line":155,"column":4},"end":{"line":158,"column":7}},"55":{"start":{"line":160,"column":4},"end":{"line":160,"column":56}},"56":{"start":{"line":161,"column":4},"end":{"line":164,"column":7}},"57":{"start":{"line":169,"column":0},"end":{"line":207,"column":3}},"58":{"start":{"line":170,"column":2},"end":{"line":206,"column":3}},"59":{"start":{"line":171,"column":25},"end":{"line":171,"column":45}},"60":{"start":{"line":172,"column":26},"end":{"line":172,"column":77}},"61":{"start":{"line":173,"column":27},"end":{"line":173,"column":79}},"62":{"start":{"line":175,"column":26},"end":{"line":179,"column":6}},"63":{"start":{"line":181,"column":28},"end":{"line":186,"column":6}},"64":{"start":{"line":188,"column":4},"end":{"line":199,"column":7}},"65":{"start":{"line":201,"column":4},"end":{"line":201,"column":50}},"66":{"start":{"line":202,"column":4},"end":{"line":205,"column":7}},"67":{"start":{"line":210,"column":0},"end":{"line":256,"column":3}},"68":{"start":{"line":211,"column":2},"end":{"line":255,"column":3}},"69":{"start":{"line":212,"column":58},"end":{"line":212,"column":66}},"70":{"start":{"line":215,"column":25},"end":{"line":219,"column":6}},"71":{"start":{"line":221,"column":4},"end":{"line":226,"column":5}},"72":{"start":{"line":222,"column":6},"end":{"line":225,"column":9}},"73":{"start":{"line":228,"column":17},"end":{"line":233,"column":6}},"74":{"start":{"line":235,"column":4},"end":{"line":235,"column":48}},"75":{"start":{"line":237,"column":4},"end":{"line":248,"column":7}},"76":{"start":{"line":250,"column":4},"end":{"line":250,"column":52}},"77":{"start":{"line":251,"column":4},"end":{"line":254,"column":7}},"78":{"start":{"line":259,"column":0},"end":{"line":297,"column":3}},"79":{"start":{"line":260,"column":2},"end":{"line":296,"column":3}},"80":{"start":{"line":261,"column":28},"end":{"line":261,"column":37}},"81":{"start":{"line":262,"column":15},"end":{"line":262,"column":28}},"82":{"start":{"line":263,"column":17},"end":{"line":263,"column":32}},"83":{"start":{"line":265,"column":20},"end":{"line":265,"column":53}},"84":{"start":{"line":267,"column":4},"end":{"line":272,"column":5}},"85":{"start":{"line":268,"column":6},"end":{"line":271,"column":9}},"86":{"start":{"line":274,"column":17},"end":{"line":284,"column":8}},"87":{"start":{"line":276,"column":22},"end":{"line":276,"column":33}},"88":{"start":{"line":279,"column":8},"end":{"line":283,"column":9}},"89":{"start":{"line":280,"column":10},"end":{"line":280,"column":34}},"90":{"start":{"line":282,"column":10},"end":{"line":282,"column":72}},"91":{"start":{"line":286,"column":4},"end":{"line":289,"column":7}},"92":{"start":{"line":291,"column":4},"end":{"line":291,"column":43}},"93":{"start":{"line":292,"column":4},"end":{"line":295,"column":7}},"94":{"start":{"line":299,"column":0},"end":{"line":299,"column":24}}},"fnMap":{"0":{"name":"(anonymous_0)","decl":{"start":{"line":10,"column":57},"end":{"line":10,"column":58}},"loc":{"start":{"line":10,"column":77},"end":{"line":61,"column":1}},"line":10},"1":{"name":"(anonymous_1)","decl":{"start":{"line":64,"column":32},"end":{"line":64,"column":33}},"loc":{"start":{"line":64,"column":52},"end":{"line":113,"column":1}},"line":64},"2":{"name":"(anonymous_2)","decl":{"start":{"line":96,"column":38},"end":{"line":96,"column":39}},"loc":{"start":{"line":96,"column":45},"end":{"line":96,"column":51}},"line":96},"3":{"name":"(anonymous_3)","decl":{"start":{"line":116,"column":43},"end":{"line":116,"column":44}},"loc":{"start":{"line":116,"column":63},"end":{"line":166,"column":1}},"line":116},"4":{"name":"(anonymous_4)","decl":{"start":{"line":169,"column":54},"end":{"line":169,"column":55}},"loc":{"start":{"line":169,"column":74},"end":{"line":207,"column":1}},"line":169},"5":{"name":"(anonymous_5)","decl":{"start":{"line":210,"column":55},"end":{"line":210,"column":56}},"loc":{"start":{"line":210,"column":75},"end":{"line":256,"column":1}},"line":210},"6":{"name":"(anonymous_6)","decl":{"start":{"line":259,"column":53},"end":{"line":259,"column":54}},"loc":{"start":{"line":259,"column":73},"end":{"line":297,"column":1}},"line":259},"7":{"name":"(anonymous_7)","decl":{"start":{"line":276,"column":14},"end":{"line":276,"column":15}},"loc":{"start":{"line":276,"column":22},"end":{"line":276,"column":33}},"line":276},"8":{"name":"(anonymous_8)","decl":{"start":{"line":278,"column":11},"end":{"line":278,"column":12}},"loc":{"start":{"line":278,"column":19},"end":{"line":284,"column":7}},"line":278}},"branchMap":{"0":{"loc":{"start":{"line":16,"column":6},"end":{"line":16,"column":25}},"type":"default-arg","locations":[{"start":{"line":16,"column":17},"end":{"line":16,"column":25}}],"line":16},"1":{"loc":{"start":{"line":17,"column":6},"end":{"line":17,"column":29}},"type":"default-arg","locations":[{"start":{"line":17,"column":27},"end":{"line":17,"column":29}}],"line":17},"2":{"loc":{"start":{"line":21,"column":4},"end":{"line":26,"column":5}},"type":"if","locations":[{"start":{"line":21,"column":4},"end":{"line":26,"column":5}},{"start":{},"end":{}}],"line":21},"3":{"loc":{"start":{"line":43,"column":4},"end":{"line":47,"column":5}},"type":"if","locations":[{"start":{"line":43,"column":4},"end":{"line":47,"column":5}},{"start":{},"end":{}}],"line":43},"4":{"loc":{"start":{"line":67,"column":4},"end":{"line":72,"column":5}},"type":"if","locations":[{"start":{"line":67,"column":4},"end":{"line":72,"column":5}},{"start":{},"end":{}}],"line":67},"5":{"loc":{"start":{"line":75,"column":4},"end":{"line":80,"column":5}},"type":"if","locations":[{"start":{"line":75,"column":4},"end":{"line":80,"column":5}},{"start":{},"end":{}}],"line":75},"6":{"loc":{"start":{"line":122,"column":4},"end":{"line":127,"column":5}},"type":"if","locations":[{"start":{"line":122,"column":4},"end":{"line":127,"column":5}},{"start":{},"end":{}}],"line":122},"7":{"loc":{"start":{"line":131,"column":4},"end":{"line":138,"column":5}},"type":"if","locations":[{"start":{"line":131,"column":4},"end":{"line":138,"column":5}},{"start":{"line":133,"column":11},"end":{"line":138,"column":5}}],"line":131},"8":{"loc":{"start":{"line":133,"column":11},"end":{"line":138,"column":5}},"type":"if","locations":[{"start":{"line":133,"column":11},"end":{"line":138,"column":5}},{"start":{"line":136,"column":11},"end":{"line":138,"column":5}}],"line":133},"9":{"loc":{"start":{"line":136,"column":11},"end":{"line":138,"column":5}},"type":"if","locations":[{"start":{"line":136,"column":11},"end":{"line":138,"column":5}},{"start":{},"end":{}}],"line":136},"10":{"loc":{"start":{"line":145,"column":4},"end":{"line":153,"column":5}},"type":"if","locations":[{"start":{"line":145,"column":4},"end":{"line":153,"column":5}},{"start":{},"end":{}}],"line":145},"11":{"loc":{"start":{"line":212,"column":39},"end":{"line":212,"column":53}},"type":"default-arg","locations":[{"start":{"line":212,"column":46},"end":{"line":212,"column":53}}],"line":212},"12":{"loc":{"start":{"line":221,"column":4},"end":{"line":226,"column":5}},"type":"if","locations":[{"start":{"line":221,"column":4},"end":{"line":226,"column":5}},{"start":{},"end":{}}],"line":221},"13":{"loc":{"start":{"line":261,"column":12},"end":{"line":261,"column":23}},"type":"default-arg","locations":[{"start":{"line":261,"column":20},"end":{"line":261,"column":23}}],"line":261},"14":{"loc":{"start":{"line":267,"column":4},"end":{"line":272,"column":5}},"type":"if","locations":[{"start":{"line":267,"column":4},"end":{"line":272,"column":5}},{"start":{},"end":{}}],"line":267}},"s":{"0":0,"1":0,"2":0,"3":0,"4":0,"5":0,"6":0,"7":0,"8":0,"9":0,"10":0,"11":0,"12":0,"13":0,"14":0,"15":0,"16":0,"17":0,"18":0,"19":0,"20":0,"21":0,"22":0,"23":0,"24":0,"25":0,"26":0,"27":0,"28":0,"29":0,"30":0,"31":0,"32":0,"33":0,"34":0,"35":0,"36":0,"37":0,"38":0,"39":0,"40":0,"41":0,"42":0,"43":0,"44":0,"45":0,"46":0,"47":0,"48":0,"49":0,"50":0,"51":0,"52":0,"53":0,"54":0,"55":0,"56":0,"57":0,"58":0,"59":0,"60":0,"61":0,"62":0,"63":0,"64":0,"65":0,"66":0,"67":0,"68":0,"69":0,"70":0,"71":0,"72":0,"73":0,"74":0,"75":0,"76":0,"77":0,"78":0,"79":0,"80":0,"81":0,"82":0,"83":0,"84":0,"85":0,"86":0,"87":0,"88":0,"89":0,"90":0,"91":0,"92":0,"93":0,"94":0},"f":{"0":0,"1":0,"2":0,"3":0,"4":0,"5":0,"6":0,"7":0,"8":0},"b":{"0":[0],"1":[0],"2":[0,0],"3":[0,0],"4":[0,0],"5":[0,0],"6":[0,0],"7":[0,0],"8":[0,0],"9":[0,0],"10":[0,0],"11":[0],"12":[0,0],"13":[0],"14":[0,0]}}
,"C:\\Android_Server_Project\\DK-Hawkshaw\\routes\\appUpdate.v2.js": {"path":"C:\\Android_Server_Project\\DK-Hawkshaw\\routes\\appUpdate.v2.js","statementMap":{"0":{"start":{"line":1,"column":16},"end":{"line":1,"column":34}},"1":{"start":{"line":2,"column":15},"end":{"line":2,"column":31}},"2":{"start":{"line":3,"column":15},"end":{"line":3,"column":32}},"3":{"start":{"line":4,"column":13},"end":{"line":4,"column":28}},"4":{"start":{"line":5,"column":11},"end":{"line":5,"column":30}},"5":{"start":{"line":6,"column":23},"end":{"line":6,"column":38}},"6":{"start":{"line":7,"column":26},"end":{"line":7,"column":46}},"7":{"start":{"line":8,"column":43},"end":{"line":8,"column":71}},"8":{"start":{"line":9,"column":47},"end":{"line":9,"column":76}},"9":{"start":{"line":10,"column":44},"end":{"line":10,"column":73}},"10":{"start":{"line":11,"column":46},"end":{"line":11,"column":75}},"11":{"start":{"line":12,"column":18},"end":{"line":12,"column":48}},"12":{"start":{"line":13,"column":15},"end":{"line":13,"column":41}},"13":{"start":{"line":14,"column":31},"end":{"line":14,"column":72}},"14":{"start":{"line":17,"column":16},"end":{"line":31,"column":2}},"15":{"start":{"line":19,"column":26},"end":{"line":19,"column":72}},"16":{"start":{"line":20,"column":8},"end":{"line":20,"column":36}},"17":{"start":{"line":21,"column":8},"end":{"line":21,"column":28}},"18":{"start":{"line":24,"column":28},"end":{"line":24,"column":62}},"19":{"start":{"line":25,"column":28},"end":{"line":25,"column":82}},"20":{"start":{"line":26,"column":24},"end":{"line":26,"column":52}},"21":{"start":{"line":27,"column":26},"end":{"line":27,"column":36}},"22":{"start":{"line":28,"column":25},"end":{"line":28,"column":88}},"23":{"start":{"line":29,"column":8},"end":{"line":29,"column":27}},"24":{"start":{"line":33,"column":15},"end":{"line":60,"column":16}},"25":{"start":{"line":41,"column":8},"end":{"line":58,"column":9}},"26":{"start":{"line":43,"column":12},"end":{"line":45,"column":13}},"27":{"start":{"line":44,"column":16},"end":{"line":44,"column":68}},"28":{"start":{"line":48,"column":26},"end":{"line":49,"column":73}},"29":{"start":{"line":51,"column":12},"end":{"line":53,"column":13}},"30":{"start":{"line":52,"column":16},"end":{"line":52,"column":57}},"31":{"start":{"line":55,"column":12},"end":{"line":55,"column":27}},"32":{"start":{"line":57,"column":12},"end":{"line":57,"column":22}},"33":{"start":{"line":63,"column":26},"end":{"line":72,"column":1}},"34":{"start":{"line":64,"column":4},"end":{"line":71,"column":7}},"35":{"start":{"line":65,"column":21},"end":{"line":65,"column":59}},"36":{"start":{"line":66,"column":23},"end":{"line":66,"column":63}},"37":{"start":{"line":68,"column":8},"end":{"line":68,"column":53}},"38":{"start":{"line":68,"column":34},"end":{"line":68,"column":51}},"39":{"start":{"line":69,"column":8},"end":{"line":69,"column":60}},"40":{"start":{"line":69,"column":31},"end":{"line":69,"column":58}},"41":{"start":{"line":70,"column":8},"end":{"line":70,"column":35}},"42":{"start":{"line":75,"column":23},"end":{"line":84,"column":1}},"43":{"start":{"line":76,"column":4},"end":{"line":83,"column":5}},"44":{"start":{"line":77,"column":8},"end":{"line":77,"column":28}},"45":{"start":{"line":77,"column":18},"end":{"line":77,"column":28}},"46":{"start":{"line":78,"column":8},"end":{"line":78,"column":43}},"47":{"start":{"line":78,"column":32},"end":{"line":78,"column":43}},"48":{"start":{"line":79,"column":23},"end":{"line":79,"column":38}},"49":{"start":{"line":80,"column":8},"end":{"line":80,"column":51}},"50":{"start":{"line":82,"column":8},"end":{"line":82,"column":18}},"51":{"start":{"line":171,"column":0},"end":{"line":347,"column":2}},"52":{"start":{"line":175,"column":8},"end":{"line":188,"column":11}},"53":{"start":{"line":176,"column":12},"end":{"line":186,"column":13}},"54":{"start":{"line":177,"column":16},"end":{"line":180,"column":19}},"55":{"start":{"line":181,"column":19},"end":{"line":186,"column":13}},"56":{"start":{"line":182,"column":16},"end":{"line":185,"column":19}},"57":{"start":{"line":187,"column":12},"end":{"line":187,"column":19}},"58":{"start":{"line":200,"column":28},"end":{"line":200,"column":67}},"59":{"start":{"line":202,"column":8},"end":{"line":345,"column":9}},"60":{"start":{"line":204,"column":27},"end":{"line":204,"column":48}},"61":{"start":{"line":205,"column":12},"end":{"line":212,"column":13}},"62":{"start":{"line":206,"column":16},"end":{"line":206,"column":82}},"63":{"start":{"line":206,"column":30},"end":{"line":206,"column":82}},"64":{"start":{"line":207,"column":16},"end":{"line":207,"column":45}},"65":{"start":{"line":208,"column":16},"end":{"line":211,"column":19}},"66":{"start":{"line":214,"column":12},"end":{"line":220,"column":13}},"67":{"start":{"line":215,"column":16},"end":{"line":215,"column":45}},"68":{"start":{"line":216,"column":16},"end":{"line":219,"column":19}},"69":{"start":{"line":240,"column":16},"end":{"line":240,"column":24}},"70":{"start":{"line":243,"column":36},"end":{"line":249,"column":14}},"71":{"start":{"line":251,"column":12},"end":{"line":258,"column":13}},"72":{"start":{"line":252,"column":16},"end":{"line":252,"column":68}},"73":{"start":{"line":253,"column":16},"end":{"line":253,"column":45}},"74":{"start":{"line":254,"column":16},"end":{"line":257,"column":19}},"75":{"start":{"line":261,"column":29},"end":{"line":261,"column":67}},"76":{"start":{"line":264,"column":31},"end":{"line":289,"column":31}},"77":{"start":{"line":280,"column":91},"end":{"line":280,"column":100}},"78":{"start":{"line":291,"column":12},"end":{"line":291,"column":39}},"79":{"start":{"line":293,"column":12},"end":{"line":298,"column":15}},"80":{"start":{"line":301,"column":12},"end":{"line":308,"column":13}},"81":{"start":{"line":302,"column":16},"end":{"line":307,"column":19}},"82":{"start":{"line":310,"column":12},"end":{"line":314,"column":15}},"83":{"start":{"line":317,"column":12},"end":{"line":317,"column":41}},"84":{"start":{"line":319,"column":12},"end":{"line":324,"column":15}},"85":{"start":{"line":327,"column":12},"end":{"line":334,"column":13}},"86":{"start":{"line":328,"column":16},"end":{"line":333,"column":19}},"87":{"start":{"line":329,"column":20},"end":{"line":332,"column":23}},"88":{"start":{"line":336,"column":33},"end":{"line":338,"column":48}},"89":{"start":{"line":340,"column":12},"end":{"line":344,"column":15}},"90":{"start":{"line":426,"column":0},"end":{"line":590,"column":2}},"91":{"start":{"line":439,"column":8},"end":{"line":588,"column":9}},"92":{"start":{"line":441,"column":27},"end":{"line":441,"column":48}},"93":{"start":{"line":442,"column":12},"end":{"line":447,"column":13}},"94":{"start":{"line":443,"column":16},"end":{"line":446,"column":19}},"95":{"start":{"line":458,"column":16},"end":{"line":458,"column":24}},"96":{"start":{"line":461,"column":28},"end":{"line":472,"column":14}},"97":{"start":{"line":474,"column":12},"end":{"line":479,"column":13}},"98":{"start":{"line":475,"column":16},"end":{"line":478,"column":19}},"99":{"start":{"line":482,"column":27},"end":{"line":539,"column":14}},"100":{"start":{"line":484,"column":16},"end":{"line":484,"column":59}},"101":{"start":{"line":484,"column":46},"end":{"line":484,"column":59}},"102":{"start":{"line":487,"column":16},"end":{"line":491,"column":17}},"103":{"start":{"line":490,"column":20},"end":{"line":490,"column":33}},"104":{"start":{"line":494,"column":16},"end":{"line":496,"column":17}},"105":{"start":{"line":495,"column":20},"end":{"line":495,"column":33}},"106":{"start":{"line":499,"column":16},"end":{"line":503,"column":17}},"107":{"start":{"line":502,"column":20},"end":{"line":502,"column":33}},"108":{"start":{"line":506,"column":16},"end":{"line":510,"column":17}},"109":{"start":{"line":509,"column":20},"end":{"line":509,"column":33}},"110":{"start":{"line":513,"column":16},"end":{"line":516,"column":17}},"111":{"start":{"line":515,"column":20},"end":{"line":515,"column":33}},"112":{"start":{"line":519,"column":16},"end":{"line":521,"column":17}},"113":{"start":{"line":520,"column":20},"end":{"line":520,"column":33}},"114":{"start":{"line":524,"column":16},"end":{"line":526,"column":17}},"115":{"start":{"line":525,"column":20},"end":{"line":525,"column":33}},"116":{"start":{"line":529,"column":16},"end":{"line":536,"column":17}},"117":{"start":{"line":530,"column":33},"end":{"line":533,"column":38}},"118":{"start":{"line":534,"column":38},"end":{"line":534,"column":85}},"119":{"start":{"line":535,"column":20},"end":{"line":535,"column":73}},"120":{"start":{"line":538,"column":16},"end":{"line":538,"column":28}},"121":{"start":{"line":541,"column":12},"end":{"line":546,"column":13}},"122":{"start":{"line":542,"column":16},"end":{"line":545,"column":19}},"123":{"start":{"line":549,"column":29},"end":{"line":564,"column":13}},"124":{"start":{"line":567,"column":12},"end":{"line":572,"column":15}},"125":{"start":{"line":574,"column":12},"end":{"line":574,"column":38}},"126":{"start":{"line":577,"column":12},"end":{"line":581,"column":15}},"127":{"start":{"line":583,"column":12},"end":{"line":587,"column":15}},"128":{"start":{"line":618,"column":0},"end":{"line":676,"column":3}},"129":{"start":{"line":619,"column":4},"end":{"line":675,"column":5}},"130":{"start":{"line":620,"column":23},"end":{"line":626,"column":10}},"131":{"start":{"line":628,"column":8},"end":{"line":633,"column":9}},"132":{"start":{"line":629,"column":12},"end":{"line":632,"column":15}},"133":{"start":{"line":635,"column":8},"end":{"line":640,"column":9}},"134":{"start":{"line":636,"column":12},"end":{"line":639,"column":15}},"135":{"start":{"line":643,"column":8},"end":{"line":643,"column":67}},"136":{"start":{"line":646,"column":8},"end":{"line":646,"column":81}},"137":{"start":{"line":647,"column":8},"end":{"line":647,"column":91}},"138":{"start":{"line":648,"column":8},"end":{"line":648,"column":58}},"139":{"start":{"line":649,"column":8},"end":{"line":649,"column":60}},"140":{"start":{"line":652,"column":27},"end":{"line":652,"column":64}},"141":{"start":{"line":653,"column":8},"end":{"line":653,"column":29}},"142":{"start":{"line":656,"column":8},"end":{"line":661,"column":11}},"143":{"start":{"line":664,"column":8},"end":{"line":668,"column":11}},"144":{"start":{"line":670,"column":8},"end":{"line":674,"column":11}},"145":{"start":{"line":723,"column":0},"end":{"line":813,"column":2}},"146":{"start":{"line":731,"column":28},"end":{"line":731,"column":67}},"147":{"start":{"line":733,"column":8},"end":{"line":811,"column":9}},"148":{"start":{"line":735,"column":27},"end":{"line":735,"column":48}},"149":{"start":{"line":736,"column":12},"end":{"line":742,"column":13}},"150":{"start":{"line":737,"column":16},"end":{"line":737,"column":45}},"151":{"start":{"line":738,"column":16},"end":{"line":741,"column":19}},"152":{"start":{"line":744,"column":63},"end":{"line":744,"column":71}},"153":{"start":{"line":745,"column":29},"end":{"line":745,"column":42}},"154":{"start":{"line":748,"column":27},"end":{"line":748,"column":78}},"155":{"start":{"line":749,"column":12},"end":{"line":755,"column":13}},"156":{"start":{"line":750,"column":16},"end":{"line":750,"column":45}},"157":{"start":{"line":751,"column":16},"end":{"line":754,"column":19}},"158":{"start":{"line":758,"column":12},"end":{"line":763,"column":13}},"159":{"start":{"line":759,"column":16},"end":{"line":759,"column":44}},"160":{"start":{"line":760,"column":16},"end":{"line":760,"column":51}},"161":{"start":{"line":762,"column":16},"end":{"line":762,"column":41}},"162":{"start":{"line":766,"column":26},"end":{"line":766,"column":70}},"163":{"start":{"line":767,"column":12},"end":{"line":767,"column":89}},"164":{"start":{"line":769,"column":12},"end":{"line":769,"column":47}},"165":{"start":{"line":772,"column":12},"end":{"line":780,"column":32}},"166":{"start":{"line":782,"column":12},"end":{"line":782,"column":39}},"167":{"start":{"line":784,"column":12},"end":{"line":789,"column":15}},"168":{"start":{"line":791,"column":12},"end":{"line":794,"column":15}},"169":{"start":{"line":797,"column":12},"end":{"line":797,"column":41}},"170":{"start":{"line":799,"column":12},"end":{"line":804,"column":15}},"171":{"start":{"line":806,"column":12},"end":{"line":810,"column":15}},"172":{"start":{"line":815,"column":0},"end":{"line":815,"column":24}}},"fnMap":{"0":{"name":"(anonymous_0)","decl":{"start":{"line":18,"column":17},"end":{"line":18,"column":18}},"loc":{"start":{"line":18,"column":42},"end":{"line":22,"column":5}},"line":18},"1":{"name":"(anonymous_1)","decl":{"start":{"line":23,"column":14},"end":{"line":23,"column":15}},"loc":{"start":{"line":23,"column":39},"end":{"line":30,"column":5}},"line":23},"2":{"name":"(anonymous_2)","decl":{"start":{"line":40,"column":16},"end":{"line":40,"column":17}},"loc":{"start":{"line":40,"column":47},"end":{"line":59,"column":5}},"line":40},"3":{"name":"(anonymous_3)","decl":{"start":{"line":63,"column":26},"end":{"line":63,"column":27}},"loc":{"start":{"line":63,"column":40},"end":{"line":72,"column":1}},"line":63},"4":{"name":"(anonymous_4)","decl":{"start":{"line":64,"column":23},"end":{"line":64,"column":24}},"loc":{"start":{"line":64,"column":44},"end":{"line":71,"column":5}},"line":64},"5":{"name":"(anonymous_5)","decl":{"start":{"line":68,"column":26},"end":{"line":68,"column":27}},"loc":{"start":{"line":68,"column":34},"end":{"line":68,"column":51}},"line":68},"6":{"name":"(anonymous_6)","decl":{"start":{"line":69,"column":25},"end":{"line":69,"column":26}},"loc":{"start":{"line":69,"column":31},"end":{"line":69,"column":58}},"line":69},"7":{"name":"(anonymous_7)","decl":{"start":{"line":75,"column":23},"end":{"line":75,"column":24}},"loc":{"start":{"line":75,"column":32},"end":{"line":84,"column":1}},"line":75},"8":{"name":"(anonymous_8)","decl":{"start":{"line":174,"column":4},"end":{"line":174,"column":5}},"loc":{"start":{"line":174,"column":24},"end":{"line":189,"column":5}},"line":174},"9":{"name":"(anonymous_9)","decl":{"start":{"line":175,"column":25},"end":{"line":175,"column":26}},"loc":{"start":{"line":175,"column":39},"end":{"line":188,"column":9}},"line":175},"10":{"name":"(anonymous_10)","decl":{"start":{"line":199,"column":4},"end":{"line":199,"column":5}},"loc":{"start":{"line":199,"column":24},"end":{"line":346,"column":5}},"line":199},"11":{"name":"(anonymous_11)","decl":{"start":{"line":280,"column":86},"end":{"line":280,"column":87}},"loc":{"start":{"line":280,"column":91},"end":{"line":280,"column":100}},"line":280},"12":{"name":"(anonymous_12)","decl":{"start":{"line":328,"column":53},"end":{"line":328,"column":54}},"loc":{"start":{"line":328,"column":60},"end":{"line":333,"column":17}},"line":328},"13":{"name":"(anonymous_13)","decl":{"start":{"line":438,"column":4},"end":{"line":438,"column":5}},"loc":{"start":{"line":438,"column":24},"end":{"line":589,"column":5}},"line":438},"14":{"name":"(anonymous_14)","decl":{"start":{"line":482,"column":40},"end":{"line":482,"column":41}},"loc":{"start":{"line":482,"column":50},"end":{"line":539,"column":13}},"line":482},"15":{"name":"(anonymous_15)","decl":{"start":{"line":618,"column":28},"end":{"line":618,"column":29}},"loc":{"start":{"line":618,"column":48},"end":{"line":676,"column":1}},"line":618},"16":{"name":"(anonymous_16)","decl":{"start":{"line":730,"column":4},"end":{"line":730,"column":5}},"loc":{"start":{"line":730,"column":24},"end":{"line":812,"column":5}},"line":730}},"branchMap":{"0":{"loc":{"start":{"line":24,"column":28},"end":{"line":24,"column":62}},"type":"binary-expr","locations":[{"start":{"line":24,"column":28},"end":{"line":24,"column":49}},{"start":{"line":24,"column":53},"end":{"line":24,"column":62}}],"line":24},"1":{"loc":{"start":{"line":25,"column":29},"end":{"line":25,"column":61}},"type":"binary-expr","locations":[{"start":{"line":25,"column":29},"end":{"line":25,"column":50}},{"start":{"line":25,"column":54},"end":{"line":25,"column":61}}],"line":25},"2":{"loc":{"start":{"line":26,"column":24},"end":{"line":26,"column":52}},"type":"binary-expr","locations":[{"start":{"line":26,"column":24},"end":{"line":26,"column":40}},{"start":{"line":26,"column":44},"end":{"line":26,"column":52}}],"line":26},"3":{"loc":{"start":{"line":43,"column":12},"end":{"line":45,"column":13}},"type":"if","locations":[{"start":{"line":43,"column":12},"end":{"line":45,"column":13}},{"start":{},"end":{}}],"line":43},"4":{"loc":{"start":{"line":48,"column":26},"end":{"line":49,"column":73}},"type":"binary-expr","locations":[{"start":{"line":48,"column":26},"end":{"line":48,"column":85}},{"start":{"line":49,"column":25},"end":{"line":49,"column":73}}],"line":48},"5":{"loc":{"start":{"line":51,"column":12},"end":{"line":53,"column":13}},"type":"if","locations":[{"start":{"line":51,"column":12},"end":{"line":53,"column":13}},{"start":{},"end":{}}],"line":51},"6":{"loc":{"start":{"line":77,"column":8},"end":{"line":77,"column":28}},"type":"if","locations":[{"start":{"line":77,"column":8},"end":{"line":77,"column":28}},{"start":{},"end":{}}],"line":77},"7":{"loc":{"start":{"line":78,"column":8},"end":{"line":78,"column":43}},"type":"if","locations":[{"start":{"line":78,"column":8},"end":{"line":78,"column":43}},{"start":{},"end":{}}],"line":78},"8":{"loc":{"start":{"line":80,"column":15},"end":{"line":80,"column":50}},"type":"cond-expr","locations":[{"start":{"line":80,"column":39},"end":{"line":80,"column":45}},{"start":{"line":80,"column":48},"end":{"line":80,"column":50}}],"line":80},"9":{"loc":{"start":{"line":176,"column":12},"end":{"line":186,"column":13}},"type":"if","locations":[{"start":{"line":176,"column":12},"end":{"line":186,"column":13}},{"start":{"line":181,"column":19},"end":{"line":186,"column":13}}],"line":176},"10":{"loc":{"start":{"line":181,"column":19},"end":{"line":186,"column":13}},"type":"if","locations":[{"start":{"line":181,"column":19},"end":{"line":186,"column":13}},{"start":{},"end":{}}],"line":181},"11":{"loc":{"start":{"line":184,"column":27},"end":{"line":184,"column":64}},"type":"binary-expr","locations":[{"start":{"line":184,"column":27},"end":{"line":184,"column":38}},{"start":{"line":184,"column":42},"end":{"line":184,"column":64}}],"line":184},"12":{"loc":{"start":{"line":205,"column":12},"end":{"line":212,"column":13}},"type":"if","locations":[{"start":{"line":205,"column":12},"end":{"line":212,"column":13}},{"start":{},"end":{}}],"line":205},"13":{"loc":{"start":{"line":206,"column":16},"end":{"line":206,"column":82}},"type":"if","locations":[{"start":{"line":206,"column":16},"end":{"line":206,"column":82}},{"start":{},"end":{}}],"line":206},"14":{"loc":{"start":{"line":214,"column":12},"end":{"line":220,"column":13}},"type":"if","locations":[{"start":{"line":214,"column":12},"end":{"line":220,"column":13}},{"start":{},"end":{}}],"line":214},"15":{"loc":{"start":{"line":226,"column":16},"end":{"line":226,"column":34}},"type":"default-arg","locations":[{"start":{"line":226,"column":26},"end":{"line":226,"column":34}}],"line":226},"16":{"loc":{"start":{"line":227,"column":16},"end":{"line":227,"column":34}},"type":"default-arg","locations":[{"start":{"line":227,"column":32},"end":{"line":227,"column":34}}],"line":227},"17":{"loc":{"start":{"line":228,"column":16},"end":{"line":228,"column":35}},"type":"default-arg","locations":[{"start":{"line":228,"column":30},"end":{"line":228,"column":35}}],"line":228},"18":{"loc":{"start":{"line":230,"column":16},"end":{"line":230,"column":40}},"type":"default-arg","locations":[{"start":{"line":230,"column":37},"end":{"line":230,"column":40}}],"line":230},"19":{"loc":{"start":{"line":235,"column":16},"end":{"line":235,"column":37}},"type":"default-arg","locations":[{"start":{"line":235,"column":32},"end":{"line":235,"column":37}}],"line":235},"20":{"loc":{"start":{"line":236,"column":16},"end":{"line":236,"column":41}},"type":"default-arg","locations":[{"start":{"line":236,"column":36},"end":{"line":236,"column":41}}],"line":236},"21":{"loc":{"start":{"line":251,"column":12},"end":{"line":258,"column":13}},"type":"if","locations":[{"start":{"line":251,"column":12},"end":{"line":258,"column":13}},{"start":{},"end":{}}],"line":251},"22":{"loc":{"start":{"line":284,"column":40},"end":{"line":284,"column":108}},"type":"cond-expr","locations":[{"start":{"line":284,"column":65},"end":{"line":284,"column":101}},{"start":{"line":284,"column":104},"end":{"line":284,"column":108}}],"line":284},"23":{"loc":{"start":{"line":301,"column":12},"end":{"line":308,"column":13}},"type":"if","locations":[{"start":{"line":301,"column":12},"end":{"line":308,"column":13}},{"start":{},"end":{}}],"line":301},"24":{"loc":{"start":{"line":327,"column":12},"end":{"line":334,"column":13}},"type":"if","locations":[{"start":{"line":327,"column":12},"end":{"line":334,"column":13}},{"start":{},"end":{}}],"line":327},"25":{"loc":{"start":{"line":336,"column":33},"end":{"line":338,"column":48}},"type":"cond-expr","locations":[{"start":{"line":337,"column":18},"end":{"line":337,"column":31}},{"start":{"line":338,"column":18},"end":{"line":338,"column":48}}],"line":336},"26":{"loc":{"start":{"line":343,"column":25},"end":{"line":343,"column":89}},"type":"cond-expr","locations":[{"start":{"line":343,"column":66},"end":{"line":343,"column":77}},{"start":{"line":343,"column":80},"end":{"line":343,"column":89}}],"line":343},"27":{"loc":{"start":{"line":442,"column":12},"end":{"line":447,"column":13}},"type":"if","locations":[{"start":{"line":442,"column":12},"end":{"line":447,"column":13}},{"start":{},"end":{}}],"line":442},"28":{"loc":{"start":{"line":474,"column":12},"end":{"line":479,"column":13}},"type":"if","locations":[{"start":{"line":474,"column":12},"end":{"line":479,"column":13}},{"start":{},"end":{}}],"line":474},"29":{"loc":{"start":{"line":484,"column":16},"end":{"line":484,"column":59}},"type":"if","locations":[{"start":{"line":484,"column":16},"end":{"line":484,"column":59}},{"start":{},"end":{}}],"line":484},"30":{"loc":{"start":{"line":487,"column":16},"end":{"line":491,"column":17}},"type":"if","locations":[{"start":{"line":487,"column":16},"end":{"line":491,"column":17}},{"start":{},"end":{}}],"line":487},"31":{"loc":{"start":{"line":487,"column":20},"end":{"line":489,"column":64}},"type":"binary-expr","locations":[{"start":{"line":487,"column":20},"end":{"line":487,"column":52}},{"start":{"line":488,"column":20},"end":{"line":488,"column":32}},{"start":{"line":489,"column":20},"end":{"line":489,"column":64}}],"line":487},"32":{"loc":{"start":{"line":494,"column":16},"end":{"line":496,"column":17}},"type":"if","locations":[{"start":{"line":494,"column":16},"end":{"line":496,"column":17}},{"start":{},"end":{}}],"line":494},"33":{"loc":{"start":{"line":499,"column":16},"end":{"line":503,"column":17}},"type":
[...]
rt":{"line":81,"column":98},"end":{"line":81,"column":99}}],"line":81},"6":{"loc":{"start":{"line":86,"column":25},"end":{"line":86,"column":44}},"type":"binary-expr","locations":[{"start":{"line":86,"column":25},"end":{"line":86,"column":33}},{"start":{"line":86,"column":37},"end":{"line":86,"column":44}}],"line":86},"7":{"loc":{"start":{"line":87,"column":40},"end":{"line":87,"column":73}},"type":"binary-expr","locations":[{"start":{"line":87,"column":40},"end":{"line":87,"column":68}},{"start":{"line":87,"column":72},"end":{"line":87,"column":73}}],"line":87},"8":{"loc":{"start":{"line":92,"column":25},"end":{"line":92,"column":50}},"type":"binary-expr","locations":[{"start":{"line":92,"column":25},"end":{"line":92,"column":37}},{"start":{"line":92,"column":41},"end":{"line":92,"column":50}}],"line":92},"9":{"loc":{"start":{"line":93,"column":42},"end":{"line":93,"column":77}},"type":"binary-expr","locations":[{"start":{"line":93,"column":42},"end":{"line":93,"column":72}},{"start":{"line":93,"column":76},"end":{"line":93,"column":77}}],"line":93},"10":{"loc":{"start":{"line":124,"column":24},"end":{"line":124,"column":57}},"type":"binary-expr","locations":[{"start":{"line":124,"column":24},"end":{"line":124,"column":32}},{"start":{"line":124,"column":36},"end":{"line":124,"column":44}},{"start":{"line":124,"column":48},"end":{"line":124,"column":57}}],"line":124},"11":{"loc":{"start":{"line":125,"column":40},"end":{"line":125,"column":75}},"type":"binary-expr","locations":[{"start":{"line":125,"column":40},"end":{"line":125,"column":70}},{"start":{"line":125,"column":74},"end":{"line":125,"column":75}}],"line":125},"12":{"loc":{"start":{"line":128,"column":6},"end":{"line":130,"column":7}},"type":"if","locations":[{"start":{"line":128,"column":6},"end":{"line":130,"column":7}},{"start":{},"end":{}}],"line":128},"13":{"loc":{"start":{"line":128,"column":10},"end":{"line":128,"column":41}},"type":"binary-expr","locations":[{"start":{"line":128,"column":10},"end":{"line":128,"column":21}},{"start":{"line":128,"column":25},"end":{"line":128,"column":41}}],"line":128},"14":{"loc":{"start":{"line":129,"column":55},"end":{"line":129,"column":103}},"type":"binary-expr","locations":[{"start":{"line":129,"column":55},"end":{"line":129,"column":98}},{"start":{"line":129,"column":102},"end":{"line":129,"column":103}}],"line":129},"15":{"loc":{"start":{"line":133,"column":23},"end":{"line":133,"column":57}},"type":"binary-expr","locations":[{"start":{"line":133,"column":23},"end":{"line":133,"column":44}},{"start":{"line":133,"column":48},"end":{"line":133,"column":57}}],"line":133},"16":{"loc":{"start":{"line":134,"column":43},"end":{"line":134,"column":81}},"type":"binary-expr","locations":[{"start":{"line":134,"column":43},"end":{"line":134,"column":76}},{"start":{"line":134,"column":80},"end":{"line":134,"column":81}}],"line":134},"17":{"loc":{"start":{"line":137,"column":6},"end":{"line":139,"column":7}},"type":"if","locations":[{"start":{"line":137,"column":6},"end":{"line":139,"column":7}},{"start":{},"end":{}}],"line":137},"18":{"loc":{"start":{"line":137,"column":10},"end":{"line":137,"column":54}},"type":"binary-expr","locations":[{"start":{"line":137,"column":10},"end":{"line":137,"column":21}},{"start":{"line":137,"column":25},"end":{"line":137,"column":54}}],"line":137},"19":{"loc":{"start":{"line":176,"column":4},"end":{"line":212,"column":5}},"type":"if","locations":[{"start":{"line":176,"column":4},"end":{"line":212,"column":5}},{"start":{},"end":{}}],"line":176},"20":{"loc":{"start":{"line":178,"column":20},"end":{"line":178,"column":41}},"type":"binary-expr","locations":[{"start":{"line":178,"column":20},"end":{"line":178,"column":36}},{"start":{"line":178,"column":40},"end":{"line":178,"column":41}}],"line":178},"21":{"loc":{"start":{"line":182,"column":6},"end":{"line":191,"column":7}},"type":"if","locations":[{"start":{"line":182,"column":6},"end":{"line":191,"column":7}},{"start":{},"end":{}}],"line":182},"22":{"loc":{"start":{"line":196,"column":25},"end":{"line":196,"column":44}},"type":"binary-expr","locations":[{"start":{"line":196,"column":25},"end":{"line":196,"column":33}},{"start":{"line":196,"column":37},"end":{"line":196,"column":44}}],"line":196},"23":{"loc":{"start":{"line":197,"column":8},"end":{"line":199,"column":9}},"type":"if","locations":[{"start":{"line":197,"column":8},"end":{"line":199,"column":9}},{"start":{},"end":{}}],"line":197},"24":{"loc":{"start":{"line":200,"column":37},"end":{"line":200,"column":58}},"type":"binary-expr","locations":[{"start":{"line":200,"column":37},"end":{"line":200,"column":53}},{"start":{"line":200,"column":57},"end":{"line":200,"column":58}}],"line":200},"25":{"loc":{"start":{"line":214,"column":4},"end":{"line":225,"column":5}},"type":"if","locations":[{"start":{"line":214,"column":4},"end":{"line":225,"column":5}},{"start":{},"end":{}}],"line":214},"26":{"loc":{"start":{"line":215,"column":49},"end":{"line":215,"column":74}},"type":"binary-expr","locations":[{"start":{"line":215,"column":49},"end":{"line":215,"column":69}},{"start":{"line":215,"column":73},"end":{"line":215,"column":74}}],"line":215},"27":{"loc":{"start":{"line":216,"column":44},"end":{"line":216,"column":59}},"type":"binary-expr","locations":[{"start":{"line":216,"column":44},"end":{"line":216,"column":54}},{"start":{"line":216,"column":58},"end":{"line":216,"column":59}}],"line":216},"28":{"loc":{"start":{"line":248,"column":6},"end":{"line":250,"column":7}},"type":"if","locations":[{"start":{"line":248,"column":6},"end":{"line":250,"column":7}},{"start":{},"end":{}}],"line":248},"29":{"loc":{"start":{"line":248,"column":10},"end":{"line":248,"column":44}},"type":"binary-expr","locations":[{"start":{"line":248,"column":10},"end":{"line":248,"column":18}},{"start":{"line":248,"column":22},"end":{"line":248,"column":44}}],"line":248},"30":{"loc":{"start":{"line":252,"column":6},"end":{"line":344,"column":7}},"type":"switch","locations":[{"start":{"line":253,"column":8},"end":{"line":267,"column":16}},{"start":{"line":269,"column":8},"end":{"line":287,"column":16}},{"start":{"line":289,"column":8},"end":{"line":307,"column":16}},{"start":{"line":309,"column":8},"end":{"line":324,"column":16}},{"start":{"line":326,"column":8},"end":{"line":343,"column":16}}],"line":252},"31":{"loc":{"start":{"line":254,"column":10},"end":{"line":266,"column":11}},"type":"if","locations":[{"start":{"line":254,"column":10},"end":{"line":266,"column":11}},{"start":{},"end":{}}],"line":254},"32":{"loc":{"start":{"line":255,"column":12},"end":{"line":261,"column":13}},"type":"if","locations":[{"start":{"line":255,"column":12},"end":{"line":261,"column":13}},{"start":{},"end":{}}],"line":255},"33":{"loc":{"start":{"line":264,"column":15},"end":{"line":264,"column":79}},"type":"binary-expr","locations":[{"start":{"line":264,"column":15},"end":{"line":264,"column":74}},{"start":{"line":264,"column":78},"end":{"line":264,"column":79}}],"line":264},"34":{"loc":{"start":{"line":271,"column":10},"end":{"line":279,"column":11}},"type":"if","locations":[{"start":{"line":271,"column":10},"end":{"line":279,"column":11}},{"start":{},"end":{}}],"line":271},"35":{"loc":{"start":{"line":281,"column":68},"end":{"line":281,"column":90}},"type":"binary-expr","locations":[{"start":{"line":281,"column":68},"end":{"line":281,"column":85}},{"start":{"line":281,"column":89},"end":{"line":281,"column":90}}],"line":281},"36":{"loc":{"start":{"line":282,"column":10},"end":{"line":286,"column":11}},"type":"if","locations":[{"start":{"line":282,"column":10},"end":{"line":286,"column":11}},{"start":{"line":284,"column":17},"end":{"line":286,"column":11}}],"line":282},"37":{"loc":{"start":{"line":291,"column":10},"end":{"line":299,"column":11}},"type":"if","locations":[{"start":{"line":291,"column":10},"end":{"line":299,"column":11}},{"start":{},"end":{}}],"line":291},"38":{"loc":{"start":{"line":301,"column":64},"end":{"line":301,"column":85}},"type":"binary-expr","locations":[{"start":{"line":301,"column":64},"end":{"line":301,"column":80}},{"start":{"line":301,"column":84},"end":{"line":301,"column":85}}],"line":301},"39":{"loc":{"start":{"line":302,"column":10},"end":{"line":306,"column":11}},"type":"if","locations":[{"start":{"line":302,"column":10},"end":{"line":306,"column":11}},{"start":{"line":304,"column":17},"end":{"line":306,"column":11}}],"line":302},"40":{"loc":{"start":{"line":311,"column":10},"end":{"line":317,"column":11}},"type":"if","locations":[{"start":{"line":311,"column":10},"end":{"line":317,"column":11}},{"start":{},"end":{}}],"line":311},"41":{"loc":{"start":{"line":319,"column":10},"end":{"line":323,"column":11}},"type":"if","locations":[{"start":{"line":319,"column":10},"end":{"line":323,"column":11}},{"start":{"line":321,"column":17},"end":{"line":323,"column":11}}],"line":319},"42":{"loc":{"start":{"line":328,"column":10},"end":{"line":335,"column":11}},"type":"if","locations":[{"start":{"line":328,"column":10},"end":{"line":335,"column":11}},{"start":{},"end":{}}],"line":328},"43":{"loc":{"start":{"line":337,"column":63},"end":{"line":337,"column":80}},"type":"binary-expr","locations":[{"start":{"line":337,"column":63},"end":{"line":337,"column":75}},{"start":{"line":337,"column":79},"end":{"line":337,"column":80}}],"line":337},"44":{"loc":{"start":{"line":338,"column":10},"end":{"line":342,"column":11}},"type":"if","locations":[{"start":{"line":338,"column":10},"end":{"line":342,"column":11}},{"start":{"line":340,"column":17},"end":{"line":342,"column":11}}],"line":338},"45":{"loc":{"start":{"line":349,"column":6},"end":{"line":351,"column":7}},"type":"if","locations":[{"start":{"line":349,"column":6},"end":{"line":351,"column":7}},{"start":{},"end":{}}],"line":349},"46":{"loc":{"start":{"line":355,"column":6},"end":{"line":357,"column":7}},"type":"if","locations":[{"start":{"line":355,"column":6},"end":{"line":357,"column":7}},{"start":{},"end":{}}],"line":355},"47":{"loc":{"start":{"line":380,"column":21},"end":{"line":381,"column":94}},"type":"cond-expr","locations":[{"start":{"line":381,"column":10},"end":{"line":381,"column":90}},{"start":{"line":381,"column":93},"end":{"line":381,"column":94}}],"line":380},"48":{"loc":{"start":{"line":403,"column":6},"end":{"line":411,"column":7}},"type":"if","locations":[{"start":{"line":403,"column":6},"end":{"line":411,"column":7}},{"start":{},"end":{}}],"line":403},"49":{"loc":{"start":{"line":407,"column":10},"end":{"line":409,"column":11}},"type":"if","locations":[{"start":{"line":407,"column":10},"end":{"line":409,"column":11}},{"start":{},"end":{}}],"line":407},"50":{"loc":{"start":{"line":420,"column":15},"end":{"line":420,"column":30}},"type":"default-arg","locations":[{"start":{"line":420,"column":28},"end":{"line":420,"column":30}}],"line":420},"51":{"loc":{"start":{"line":428,"column":6},"end":{"line":440,"column":7}},"type":"if","locations":[{"start":{"line":428,"column":6},"end":{"line":440,"column":7}},{"start":{},"end":{}}],"line":428},"52":{"loc":{"start":{"line":432,"column":10},"end":{"line":438,"column":11}},"type":"if","locations":[{"start":{"line":432,"column":10},"end":{"line":438,"column":11}},{"start":{},"end":{}}],"line":432},"53":{"loc":{"start":{"line":434,"column":12},"end":{"line":437,"column":13}},"type":"if","locations":[{"start":{"line":434,"column":12},"end":{"line":437,"column":13}},{"start":{},"end":{}}],"line":434}},"s":{"0":0,"1":0,"2":0,"3":0,"4":0,"5":0,"6":0,"7":0,"8":0,"9":0,"10":0,"11":0,"12":0,"13":0,"14":0,"15":0,"16":0,"17":0,"18":0,"19":0,"20":0,"21":0,"22":0,"23":0,"24":0,"25":0,"26":0,"27":0,"28":0,"29":0,"30":0,"31":0,"32":0,"33":0,"34":0,"35":0,"36":0,"37":0,"38":0,"39":0,"40":0,"41":0,"42":0,"43":0,"44":0,"45":0,"46":0,"47":0,"48":0,"49":0,"50":0,"51":0,"52":0,"53":0,"54":0,"55":0,"56":0,"57":0,"58":0,"59":0,"60":0,"61":0,"62":0,"63":0,"64":0,"65":0,"66":0,"67":0,"68":0,"69":0,"70":0,"71":0,"72":0,"73":0,"74":0,"75":0,"76":0,"77":0,"78":0,"79":0,"80":0,"81":0,"82":0,"83":0,"84":0,"85":0,"86":0,"87":0,"88":0,"89":0,"90":0,"91":0,"92":0,"93":0,"94":0,"95":0,"96":0,"97":0,"98":0,"99":0,"100":0,"101":0,"102":0,"103":0,"104":0,"105":0,"106":0,"107":0,"108":0,"109":0,"110":0,"111":0,"112":0,"113":0,"114":0,"115":0,"116":0,"117":0,"118":0,"119":0,"120":0,"121":0,"122":0,"123":0,"124":0,"125":0,"126":0,"127":0,"128":0,"129":0,"130":0,"131":0,"132":0,"133":0,"134":0,"135":0,"136":0,"137":0,"138":0,"139":0,"140":0,"141":0,"142":0,"143":0,"144":0,"145":0,"146":0,"147":0,"148":0,"149":0,"150":0,"151":0,"152":0,"153":0,"154":0,"155":0,"156":0,"157":0,"158":0,"159":0,"160":0,"161":0,"162":0,"163":0,"164":0,"165":0,"166":0,"167":0,"168":0,"169":0,"170":0,"171":0,"172":0,"173":0,"174":0,"175":0,"176":0,"177":0,"178":0,"179":0,"180":0,"181":0,"182":0,"183":0,"184":0,"185":0},"f":{"0":0,"1":0,"2":0,"3":0,"4":0,"5":0,"6":0,"7":0,"8":0,"9":0,"10":0,"11":0,"12":0,"13":0,"14":0,"15":0,"16":0,"17":0,"18":0,"19":0,"20":0,"21":0,"22":0,"23":0,"24":0,"25":0,"26":0,"27":0,"28":0,"29":0,"30":0,"31":0,"32":0,"33":0,"34":0,"35":0,"36":0,"37":0,"38":0,"39":0},"b":{"0":[0],"1":[0,0],"2":[0,0],"3":[0,0],"4":[0,0],"5":[0,0],"6":[0,0],"7":[0,0],"8":[0,0],"9":[0,0],"10":[0,0,0],"11":[0,0],"12":[0,0],"13":[0,0],"14":[0,0],"15":[0,0],"16":[0,0],"17":[0,0],"18":[0,0],"19":[0,0],"20":[0,0],"21":[0,0],"22":[0,0],"23":[0,0],"24":[0,0],"25":[0,0],"26":[0,0],"27":[0,0],"28":[0,0],"29":[0,0],"30":[0,0,0,0,0],"31":[0,0],"32":[0,0],"33":[0,0],"34":[0,0],"35":[0,0],"36":[0,0],"37":[0,0],"38":[0,0],"39":[0,0],"40":[0,0],"41":[0,0],"42":[0,0],"43":[0,0],"44":[0,0],"45":[0,0],"46":[0,0],"47":[0,0],"48":[0,0],"49":[0,0],"50":[0],"51":[0,0],"52":[0,0],"53":[0,0]}}
,"C:\\Android_Server_Project\\DK-Hawkshaw\\utils\\logger.js": {"path":"C:\\Android_Server_Project\\DK-Hawkshaw\\utils\\logger.js","statementMap":{"0":{"start":{"line":1,"column":16},"end":{"line":1,"column":34}},"1":{"start":{"line":2,"column":13},"end":{"line":2,"column":28}},"2":{"start":{"line":3,"column":11},"end":{"line":3,"column":24}},"3":{"start":{"line":4,"column":11},"end":{"line":4,"column":24}},"4":{"start":{"line":7,"column":15},"end":{"line":7,"column":21}},"5":{"start":{"line":8,"column":17},"end":{"line":8,"column":43}},"6":{"start":{"line":9,"column":17},"end":{"line":9,"column":44}},"7":{"start":{"line":10,"column":21},"end":{"line":10,"column":51}},"8":{"start":{"line":11,"column":23},"end":{"line":11,"column":55}},"9":{"start":{"line":14,"column":0},"end":{"line":18,"column":3}},"10":{"start":{"line":15,"column":2},"end":{"line":17,"column":3}},"11":{"start":{"line":16,"column":4},"end":{"line":16,"column":43}},"12":{"start":{"line":21,"column":23},"end":{"line":21,"column":67}},"13":{"start":{"line":21,"column":29},"end":{"line":21,"column":67}},"14":{"start":{"line":24,"column":15},"end":{"line":71,"column":2}},"15":{"start":{"line":33,"column":8},"end":{"line":40,"column":20}},"16":{"start":{"line":74,"column":26},"end":{"line":87,"column":2}},"17":{"start":{"line":90,"column":24},"end":{"line":103,"column":2}},"18":{"start":{"line":106,"column":0},"end":{"line":183,"column":3}},"19":{"start":{"line":109,"column":20},"end":{"line":118,"column":5}},"20":{"start":{"line":120,"column":4},"end":{"line":120,"column":39}},"21":{"start":{"line":121,"column":4},"end":{"line":121,"column":59}},"22":{"start":{"line":126,"column":22},"end":{"line":133,"column":5}},"23":{"start":{"line":134,"column":4},"end":{"line":134,"column":44}},"24":{"start":{"line":139,"column":25},"end":{"line":145,"column":5}},"25":{"start":{"line":146,"column":4},"end":{"line":146,"column":47}},"26":{"start":{"line":147,"column":4},"end":{"line":147,"column":68}},"27":{"start":{"line":152,"column":18},"end":{"line":161,"column":5}},"28":{"start":{"line":163,"column":4},"end":{"line":167,"column":5}},"29":{"start":{"line":164,"column":6},"end":{"line":164,"column":45}},"30":{"start":{"line":166,"column":6},"end":{"line":166,"column":53}},"31":{"start":{"line":172,"column":20},"end":{"line":179,"column":5}},"32":{"start":{"line":180,"column":4},"end":{"line":180,"column":42}},"33":{"start":{"line":181,"column":4},"end":{"line":181,"column":58}},"34":{"start":{"line":186,"column":0},"end":{"line":191,"column":3}},"35":{"start":{"line":194,"column":0},"end":{"line":196,"column":18}},"36":{"start":{"line":195,"column":2},"end":{"line":195,"column":28}},"37":{"start":{"line":198,"column":0},"end":{"line":198,"column":24}}},"fnMap":{"0":{"name":"(anonymous_0)","decl":{"start":{"line":14,"column":67},"end":{"line":14,"column":68}},"loc":{"start":{"line":14,"column":74},"end":{"line":18,"column":1}},"line":14},"1":{"name":"(anonymous_1)","decl":{"start":{"line":21,"column":23},"end":{"line":21,"column":24}},"loc":{"start":{"line":21,"column":29},"end":{"line":21,"column":67}},"line":21},"2":{"name":"(anonymous_2)","decl":{"start":{"line":32,"column":28},"end":{"line":32,"column":29}},"loc":{"start":{"line":32,"column":72},"end":{"line":41,"column":7}},"line":32},"3":{"name":"(anonymous_3)","decl":{"start":{"line":108,"column":14},"end":{"line":108,"column":15}},"loc":{"start":{"line":108,"column":47},"end":{"line":122,"column":3}},"line":108},"4":{"name":"(anonymous_4)","decl":{"start":{"line":125,"column":12},"end":{"line":125,"column":13}},"loc":{"start":{"line":125,"column":42},"end":{"line":135,"column":3}},"line":125},"5":{"name":"(anonymous_5)","decl":{"start":{"line":138,"column":21},"end":{"line":138,"column":22}},"loc":{"start":{"line":138,"column":65},"end":{"line":148,"column":3}},"line":138},"6":{"name":"(anonymous_6)","decl":{"start":{"line":151,"column":15},"end":{"line":151,"column":16}},"loc":{"start":{"line":151,"column":86},"end":{"line":168,"column":3}},"line":151},"7":{"name":"(anonymous_7)","decl":{"start":{"line":171,"column":20},"end":{"line":171,"column":21}},"loc":{"start":{"line":171,"column":31},"end":{"line":182,"column":3}},"line":171},"8":{"name":"(anonymous_8)","decl":{"start":{"line":194,"column":12},"end":{"line":194,"column":13}},"loc":{"start":{"line":194,"column":18},"end":{"line":196,"column":1}},"line":194}},"branchMap":{"0":{"loc":{"start":{"line":15,"column":2},"end":{"line":17,"column":3}},"type":"if","locations":[{"start":{"line":15,"column":2},"end":{"line":17,"column":3}},{"start":{},"end":{}}],"line":15},"1":{"loc":{"start":{"line":25,"column":9},"end":{"line":25,"column":40}},"type":"binary-expr","locations":[{"start":{"line":25,"column":9},"end":{"line":25,"column":30}},{"start":{"line":25,"column":34},"end":{"line":25,"column":40}}],"line":25},"2":{"loc":{"start":{"line":125,"column":28},"end":{"line":125,"column":40}},"type":"default-arg","locations":[{"start":{"line":125,"column":38},"end":{"line":125,"column":40}}],"line":125},"3":{"loc":{"start":{"line":138,"column":50},"end":{"line":138,"column":63}},"type":"default-arg","locations":[{"start":{"line":138,"column":61},"end":{"line":138,"column":63}}],"line":138},"4":{"loc":{"start":{"line":151,"column":72},"end":{"line":151,"column":84}},"type":"default-arg","locations":[{"start":{"line":151,"column":80},"end":{"line":151,"column":84}}],"line":151},"5":{"loc":{"start":{"line":159,"column":13},"end":{"line":159,"column":41}},"type":"cond-expr","locations":[{"start":{"line":159,"column":21},"end":{"line":159,"column":34}},{"start":{"line":159,"column":37},"end":{"line":159,"column":41}}],"line":159},"6":{"loc":{"start":{"line":163,"column":4},"end":{"line":167,"column":5}},"type":"if","locations":[{"start":{"line":163,"column":4},"end":{"line":167,"column":5}},{"start":{"line":165,"column":11},"end":{"line":167,"column":5}}],"line":163}},"s":{"0":0,"1":0,"2":0,"3":0,"4":0,"5":0,"6":0,"7":0,"8":0,"9":0,"10":0,"11":0,"12":0,"13":0,"14":0,"15":0,"16":0,"17":0,"18":0,"19":0,"20":0,"21":0,"22":0,"23":0,"24":0,"25":0,"26":0,"27":0,"28":0,"29":0,"30":0,"31":0,"32":0,"33":0,"34":0,"35":0,"36":0,"37":0},"f":{"0":0,"1":0,"2":0,"3":0,"4":0,"5":0,"6":0,"7":0,"8":0},"b":{"0":[0,0],"1":[0,0],"2":[0],"3":[0],"4":[0],"5":[0,0],"6":[0,0]}}
}
