TN:
SF:middleware\auth.js
FN:30,(anonymous_0)
FN:78,(anonymous_1)
FN:117,(anonymous_2)
FN:133,(anonymous_3)
FNF:4
FNH:0
FNDA:0,(anonymous_0)
FNDA:0,(anonymous_1)
FNDA:0,(anonymous_2)
FNDA:0,(anonymous_3)
DA:1,0
DA:2,0
DA:3,0
DA:30,0
DA:31,0
DA:32,0
DA:34,0
DA:35,0
DA:41,0
DA:42,0
DA:45,0
DA:46,0
DA:47,0
DA:53,0
DA:54,0
DA:56,0
DA:58,0
DA:59,0
DA:65,0
DA:78,0
DA:79,0
DA:80,0
DA:82,0
DA:83,0
DA:89,0
DA:90,0
DA:92,0
DA:93,0
DA:99,0
DA:100,0
DA:101,0
DA:103,0
DA:104,0
DA:117,0
DA:118,0
DA:119,0
DA:124,0
DA:133,0
DA:134,0
DA:135,0
DA:137,0
DA:138,0
DA:139,0
DA:140,0
DA:141,0
DA:142,0
DA:146,0
DA:150,0
DA:153,0
LF:49
LH:0
BRDA:32,0,0,0
BRDA:32,0,1,0
BRDA:34,1,0,0
BRDA:34,1,1,0
BRDA:46,2,0,0
BRDA:46,2,1,0
BRDA:46,3,0,0
BRDA:46,3,1,0
BRDA:58,4,0,0
BRDA:58,4,1,0
BRDA:82,5,0,0
BRDA:82,5,1,0
BRDA:82,6,0,0
BRDA:82,6,1,0
BRDA:92,7,0,0
BRDA:92,7,1,0
BRDA:118,8,0,0
BRDA:118,8,1,0
BRDA:118,9,0,0
BRDA:118,9,1,0
BRDA:135,10,0,0
BRDA:135,10,1,0
BRDA:137,11,0,0
BRDA:137,11,1,0
BRDA:141,12,0,0
BRDA:141,12,1,0
BRDA:141,13,0,0
BRDA:141,13,1,0
BRF:28
BRH:0
end_of_record
TN:
SF:middleware\deviceValidation.js
FN:7,(anonymous_0)
FNF:1
FNH:0
FNDA:0,(anonymous_0)
DA:1,0
DA:2,0
DA:7,0
DA:9,0
DA:10,0
DA:19,0
DA:20,0
DA:21,0
DA:24,0
DA:30,0
DA:185,0
LF:11
LH:0
BRDA:9,0,0,0
BRDA:9,0,1,0
BRDA:20,1,0,0
BRDA:20,1,1,0
BRF:4
BRH:0
end_of_record
TN:
SF:middleware\errorHandler.js
FN:3,(anonymous_0)
FN:24,(anonymous_1)
FN:30,(anonymous_2)
FNF:3
FNH:0
FNDA:0,(anonymous_0)
FNDA:0,(anonymous_1)
FNDA:0,(anonymous_2)
DA:1,0
DA:3,0
DA:4,0
DA:5,0
DA:8,0
DA:11,0
DA:12,0
DA:13,0
DA:17,0
DA:18,0
DA:19,0
DA:23,0
DA:24,0
DA:25,0
DA:29,0
DA:30,0
DA:31,0
DA:35,0
DA:36,0
DA:37,0
DA:41,0
DA:42,0
DA:43,0
DA:47,0
DA:48,0
DA:49,0
DA:52,0
DA:53,0
DA:54,0
DA:58,0
DA:59,0
DA:60,0
DA:63,0
DA:64,0
DA:65,0
DA:68,0
DA:69,0
DA:70,0
DA:73,0
DA:80,0
LF:40
LH:0
BRDA:11,0,0,0
BRDA:11,0,1,0
BRDA:17,1,0,0
BRDA:17,1,1,0
BRDA:23,2,0,0
BRDA:23,2,1,0
BRDA:29,3,0,0
BRDA:29,3,1,0
BRDA:35,4,0,0
BRDA:35,4,1,0
BRDA:41,5,0,0
BRDA:41,5,1,0
BRDA:47,6,0,0
BRDA:47,6,1,0
BRDA:52,7,0,0
BRDA:52,7,1,0
BRDA:58,8,0,0
BRDA:58,8,1,0
BRDA:63,9,0,0
BRDA:63,9,1,0
BRDA:68,10,0,0
BRDA:68,10,1,0
BRDA:73,11,0,0
BRDA:73,11,1,0
BRDA:75,12,0,0
BRDA:75,12,1,0
BRDA:76,13,0,0
BRDA:76,13,1,0
BRF:28
BRH:0
end_of_record
TN:
SF:middleware\loggingMiddleware.js
FN:29,(anonymous_0)
FN:36,(anonymous_1)
FN:58,(anonymous_2)
FN:80,(anonymous_3)
FN:83,(anonymous_4)
FN:115,(anonymous_5)
FN:136,(anonymous_6)
FN:141,(anonymous_7)
FN:146,(anonymous_8)
FN:151,(anonymous_9)
FNF:10
FNH:0
FNDA:0,(anonymous_0)
FNDA:0,(anonymous_1)
FNDA:0,(anonymous_2)
FNDA:0,(anonymous_3)
FNDA:0,(anonymous_4)
FNDA:0,(anonymous_5)
FNDA:0,(anonymous_6)
FNDA:0,(anonymous_7)
FNDA:0,(anonymous_8)
FNDA:0,(anonymous_9)
DA:1,0
DA:21,0
DA:29,0
DA:30,0
DA:33,0
DA:36,0
DA:37,0
DA:40,0
DA:43,0
DA:44,0
DA:45,0
DA:46,0
DA:48,0
DA:51,0
DA:54,0
DA:58,0
DA:59,0
DA:75,0
DA:76,0
DA:80,0
DA:81,0
DA:83,0
DA:85,0
DA:89,0
DA:90,0
DA:91,0
DA:92,0
DA:96,0
DA:98,0
DA:108,0
DA:111,0
DA:115,0
DA:116,0
DA:118,0
DA:119,0
DA:120,0
DA:129,0
DA:132,0
DA:136,0
DA:137,0
DA:141,0
DA:142,0
DA:146,0
DA:147,0
DA:151,0
DA:152,0
DA:155,0
LF:47
LH:0
BRDA:43,0,0,0
BRDA:43,0,1,0
BRDA:45,1,0,0
BRDA:45,1,1,0
BRDA:46,2,0,0
BRDA:46,2,1,0
BRDA:46,2,2,0
BRDA:46,2,3,0
BRDA:71,3,0,0
BRDA:71,3,1,0
BRDA:72,4,0,0
BRDA:72,4,1,0
BRDA:72,4,2,0
BRDA:85,5,0,0
BRDA:85,5,1,0
BRDA:85,5,2,0
BRDA:89,6,0,0
BRDA:89,6,1,0
BRDA:91,7,0,0
BRDA:91,7,1,0
BRDA:91,7,2,0
BRDA:92,8,0,0
BRDA:92,8,1,0
BRDA:93,9,0,0
BRDA:93,9,1,0
BRDA:94,10,0,0
BRDA:94,10,1,0
BRDA:96,11,0,0
BRDA:96,11,1,0
BRDA:96,12,0,0
BRDA:96,12,1,0
BRDA:102,13,0,0
BRDA:102,13,1,0
BRDA:116,14,0,0
BRDA:116,14,1,0
BRDA:116,14,2,0
BRDA:118,15,0,0
BRDA:118,15,1,0
BRDA:118,16,0,0
BRDA:118,16,1,0
BRDA:124,17,0,0
BRDA:124,17,1,0
BRDA:136,18,0,0
BRDA:141,19,0,0
BRDA:146,20,0,0
BRDA:151,21,0,0
BRF:46
BRH:0
end_of_record
TN:
SF:routes\accessibility.js
FN:10,(anonymous_0)
FN:59,(anonymous_1)
FN:77,(anonymous_2)
FN:117,(anonymous_3)
FN:135,(anonymous_4)
FN:179,(anonymous_5)
FN:226,(anonymous_6)
FN:272,(anonymous_7)
FN:334,(anonymous_8)
FNF:9
FNH:0
FNDA:0,(anonymous_0)
FNDA:0,(anonymous_1)
FNDA:0,(anonymous_2)
FNDA:0,(anonymous_3)
FNDA:0,(anonymous_4)
FNDA:0,(anonymous_5)
FNDA:0,(anonymous_6)
FNDA:0,(anonymous_7)
FNDA:0,(anonymous_8)
DA:1,0
DA:2,0
DA:3,0
DA:4,0
DA:5,0
DA:7,0
DA:10,0
DA:11,0
DA:12,0
DA:13,0
DA:14,0
DA:20,0
DA:22,0
DA:33,0
DA:36,0
DA:37,0
DA:44,0
DA:50,0
DA:51,0
DA:59,0
DA:60,0
DA:61,0
DA:62,0
DA:63,0
DA:69,0
DA:70,0
DA:71,0
DA:77,0
DA:89,0
DA:91,0
DA:94,0
DA:95,0
DA:102,0
DA:108,0
DA:109,0
DA:117,0
DA:118,0
DA:119,0
DA:120,0
DA:121,0
DA:127,0
DA:128,0
DA:129,0
DA:135,0
DA:151,0
DA:153,0
DA:156,0
DA:157,0
DA:164,0
DA:170,0
DA:171,0
DA:179,0
DA:180,0
DA:181,0
DA:183,0
DA:184,0
DA:185,0
DA:191,0
DA:192,0
DA:205,0
DA:206,0
DA:211,0
DA:217,0
DA:218,0
DA:226,0
DA:227,0
DA:228,0
DA:230,0
DA:231,0
DA:232,0
DA:238,0
DA:239,0
DA:251,0
DA:252,0
DA:257,0
DA:263,0
DA:264,0
DA:272,0
DA:273,0
DA:274,0
DA:275,0
DA:277,0
DA:278,0
DA:279,0
DA:285,0
DA:287,0
DA:288,0
DA:291,0
DA:292,0
DA:295,0
DA:296,0
DA:299,0
DA:300,0
DA:301,0
DA:302,0
DA:305,0
DA:312,0
DA:325,0
DA:326,0
DA:334,0
DA:335,0
DA:336,0
DA:337,0
DA:338,0
DA:344,0
DA:348,0
DA:357,0
DA:369,0
DA:373,0
DA:383,0
DA:384,0
DA:391,0
LF:112
LH:0
BRDA:13,0,0,0
BRDA:13,0,1,0
BRDA:29,1,0,0
BRDA:29,1,1,0
BRDA:36,2,0,0
BRDA:36,2,1,0
BRDA:62,3,0,0
BRDA:62,3,1,0
BRDA:70,4,0,0
BRDA:70,4,1,0
BRDA:70,5,0,0
BRDA:70,5,1,0
BRDA:85,6,0,0
BRDA:85,6,1,0
BRDA:94,7,0,0
BRDA:94,7,1,0
BRDA:120,8,0,0
BRDA:120,8,1,0
BRDA:128,9,0,0
BRDA:128,9,1,0
BRDA:128,10,0,0
BRDA:128,10,1,0
BRDA:146,11,0,0
BRDA:146,11,1,0
BRDA:156,12,0,0
BRDA:156,12,1,0
BRDA:184,13,0,0
BRDA:184,13,1,0
BRDA:205,14,0,0
BRDA:205,14,1,0
BRDA:231,15,0,0
BRDA:231,15,1,0
BRDA:243,16,0,0
BRDA:243,16,1,0
BRDA:251,17,0,0
BRDA:251,17,1,0
BRDA:274,18,0,0
BRDA:274,19,0,0
BRDA:278,20,0,0
BRDA:278,20,1,0
BRDA:287,21,0,0
BRDA:287,21,1,0
BRDA:291,22,0,0
BRDA:291,22,1,0
BRDA:295,23,0,0
BRDA:295,23,1,0
BRDA:299,24,0,0
BRDA:299,24,1,0
BRDA:299,25,0,0
BRDA:299,25,1,0
BRDA:301,26,0,0
BRDA:301,26,1,0
BRDA:302,27,0,0
BRDA:302,27,1,0
BRDA:337,28,0,0
BRDA:337,28,1,0
BRF:56
BRH:0
end_of_record
TN:
SF:routes\admin.js
FN:10,(anonymous_0)
FN:64,(anonymous_1)
FN:96,(anonymous_2)
FN:116,(anonymous_3)
FN:169,(anonymous_4)
FN:210,(anonymous_5)
FN:259,(anonymous_6)
FN:276,(anonymous_7)
FN:278,(anonymous_8)
FNF:9
FNH:0
FNDA:0,(anonymous_0)
FNDA:0,(anonymous_1)
FNDA:0,(anonymous_2)
FNDA:0,(anonymous_3)
FNDA:0,(anonymous_4)
FNDA:0,(anonymous_5)
FNDA:0,(anonymous_6)
FNDA:0,(anonymous_7)
FNDA:0,(anonymous_8)
DA:1,0
DA:2,0
DA:3,0
DA:4,0
DA:5,0
DA:7,0
DA:10,0
DA:11,0
DA:18,0
DA:20,0
DA:21,0
DA:22,0
DA:28,0
DA:29,0
DA:31,0
DA:40,0
DA:43,0
DA:44,0
DA:49,0
DA:55,0
DA:56,0
DA:64,0
DA:65,0
DA:66,0
DA:67,0
DA:68,0
DA:74,0
DA:75,0
DA:76,0
DA:82,0
DA:92,0
DA:96,0
DA:102,0
DA:107,0
DA:108,0
DA:116,0
DA:117,0
DA:118,0
DA:119,0
DA:121,0
DA:122,0
DA:123,0
DA:129,0
DA:131,0
DA:132,0
DA:133,0
DA:134,0
DA:135,0
DA:136,0
DA:137,0
DA:140,0
DA:142,0
DA:145,0
DA:146,0
DA:155,0
DA:160,0
DA:161,0
DA:169,0
DA:170,0
DA:171,0
DA:172,0
DA:173,0
DA:175,0
DA:181,0
DA:188,0
DA:201,0
DA:202,0
DA:210,0
DA:211,0
DA:212,0
DA:215,0
DA:221,0
DA:222,0
DA:228,0
DA:235,0
DA:237,0
DA:250,0
DA:251,0
DA:259,0
DA:260,0
DA:261,0
DA:262,0
DA:263,0
DA:265,0
DA:267,0
DA:268,0
DA:274,0
DA:276,0
DA:279,0
DA:280,0
DA:282,0
DA:286,0
DA:291,0
DA:292,0
DA:299,0
LF:95
LH:0
BRDA:16,0,0,0
BRDA:17,1,0,0
BRDA:21,2,0,0
BRDA:21,2,1,0
BRDA:43,3,0,0
BRDA:43,3,1,0
BRDA:67,4,0,0
BRDA:67,4,1,0
BRDA:75,5,0,0
BRDA:75,5,1,0
BRDA:122,6,0,0
BRDA:122,6,1,0
BRDA:131,7,0,0
BRDA:131,7,1,0
BRDA:133,8,0,0
BRDA:133,8,1,0
BRDA:136,9,0,0
BRDA:136,9,1,0
BRDA:145,10,0,0
BRDA:145,10,1,0
BRDA:212,11,0,0
BRDA:221,12,0,0
BRDA:221,12,1,0
BRDA:261,13,0,0
BRDA:267,14,0,0
BRDA:267,14,1,0
BRF:26
BRH:0
end_of_record
TN:
SF:routes\appUpdate.v2.js
FN:18,(anonymous_0)
FN:23,(anonymous_1)
FN:40,(anonymous_2)
FN:63,(anonymous_3)
FN:64,(anonymous_4)
FN:68,(anonymous_5)
FN:69,(anonymous_6)
FN:75,(anonymous_7)
FN:174,(anonymous_8)
FN:175,(anonymous_9)
FN:199,(anonymous_10)
FN:280,(anonymous_11)
FN:328,(anonymous_12)
FN:438,(anonymous_13)
FN:482,(anonymous_14)
FN:618,(anonymous_15)
FN:730,(anonymous_16)
FNF:17
FNH:0
FNDA:0,(anonymous_0)
FNDA:0,(anonymous_1)
FNDA:0,(anonymous_2)
FNDA:0,(anonymous_3)
FNDA:0,(anonymous_4)
FNDA:0,(anonymous_5)
FNDA:0,(anonymous_6)
FNDA:0,(anonymous_7)
FNDA:0,(anonymous_8)
FNDA:0,(anonymous_9)
FNDA:0,(anonymous_10)
FNDA:0,(anonymous_11)
FNDA:0,(anonymous_12)
FNDA:0,(anonymous_13)
FNDA:0,(anonymous_14)
FNDA:0,(anonymous_15)
FNDA:0,(anonymous_16)
DA:1,0
DA:2,0
DA:3,0
DA:4,0
DA:5,0
DA:6,0
DA:7,0
DA:8,0
DA:9,0
DA:10,0
DA:11,0
DA:12,0
DA:13,0
DA:14,0
DA:17,0
DA:19,0
DA:20,0
DA:21,0
DA:24,0
DA:25,0
DA:26,0
DA:27,0
DA:28,0
DA:29,0
DA:33,0
DA:41,0
DA:43,0
DA:44,0
DA:48,0
DA:51,0
DA:52,0
DA:55,0
DA:57,0
DA:63,0
DA:64,0
DA:65,0
DA:66,0
DA:68,0
DA:69,0
DA:70,0
DA:75,0
DA:76,0
DA:77,0
DA:78,0
DA:79,0
DA:80,0
DA:82,0
DA:171,0
DA:175,0
DA:176,0
DA:177,0
DA:181,0
DA:182,0
DA:187,0
DA:200,0
DA:202,0
DA:204,0
DA:205,0
DA:206,0
DA:207,0
DA:208,0
DA:214,0
DA:215,0
DA:216,0
DA:240,0
DA:243,0
DA:251,0
DA:252,0
DA:253,0
DA:254,0
DA:261,0
DA:264,0
DA:280,0
DA:291,0
DA:293,0
DA:301,0
DA:302,0
DA:310,0
DA:317,0
DA:319,0
DA:327,0
DA:328,0
DA:329,0
DA:336,0
DA:340,0
DA:426,0
DA:439,0
DA:441,0
DA:442,0
DA:443,0
DA:458,0
DA:461,0
DA:474,0
DA:475,0
DA:482,0
DA:484,0
DA:487,0
DA:490,0
DA:494,0
DA:495,0
DA:499,0
DA:502,0
DA:506,0
DA:509,0
DA:513,0
DA:515,0
DA:519,0
DA:520,0
DA:524,0
DA:525,0
DA:529,0
DA:530,0
DA:534,0
DA:535,0
DA:538,0
DA:541,0
DA:542,0
DA:549,0
DA:567,0
DA:574,0
DA:577,0
DA:583,0
DA:618,0
DA:619,0
DA:620,0
DA:628,0
DA:629,0
DA:635,0
DA:636,0
DA:643,0
DA:646,0
DA:647,0
DA:648,0
DA:649,0
DA:652,0
DA:653,0
DA:656,0
DA:664,0
DA:670,0
DA:723,0
DA:731,0
DA:733,0
DA:735,0
DA:736,0
DA:737,0
DA:738,0
DA:744,0
DA:745,0
DA:748,0
DA:749,0
DA:750,0
DA:751,0
DA:758,0
DA:759,0
DA:760,0
DA:762,0
DA:766,0
DA:767,0
DA:769,0
DA:772,0
DA:782,0
DA:784,0
DA:791,0
DA:797,0
DA:799,0
DA:806,0
DA:815,0
LF:167
LH:0
BRDA:24,0,0,0
BRDA:24,0,1,0
BRDA:25,1,0,0
BRDA:25,1,1,0
BRDA:26,2,0,0
BRDA:26,2,1,0
BRDA:43,3,0,0
BRDA:43,3,1,0
BRDA:48,4,0,0
BRDA:48,4,1,0
BRDA:51,5,0,0
BRDA:51,5,1,0
BRDA:77,6,0,0
BRDA:77,6,1,0
BRDA:78,7,0,0
BRDA:78,7,1,0
BRDA:80,8,0,0
BRDA:80,8,1,0
BRDA:176,9,0,0
BRDA:176,9,1,0
BRDA:181,10,0,0
BRDA:181,10,1,0
BRDA:184,11,0,0
BRDA:184,11,1,0
BRDA:205,12,0,0
BRDA:205,12,1,0
BRDA:206,13,0,0
BRDA:206,13,1,0
BRDA:214,14,0,0
BRDA:214,14,1,0
BRDA:226,15,0,0
BRDA:227,16,0,0
BRDA:228,17,0,0
BRDA:230,18,0,0
BRDA:235,19,0,0
BRDA:236,20,0,0
BRDA:251,21,0,0
BRDA:251,21,1,0
BRDA:284,22,0,0
BRDA:284,22,1,0
BRDA:301,23,0,0
BRDA:301,23,1,0
BRDA:327,24,0,0
BRDA:327,24,1,0
BRDA:336,25,0,0
BRDA:336,25,1,0
BRDA:343,26,0,0
BRDA:343,26,1,0
BRDA:442,27,0,0
BRDA:442,27,1,0
BRDA:474,28,0,0
BRDA:474,28,1,0
BRDA:484,29,0,0
BRDA:484,29,1,0
BRDA:487,30,0,0
BRDA:487,30,1,0
BRDA:487,31,0,0
BRDA:487,31,1,0
BRDA:487,31,2,0
BRDA:494,32,0,0
BRDA:494,32,1,0
BRDA:499,33,0,0
BRDA:499,33,1,0
BRDA:499,34,0,0
BRDA:499,34,1,0
BRDA:499,34,2,0
BRDA:506,35,0,0
BRDA:506,35,1,0
BRDA:506,36,0,0
BRDA:506,36,1,0
BRDA:506,36,2,0
BRDA:513,37,0,0
BRDA:513,37,1,0
BRDA:513,38,0,0
BRDA:513,38,1,0
BRDA:513,38,2,0
BRDA:519,39,0,0
BRDA:519,39,1,0
BRDA:519,40,0,0
BRDA:519,40,1,0
BRDA:524,41,0,0
BRDA:524,41,1,0
BRDA:524,42,0,0
BRDA:524,42,1,0
BRDA:529,43,0,0
BRDA:529,43,1,0
BRDA:541,44,0,0
BRDA:541,44,1,0
BRDA:586,45,0,0
BRDA:586,45,1,0
BRDA:628,46,0,0
BRDA:628,46,1,0
BRDA:635,47,0,0
BRDA:635,47,1,0
BRDA:673,48,0,0
BRDA:673,48,1,0
BRDA:736,49,0,0
BRDA:736,49,1,0
BRDA:749,50,0,0
BRDA:749,50,1,0
BRDA:758,51,0,0
BRDA:758,51,1,0
BRDA:767,52,0,0
BRDA:767,52,1,0
BRDA:777,53,0,0
BRDA:777,53,1,0
BRDA:778,54,0,0
BRDA:778,54,1,0
BRDA:788,55,0,0
BRDA:788,55,1,0
BRDA:809,56,0,0
BRDA:809,56,1,0
BRF:112
BRH:0
end_of_record
TN:
SF:routes\apps.js
FN:10,(anonymous_0)
FN:28,(anonymous_1)
FN:94,(anonymous_2)
FN:112,(anonymous_3)
FN:153,(anonymous_4)
FN:208,(anonymous_5)
FN:266,(anonymous_6)
FN:313,(anonymous_7)
FNF:8
FNH:0
FNDA:0,(anonymous_0)
FNDA:0,(anonymous_1)
FNDA:0,(anonymous_2)
FNDA:0,(anonymous_3)
FNDA:0,(anonymous_4)
FNDA:0,(anonymous_5)
FNDA:0,(anonymous_6)
FNDA:0,(anonymous_7)
DA:1,0
DA:2,0
DA:3,0
DA:4,0
DA:5,0
DA:7,0
DA:10,0
DA:11,0
DA:12,0
DA:13,0
DA:14,0
DA:20,0
DA:21,0
DA:22,0
DA:28,0
DA:53,0
DA:54,0
DA:55,0
DA:63,0
DA:64,0
DA:66,0
DA:69,0
DA:72,0
DA:73,0
DA:79,0
DA:85,0
DA:86,0
DA:94,0
DA:95,0
DA:96,0
DA:97,0
DA:98,0
DA:104,0
DA:105,0
DA:106,0
DA:112,0
DA:126,0
DA:128,0
DA:131,0
DA:132,0
DA:138,0
DA:144,0
DA:145,0
DA:153,0
DA:154,0
DA:155,0
DA:156,0
DA:158,0
DA:159,0
DA:160,0
DA:166,0
DA:168,0
DA:169,0
DA:175,0
DA:176,0
DA:179,0
DA:186,0
DA:199,0
DA:200,0
DA:208,0
DA:209,0
DA:210,0
DA:211,0
DA:213,0
DA:214,0
DA:215,0
DA:221,0
DA:223,0
DA:224,0
DA:227,0
DA:228,0
DA:231,0
DA:232,0
DA:233,0
DA:234,0
DA:237,0
DA:244,0
DA:257,0
DA:258,0
DA:266,0
DA:267,0
DA:268,0
DA:270,0
DA:271,0
DA:272,0
DA:278,0
DA:279,0
DA:292,0
DA:293,0
DA:298,0
DA:304,0
DA:305,0
DA:313,0
DA:314,0
DA:315,0
DA:316,0
DA:317,0
DA:323,0
DA:327,0
DA:331,0
DA:335,0
DA:339,0
DA:345,0
DA:356,0
DA:357,0
DA:364,0
LF:106
LH:0
BRDA:13,0,0,0
BRDA:13,0,1,0
BRDA:21,1,0,0
BRDA:21,1,1,0
BRDA:21,2,0,0
BRDA:21,2,1,0
BRDA:34,3,0,0
BRDA:34,3,1,0
BRDA:35,4,0,0
BRDA:35,4,1,0
BRDA:39,5,0,0
BRDA:39,5,1,0
BRDA:63,6,0,0
BRDA:63,6,1,0
BRDA:72,7,0,0
BRDA:72,7,1,0
BRDA:97,8,0,0
BRDA:97,8,1,0
BRDA:105,9,0,0
BRDA:105,9,1,0
BRDA:105,10,0,0
BRDA:105,10,1,0
BRDA:119,11,0,0
BRDA:119,11,1,0
BRDA:131,12,0,0
BRDA:131,12,1,0
BRDA:155,13,0,0
BRDA:155,14,0,0
BRDA:159,15,0,0
BRDA:159,15,1,0
BRDA:168,16,0,0
BRDA:168,16,1,0
BRDA:175,17,0,0
BRDA:175,17,1,0
BRDA:210,18,0,0
BRDA:210,19,0,0
BRDA:214,20,0,0
BRDA:214,20,1,0
BRDA:223,21,0,0
BRDA:223,21,1,0
BRDA:227,22,0,0
BRDA:227,22,1,0
BRDA:231,23,0,0
BRDA:231,23,1,0
BRDA:231,24,0,0
BRDA:231,24,1,0
BRDA:233,25,0,0
BRDA:233,25,1,0
BRDA:234,26,0,0
BRDA:234,26,1,0
BRDA:271,27,0,0
BRDA:271,27,1,0
BRDA:292,28,0,0
BRDA:292,28,1,0
BRDA:316,29,0,0
BRDA:316,29,1,0
BRF:56
BRH:0
end_of_record
TN:
SF:routes\audio.js
FN:10,(anonymous_0)
FN:87,(anonymous_1)
FN:152,(anonymous_2)
FN:200,(anonymous_3)
FN:250,(anonymous_4)
FNF:5
FNH:0
FNDA:0,(anonymous_0)
FNDA:0,(anonymous_1)
FNDA:0,(anonymous_2)
FNDA:0,(anonymous_3)
FNDA:0,(anonymous_4)
DA:1,0
DA:2,0
DA:3,0
DA:4,0
DA:5,0
DA:7,0
DA:10,0
DA:11,0
DA:12,0
DA:13,0
DA:14,0
DA:38,0
DA:40,0
DA:61,0
DA:64,0
DA:65,0
DA:72,0
DA:78,0
DA:79,0
DA:87,0
DA:88,0
DA:100,0
DA:102,0
DA:103,0
DA:104,0
DA:110,0
DA:111,0
DA:131,0
DA:132,0
DA:137,0
DA:143,0
DA:144,0
DA:152,0
DA:153,0
DA:154,0
DA:156,0
DA:157,0
DA:158,0
DA:164,0
DA:165,0
DA:179,0
DA:180,0
DA:185,0
DA:191,0
DA:192,0
DA:200,0
DA:201,0
DA:202,0
DA:203,0
DA:205,0
DA:206,0
DA:207,0
DA:213,0
DA:215,0
DA:216,0
DA:217,0
DA:218,0
DA:221,0
DA:228,0
DA:241,0
DA:242,0
DA:250,0
DA:251,0
DA:252,0
DA:253,0
DA:254,0
DA:260,0
DA:265,0
DA:272,0
DA:273,0
DA:280,0
LF:71
LH:0
BRDA:13,0,0,0
BRDA:13,0,1,0
BRDA:64,1,0,0
BRDA:64,1,1,0
BRDA:103,2,0,0
BRDA:103,2,1,0
BRDA:131,3,0,0
BRDA:131,3,1,0
BRDA:157,4,0,0
BRDA:157,4,1,0
BRDA:169,5,0,0
BRDA:169,5,1,0
BRDA:170,6,0,0
BRDA:170,6,1,0
BRDA:171,7,0,0
BRDA:171,7,1,0
BRDA:179,8,0,0
BRDA:179,8,1,0
BRDA:202,9,0,0
BRDA:202,10,0,0
BRDA:206,11,0,0
BRDA:206,11,1,0
BRDA:215,12,0,0
BRDA:215,12,1,0
BRDA:215,13,0,0
BRDA:215,13,1,0
BRDA:217,14,0,0
BRDA:217,14,1,0
BRDA:218,15,0,0
BRDA:218,15,1,0
BRDA:253,16,0,0
BRDA:253,16,1,0
BRF:32
BRH:0
end_of_record
TN:
SF:routes\auth.js
FN:14,(anonymous_0)
FN:91,(anonymous_1)
FN:188,(anonymous_2)
FN:252,(anonymous_3)
FN:276,(anonymous_4)
FNF:5
FNH:0
FNDA:0,(anonymous_0)
FNDA:0,(anonymous_1)
FNDA:0,(anonymous_2)
FNDA:0,(anonymous_3)
FNDA:0,(anonymous_4)
DA:1,0
DA:2,0
DA:3,0
DA:4,0
DA:5,0
DA:6,0
DA:8,0
DA:11,0
DA:15,0
DA:16,0
DA:17,0
DA:18,0
DA:24,0
DA:27,0
DA:28,0
DA:29,0
DA:36,0
DA:37,0
DA:44,0
DA:45,0
DA:46,0
DA:47,0
DA:54,0
DA:55,0
DA:58,0
DA:64,0
DA:66,0
DA:78,0
DA:79,0
DA:87,0
DA:92,0
DA:93,0
DA:94,0
DA:95,0
DA:112,0
DA:115,0
DA:117,0
DA:119,0
DA:135,0
DA:153,0
DA:159,0
DA:162,0
DA:163,0
DA:168,0
DA:179,0
DA:180,0
DA:188,0
DA:189,0
DA:201,0
DA:203,0
DA:204,0
DA:205,0
DA:211,0
DA:228,0
DA:229,0
DA:238,0
DA:243,0
DA:244,0
DA:252,0
DA:253,0
DA:254,0
DA:256,0
DA:262,0
DA:267,0
DA:268,0
DA:276,0
DA:277,0
DA:279,0
DA:284,0
DA:285,0
DA:292,0
LF:71
LH:0
BRDA:17,0,0,0
BRDA:17,0,1,0
BRDA:28,1,0,0
BRDA:28,1,1,0
BRDA:36,2,0,0
BRDA:36,2,1,0
BRDA:45,3,0,0
BRDA:45,3,1,0
BRDA:61,4,0,0
BRDA:61,4,1,0
BRDA:94,5,0,0
BRDA:94,5,1,0
BRDA:117,6,0,0
BRDA:117,6,1,0
BRDA:162,7,0,0
BRDA:162,7,1,0
BRDA:204,8,0,0
BRDA:204,8,1,0
BRDA:228,9,0,0
BRDA:228,9,1,0
BRDA:259,10,0,0
BRDA:259,10,1,0
BRF:22
BRH:0
end_of_record
TN:
SF:routes\callLogs.js
FN:8,(anonymous_0)
FN:45,(anonymous_1)
FN:81,(anonymous_2)
FN:109,(anonymous_3)
FN:119,(anonymous_4)
FNF:5
FNH:0
FNDA:0,(anonymous_0)
FNDA:0,(anonymous_1)
FNDA:0,(anonymous_2)
FNDA:0,(anonymous_3)
FNDA:0,(anonymous_4)
DA:1,0
DA:2,0
DA:3,0
DA:4,0
DA:5,0
DA:8,0
DA:9,0
DA:10,0
DA:12,0
DA:13,0
DA:16,0
DA:18,0
DA:32,0
DA:39,0
DA:40,0
DA:45,0
DA:46,0
DA:56,0
DA:58,0
DA:59,0
DA:62,0
DA:73,0
DA:75,0
DA:76,0
DA:81,0
DA:82,0
DA:83,0
DA:84,0
DA:86,0
DA:87,0
DA:90,0
DA:97,0
DA:98,0
DA:101,0
DA:103,0
DA:104,0
DA:109,0
DA:110,0
DA:111,0
DA:113,0
DA:114,0
DA:118,0
DA:120,0
DA:130,0
DA:135,0
DA:136,0
DA:140,0
LF:47
LH:0
BRDA:10,0,0,0
BRDA:10,1,0,0
BRDA:12,2,0,0
BRDA:12,2,1,0
BRDA:58,3,0,0
BRDA:58,3,1,0
BRDA:58,4,0,0
BRDA:58,4,1,0
BRDA:58,4,2,0
BRDA:65,5,0,0
BRDA:65,5,1,0
BRDA:67,6,0,0
BRDA:67,6,1,0
BRDA:68,7,0,0
BRDA:68,7,1,0
BRDA:69,8,0,0
BRDA:69,8,1,0
BRDA:70,9,0,0
BRDA:70,9,1,0
BRDA:86,10,0,0
BRDA:86,10,1,0
BRDA:97,11,0,0
BRDA:97,11,1,0
BRDA:113,12,0,0
BRDA:113,12,1,0
BRDA:113,13,0,0
BRDA:113,13,1,0
BRF:27
BRH:0
end_of_record
TN:
SF:routes\callRecordings.js
FN:14,(anonymous_0)
FN:21,(anonymous_1)
FN:34,(anonymous_2)
FN:45,(anonymous_3)
FN:158,(anonymous_4)
FN:231,(anonymous_5)
FN:289,(anonymous_6)
FN:325,(anonymous_7)
FN:359,(anonymous_8)
FN:386,(anonymous_9)
FNF:10
FNH:0
FNDA:0,(anonymous_0)
FNDA:0,(anonymous_1)
FNDA:0,(anonymous_2)
FNDA:0,(anonymous_3)
FNDA:0,(anonymous_4)
FNDA:0,(anonymous_5)
FNDA:0,(anonymous_6)
FNDA:0,(anonymous_7)
FNDA:0,(anonymous_8)
FNDA:0,(anonymous_9)
DA:1,0
DA:2,0
DA:3,0
DA:4,0
DA:5,0
DA:6,0
DA:7,0
DA:8,0
DA:10,0
DA:13,0
DA:15,0
DA:16,0
DA:17,0
DA:19,0
DA:22,0
DA:23,0
DA:24,0
DA:25,0
DA:29,0
DA:35,0
DA:36,0
DA:37,0
DA:39,0
DA:45,0
DA:46,0
DA:47,0
DA:48,0
DA:49,0
DA:55,0
DA:56,0
DA:80,0
DA:83,0
DA:84,0
DA:85,0
DA:97,0
DA:98,0
DA:102,0
DA:128,0
DA:131,0
DA:132,0
DA:140,0
DA:149,0
DA:150,0
DA:158,0
DA:159,0
DA:160,0
DA:161,0
DA:163,0
DA:164,0
DA:165,0
DA:171,0
DA:173,0
DA:174,0
DA:177,0
DA:178,0
DA:181,0
DA:182,0
DA:185,0
DA:186,0
DA:189,0
DA:190,0
DA:191,0
DA:192,0
DA:195,0
DA:209,0
DA:222,0
DA:223,0
DA:231,0
DA:232,0
DA:233,0
DA:234,0
DA:236,0
DA:237,0
DA:245,0
DA:246,0
DA:249,0
DA:250,0
DA:253,0
DA:254,0
DA:259,0
DA:267,0
DA:280,0
DA:281,0
DA:289,0
DA:290,0
DA:291,0
DA:292,0
DA:293,0
DA:299,0
DA:300,0
DA:306,0
DA:308,0
DA:309,0
DA:311,0
DA:312,0
DA:314,0
DA:316,0
DA:317,0
DA:325,0
DA:326,0
DA:327,0
DA:328,0
DA:329,0
DA:335,0
DA:337,0
DA:344,0
DA:350,0
DA:351,0
DA:359,0
DA:360,0
DA:361,0
DA:362,0
DA:363,0
DA:370,0
DA:372,0
DA:377,0
DA:378,0
DA:386,0
DA:387,0
DA:388,0
DA:389,0
DA:390,0
DA:396,0
DA:400,0
DA:404,0
DA:408,0
DA:412,0
DA:416,0
DA:420,0
DA:426,0
DA:439,0
DA:440,0
DA:447,0
LF:133
LH:0
BRDA:16,0,0,0
BRDA:16,0,1,0
BRDA:23,1,0,0
BRDA:23,1,1,0
BRDA:36,2,0,0
BRDA:36,2,1,0
BRDA:48,3,0,0
BRDA:48,3,1,0
BRDA:55,4,0,0
BRDA:55,4,1,0
BRDA:84,5,0,0
BRDA:84,5,1,0
BRDA:84,6,0,0
BRDA:84,6,1,0
BRDA:97,7,0,0
BRDA:97,7,1,0
BRDA:108,8,0,0
BRDA:108,8,1,0
BRDA:109,9,0,0
BRDA:109,9,1,0
BRDA:110,10,0,0
BRDA:110,10,1,0
BRDA:114,11,0,0
BRDA:114,11,1,0
BRDA:115,12,0,0
BRDA:115,12,1,0
BRDA:116,13,0,0
BRDA:116,13,1,0
BRDA:119,14,0,0
BRDA:119,14,1,0
BRDA:121,15,0,0
BRDA:121,15,1,0
BRDA:122,16,0,0
BRDA:122,16,1,0
BRDA:124,17,0,0
BRDA:124,17,1,0
BRDA:131,18,0,0
BRDA:131,18,1,0
BRDA:160,19,0,0
BRDA:160,20,0,0
BRDA:164,21,0,0
BRDA:164,21,1,0
BRDA:173,22,0,0
BRDA:173,22,1,0
BRDA:177,23,0,0
BRDA:177,23,1,0
BRDA:181,24,0,0
BRDA:181,24,1,0
BRDA:185,25,0,0
BRDA:185,25,1,0
BRDA:189,26,0,0
BRDA:189,26,1,0
BRDA:189,27,0,0
BRDA:189,27,1,0
BRDA:191,28,0,0
BRDA:191,28,1,0
BRDA:192,29,0,0
BRDA:192,29,1,0
BRDA:233,30,0,0
BRDA:233,31,0,0
BRDA:245,32,0,0
BRDA:245,32,1,0
BRDA:249,33,0,0
BRDA:249,33,1,0
BRDA:253,34,0,0
BRDA:253,34,1,0
BRDA:292,35,0,0
BRDA:292,35,1,0
BRDA:292,36,0,0
BRDA:292,36,1,0
BRDA:299,37,0,0
BRDA:299,37,1,0
BRDA:328,38,0,0
BRDA:328,38,1,0
BRDA:328,39,0,0
BRDA:328,39,1,0
BRDA:339,40,0,0
BRDA:339,40,1,0
BRDA:340,41,0,0
BRDA:340,41,1,0
BRDA:341,42,0,0
BRDA:341,42,1,0
BRDA:362,43,0,0
BRDA:362,43,1,0
BRDA:362,44,0,0
BRDA:362,44,1,0
BRDA:389,45,0,0
BRDA:389,45,1,0
BRDA:432,46,0,0
BRDA:432,46,1,0
BRDA:433,47,0,0
BRDA:433,47,1,0
BRF:92
BRH:0
end_of_record
TN:
SF:routes\commands.js
FN:8,(anonymous_0)
FN:41,(anonymous_1)
FN:100,(anonymous_2)
FN:137,(anonymous_3)
FN:164,(anonymous_4)
FNF:5
FNH:0
FNDA:0,(anonymous_0)
FNDA:0,(anonymous_1)
FNDA:0,(anonymous_2)
FNDA:0,(anonymous_3)
FNDA:0,(anonymous_4)
DA:1,0
DA:2,0
DA:3,0
DA:4,0
DA:5,0
DA:8,0
DA:9,0
DA:10,0
DA:12,0
DA:13,0
DA:16,0
DA:17,0
DA:18,0
DA:21,0
DA:28,0
DA:35,0
DA:36,0
DA:41,0
DA:42,0
DA:50,0
DA:52,0
DA:53,0
DA:57,0
DA:58,0
DA:59,0
DA:62,0
DA:73,0
DA:74,0
DA:85,0
DA:86,0
DA:87,0
DA:88,0
DA:92,0
DA:94,0
DA:95,0
DA:100,0
DA:101,0
DA:102,0
DA:103,0
DA:105,0
DA:106,0
DA:109,0
DA:110,0
DA:111,0
DA:115,0
DA:116,0
DA:117,0
DA:118,0
DA:120,0
DA:123,0
DA:124,0
DA:129,0
DA:131,0
DA:132,0
DA:137,0
DA:138,0
DA:139,0
DA:141,0
DA:142,0
DA:145,0
DA:156,0
DA:158,0
DA:159,0
DA:164,0
DA:165,0
DA:166,0
DA:168,0
DA:172,0
DA:173,0
DA:177,0
DA:181,0
DA:183,0
DA:184,0
DA:188,0
LF:74
LH:0
BRDA:10,0,0,0
BRDA:10,1,0,0
BRDA:12,2,0,0
BRDA:12,2,1,0
BRDA:17,3,0,0
BRDA:17,3,1,0
BRDA:47,4,0,0
BRDA:48,5,0,0
BRDA:49,6,0,0
BRDA:52,7,0,0
BRDA:52,7,1,0
BRDA:52,8,0,0
BRDA:52,8,1,0
BRDA:58,9,0,0
BRDA:58,9,1,0
BRDA:65,10,0,0
BRDA:65,10,1,0
BRDA:73,11,0,0
BRDA:73,11,1,0
BRDA:78,12,0,0
BRDA:78,12,1,0
BRDA:85,13,0,0
BRDA:85,13,1,0
BRDA:87,14,0,0
BRDA:87,14,1,0
BRDA:105,15,0,0
BRDA:105,15,1,0
BRDA:110,16,0,0
BRDA:110,16,1,0
BRDA:116,17,0,0
BRDA:116,17,1,0
BRDA:117,18,0,0
BRDA:117,18,1,0
BRDA:118,19,0,0
BRDA:118,19,1,0
BRDA:123,20,0,0
BRDA:123,20,1,0
BRDA:141,21,0,0
BRDA:141,21,1,0
BRDA:172,22,0,0
BRDA:172,22,1,0
BRF:41
BRH:0
end_of_record
TN:
SF:routes\config.js
FN:10,(anonymous_0)
FN:28,(anonymous_1)
FN:85,(anonymous_2)
FN:170,(anonymous_3)
FN:226,(anonymous_4)
FN:274,(anonymous_5)
FN:328,(anonymous_6)
FNF:7
FNH:0
FNDA:0,(anonymous_0)
FNDA:0,(anonymous_1)
FNDA:0,(anonymous_2)
FNDA:0,(anonymous_3)
FNDA:0,(anonymous_4)
FNDA:0,(anonymous_5)
FNDA:0,(anonymous_6)
DA:1,0
DA:2,0
DA:3,0
DA:4,0
DA:5,0
DA:7,0
DA:10,0
DA:11,0
DA:12,0
DA:13,0
DA:14,0
DA:20,0
DA:21,0
DA:22,0
DA:28,0
DA:44,0
DA:45,0
DA:46,0
DA:54,0
DA:55,0
DA:57,0
DA:60,0
DA:63,0
DA:64,0
DA:70,0
DA:76,0
DA:77,0
DA:85,0
DA:86,0
DA:87,0
DA:89,0
DA:90,0
DA:91,0
DA:98,0
DA:117,0
DA:118,0
DA:130,0
DA:131,0
DA:145,0
DA:146,0
DA:151,0
DA:161,0
DA:162,0
DA:170,0
DA:171,0
DA:172,0
DA:173,0
DA:175,0
DA:176,0
DA:177,0
DA:183,0
DA:185,0
DA:186,0
DA:189,0
DA:190,0
DA:193,0
DA:194,0
DA:197,0
DA:204,0
DA:217,0
DA:218,0
DA:226,0
DA:227,0
DA:228,0
DA:229,0
DA:231,0
DA:233,0
DA:234,0
DA:237,0
DA:238,0
DA:241,0
DA:242,0
DA:245,0
DA:252,0
DA:265,0
DA:266,0
DA:274,0
DA:275,0
DA:276,0
DA:279,0
DA:298,0
DA:299,0
DA:310,0
DA:319,0
DA:320,0
DA:328,0
DA:329,0
DA:330,0
DA:340,0
DA:345,0
DA:346,0
DA:353,0
LF:92
LH:0
BRDA:13,0,0,0
BRDA:13,0,1,0
BRDA:21,1,0,0
BRDA:21,1,1,0
BRDA:21,2,0,0
BRDA:21,2,1,0
BRDA:32,3,0,0
BRDA:32,3,1,0
BRDA:35,4,0,0
BRDA:35,4,1,0
BRDA:36,5,0,0
BRDA:36,5,1,0
BRDA:39,6,0,0
BRDA:39,6,1,0
BRDA:54,7,0,0
BRDA:54,7,1,0
BRDA:63,8,0,0
BRDA:63,8,1,0
BRDA:90,9,0,0
BRDA:90,9,1,0
BRDA:107,10,0,0
BRDA:107,10,1,0
BRDA:110,11,0,0
BRDA:110,11,1,0
BRDA:117,12,0,0
BRDA:117,12,1,0
BRDA:120,13,0,0
BRDA:120,13,1,0
BRDA:121,14,0,0
BRDA:121,14,1,0
BRDA:122,15,0,0
BRDA:122,15,1,0
BRDA:123,16,0,0
BRDA:123,16,1,0
BRDA:137,17,0,0
BRDA:137,17,1,0
BRDA:145,18,0,0
BRDA:145,18,1,0
BRDA:172,19,0,0
BRDA:172,20,0,0
BRDA:176,21,0,0
BRDA:176,21,1,0
BRDA:185,22,0,0
BRDA:185,22,1,0
BRDA:189,23,0,0
BRDA:189,23,1,0
BRDA:193,24,0,0
BRDA:193,24,1,0
BRDA:228,25,0,0
BRDA:228,26,0,0
BRDA:233,27,0,0
BRDA:233,27,1,0
BRDA:237,28,0,0
BRDA:237,28,1,0
BRDA:241,29,0,0
BRDA:241,29,1,0
BRDA:288,30,0,0
BRDA:288,30,1,0
BRDA:291,31,0,0
BRDA:291,31,1,0
BRDA:298,32,0,0
BRDA:298,32,1,0
BRDA:301,33,0,0
BRDA:301,33,1,0
BRDA:302,34,0,0
BRDA:302,34,1,0
BRDA:303,35,0,0
BRDA:303,35,1,0
BRDA:304,36,0,0
BRDA:304,36,1,0
BRDA:312,37,0,0
BRDA:312,37,1,0
BRF:72
BRH:0
end_of_record
TN:
SF:routes\contacts.js
FN:10,(anonymous_0)
FN:28,(anonymous_1)
FN:91,(anonymous_2)
FN:144,(anonymous_3)
FN:177,(anonymous_4)
FN:217,(anonymous_5)
FN:277,(anonymous_6)
FNF:7
FNH:0
FNDA:0,(anonymous_0)
FNDA:0,(anonymous_1)
FNDA:0,(anonymous_2)
FNDA:0,(anonymous_3)
FNDA:0,(anonymous_4)
FNDA:0,(anonymous_5)
FNDA:0,(anonymous_6)
DA:1,0
DA:2,0
DA:3,0
DA:4,0
DA:5,0
DA:7,0
DA:10,0
DA:11,0
DA:12,0
DA:13,0
DA:14,0
DA:20,0
DA:21,0
DA:22,0
DA:28,0
DA:50,0
DA:51,0
DA:52,0
DA:60,0
DA:61,0
DA:63,0
DA:66,0
DA:69,0
DA:70,0
DA:76,0
DA:82,0
DA:83,0
DA:91,0
DA:92,0
DA:93,0
DA:94,0
DA:96,0
DA:97,0
DA:98,0
DA:104,0
DA:106,0
DA:107,0
DA:115,0
DA:122,0
DA:135,0
DA:136,0
DA:144,0
DA:145,0
DA:146,0
DA:156,0
DA:157,0
DA:163,0
DA:168,0
DA:169,0
DA:177,0
DA:178,0
DA:179,0
DA:180,0
DA:182,0
DA:203,0
DA:208,0
DA:209,0
DA:217,0
DA:218,0
DA:219,0
DA:220,0
DA:221,0
DA:227,0
DA:231,0
DA:235,0
DA:243,0
DA:251,0
DA:257,0
DA:268,0
DA:269,0
DA:277,0
DA:278,0
DA:279,0
DA:280,0
DA:281,0
DA:287,0
DA:292,0
DA:294,0
DA:299,0
DA:300,0
DA:307,0
LF:81
LH:0
BRDA:13,0,0,0
BRDA:13,0,1,0
BRDA:21,1,0,0
BRDA:21,1,1,0
BRDA:21,2,0,0
BRDA:21,2,1,0
BRDA:40,3,0,0
BRDA:40,3,1,0
BRDA:41,4,0,0
BRDA:41,4,1,0
BRDA:42,5,0,0
BRDA:42,5,1,0
BRDA:44,6,0,0
BRDA:44,6,1,0
BRDA:60,7,0,0
BRDA:60,7,1,0
BRDA:69,8,0,0
BRDA:69,8,1,0
BRDA:93,9,0,0
BRDA:93,10,0,0
BRDA:97,11,0,0
BRDA:97,11,1,0
BRDA:106,12,0,0
BRDA:106,12,1,0
BRDA:156,13,0,0
BRDA:156,13,1,0
BRDA:156,14,0,0
BRDA:156,14,1,0
BRDA:180,15,0,0
BRDA:220,16,0,0
BRDA:220,16,1,0
BRDA:280,17,0,0
BRDA:280,17,1,0
BRF:33
BRH:0
end_of_record
TN:
SF:routes\dashboard.js
FN:10,(anonymous_0)
FN:92,(anonymous_1)
FN:125,(anonymous_2)
FN:166,(anonymous_3)
FN:207,(anonymous_4)
FNF:5
FNH:0
FNDA:0,(anonymous_0)
FNDA:0,(anonymous_1)
FNDA:0,(anonymous_2)
FNDA:0,(anonymous_3)
FNDA:0,(anonymous_4)
DA:1,0
DA:2,0
DA:3,0
DA:4,0
DA:5,0
DA:7,0
DA:10,0
DA:11,0
DA:21,0
DA:38,0
DA:44,0
DA:56,0
DA:83,0
DA:84,0
DA:92,0
DA:93,0
DA:94,0
DA:95,0
DA:96,0
DA:98,0
DA:111,0
DA:116,0
DA:117,0
DA:125,0
DA:126,0
DA:127,0
DA:137,0
DA:149,0
DA:157,0
DA:158,0
DA:166,0
DA:167,0
DA:168,0
DA:178,0
DA:190,0
DA:198,0
DA:199,0
DA:207,0
DA:208,0
DA:209,0
DA:210,0
DA:211,0
DA:219,0
DA:233,0
DA:252,0
DA:253,0
DA:255,0
DA:256,0
DA:259,0
DA:264,0
DA:265,0
DA:272,0
LF:52
LH:0
BRDA:94,0,0,0
BRDA:244,1,0,0
BRDA:244,1,1,0
BRDA:245,2,0,0
BRDA:245,2,1,0
BRDA:252,3,0,0
BRDA:252,3,1,0
BRDA:255,4,0,0
BRDA:255,4,1,0
BRDA:255,5,0,0
BRDA:255,5,1,0
BRF:11
BRH:0
end_of_record
TN:
SF:routes\devices.js
FN:10,(anonymous_0)
FN:63,(anonymous_1)
FN:107,(anonymous_2)
FN:120,(anonymous_3)
FN:144,(anonymous_4)
FN:172,(anonymous_5)
FN:228,(anonymous_6)
FN:301,(anonymous_7)
FNF:8
FNH:0
FNDA:0,(anonymous_0)
FNDA:0,(anonymous_1)
FNDA:0,(anonymous_2)
FNDA:0,(anonymous_3)
FNDA:0,(anonymous_4)
FNDA:0,(anonymous_5)
FNDA:0,(anonymous_6)
FNDA:0,(anonymous_7)
DA:1,0
DA:2,0
DA:3,0
DA:4,0
DA:5,0
DA:7,0
DA:10,0
DA:11,0
DA:12,0
DA:13,0
DA:15,0
DA:16,0
DA:17,0
DA:19,0
DA:20,0
DA:28,0
DA:41,0
DA:54,0
DA:55,0
DA:63,0
DA:64,0
DA:65,0
DA:86,0
DA:87,0
DA:93,0
DA:98,0
DA:99,0
DA:107,0
DA:108,0
DA:109,0
DA:110,0
DA:111,0
DA:117,0
DA:118,0
DA:120,0
DA:121,0
DA:122,0
DA:126,0
DA:128,0
DA:130,0
DA:135,0
DA:136,0
DA:144,0
DA:145,0
DA:146,0
DA:147,0
DA:148,0
DA:154,0
DA:156,0
DA:158,0
DA:163,0
DA:164,0
DA:172,0
DA:173,0
DA:174,0
DA:175,0
DA:176,0
DA:189,0
DA:198,0
DA:204,0
DA:219,0
DA:220,0
DA:228,0
DA:229,0
DA:230,0
DA:231,0
DA:232,0
DA:247,0
DA:249,0
DA:251,0
DA:252,0
DA:264,0
DA:277,0
DA:280,0
DA:281,0
DA:287,0
DA:292,0
DA:293,0
DA:301,0
DA:302,0
DA:303,0
DA:304,0
DA:305,0
DA:311,0
DA:317,0
DA:318,0
DA:324,0
DA:329,0
DA:330,0
DA:337,0
LF:90
LH:0
BRDA:12,0,0,0
BRDA:12,1,0,0
BRDA:16,2,0,0
BRDA:16,2,1,0
BRDA:19,3,0,0
BRDA:19,3,1,0
BRDA:86,4,0,0
BRDA:86,4,1,0
BRDA:110,5,0,0
BRDA:110,5,1,0
BRDA:121,6,0,0
BRDA:121,6,1,0
BRDA:147,7,0,0
BRDA:147,7,1,0
BRDA:175,8,0,0
BRDA:175,8,1,0
BRDA:231,9,0,0
BRDA:231,9,1,0
BRDA:251,10,0,0
BRDA:251,10,1,0
BRDA:280,11,0,0
BRDA:280,11,1,0
BRDA:304,12,0,0
BRDA:304,12,1,0
BRDA:317,13,0,0
BRDA:317,13,1,0
BRF:26
BRH:0
end_of_record
TN:
SF:routes\fileExplorer.js
FN:10,(anonymous_0)
FN:28,(anonymous_1)
FN:92,(anonymous_2)
FN:141,(anonymous_3)
FN:197,(anonymous_4)
FN:243,(anonymous_5)
FN:290,(anonymous_6)
FNF:7
FNH:0
FNDA:0,(anonymous_0)
FNDA:0,(anonymous_1)
FNDA:0,(anonymous_2)
FNDA:0,(anonymous_3)
FNDA:0,(anonymous_4)
FNDA:0,(anonymous_5)
FNDA:0,(anonymous_6)
DA:1,0
DA:2,0
DA:3,0
DA:4,0
DA:5,0
DA:7,0
DA:10,0
DA:11,0
DA:12,0
DA:13,0
DA:14,0
DA:20,0
DA:21,0
DA:22,0
DA:28,0
DA:50,0
DA:51,0
DA:52,0
DA:60,0
DA:61,0
DA:63,0
DA:66,0
DA:69,0
DA:70,0
DA:77,0
DA:83,0
DA:84,0
DA:92,0
DA:93,0
DA:94,0
DA:95,0
DA:96,0
DA:102,0
DA:103,0
DA:104,0
DA:110,0
DA:111,0
DA:112,0
DA:121,0
DA:124,0
DA:126,0
DA:132,0
DA:133,0
DA:141,0
DA:142,0
DA:143,0
DA:144,0
DA:146,0
DA:147,0
DA:148,0
DA:154,0
DA:156,0
DA:157,0
DA:160,0
DA:161,0
DA:164,0
DA:165,0
DA:168,0
DA:175,0
DA:188,0
DA:189,0
DA:197,0
DA:198,0
DA:199,0
DA:201,0
DA:202,0
DA:203,0
DA:209,0
DA:210,0
DA:222,0
DA:223,0
DA:228,0
DA:234,0
DA:235,0
DA:243,0
DA:244,0
DA:245,0
DA:247,0
DA:248,0
DA:249,0
DA:255,0
DA:256,0
DA:269,0
DA:270,0
DA:275,0
DA:281,0
DA:282,0
DA:290,0
DA:291,0
DA:292,0
DA:293,0
DA:294,0
DA:300,0
DA:304,0
DA:308,0
DA:312,0
DA:323,0
DA:329,0
DA:340,0
DA:341,0
DA:348,0
LF:101
LH:0
BRDA:13,0,0,0
BRDA:13,0,1,0
BRDA:21,1,0,0
BRDA:21,1,1,0
BRDA:21,2,0,0
BRDA:21,2,1,0
BRDA:32,3,0,0
BRDA:32,3,1,0
BRDA:36,4,0,0
BRDA:36,4,1,0
BRDA:40,5,0,0
BRDA:40,5,1,0
BRDA:42,6,0,0
BRDA:42,6,1,0
BRDA:43,7,0,0
BRDA:43,7,1,0
BRDA:60,8,0,0
BRDA:60,8,1,0
BRDA:69,9,0,0
BRDA:69,9,1,0
BRDA:95,10,0,0
BRDA:95,10,1,0
BRDA:103,11,0,0
BRDA:103,11,1,0
BRDA:103,12,0,0
BRDA:103,12,1,0
BRDA:121,13,0,0
BRDA:121,13,1,0
BRDA:143,14,0,0
BRDA:143,15,0,0
BRDA:147,16,0,0
BRDA:147,16,1,0
BRDA:156,17,0,0
BRDA:156,17,1,0
BRDA:160,18,0,0
BRDA:160,18,1,0
BRDA:164,19,0,0
BRDA:164,19,1,0
BRDA:202,20,0,0
BRDA:202,20,1,0
BRDA:222,21,0,0
BRDA:222,21,1,0
BRDA:248,22,0,0
BRDA:248,22,1,0
BRDA:258,23,0,0
BRDA:258,23,1,0
BRDA:258,24,0,0
BRDA:258,24,1,0
BRDA:260,25,0,0
BRDA:260,25,1,0
BRDA:269,26,0,0
BRDA:269,26,1,0
BRDA:293,27,0,0
BRDA:293,27,1,0
BRDA:334,28,0,0
BRDA:334,28,1,0
BRF:56
BRH:0
end_of_record
TN:
SF:routes\files.js
FN:17,(anonymous_0)
FN:25,(anonymous_1)
FN:28,(anonymous_2)
FN:43,(anonymous_3)
FN:44,(anonymous_4)
FN:49,(anonymous_5)
FN:50,(anonymous_6)
FN:55,(anonymous_7)
FN:65,(anonymous_8)
FN:133,(anonymous_9)
FN:187,(anonymous_10)
FN:226,(anonymous_11)
FN:255,(anonymous_12)
FNF:13
FNH:0
FNDA:0,(anonymous_0)
FNDA:0,(anonymous_1)
FNDA:0,(anonymous_2)
FNDA:0,(anonymous_3)
FNDA:0,(anonymous_4)
FNDA:0,(anonymous_5)
FNDA:0,(anonymous_6)
FNDA:0,(anonymous_7)
FNDA:0,(anonymous_8)
FNDA:0,(anonymous_9)
FNDA:0,(anonymous_10)
FNDA:0,(anonymous_11)
FNDA:0,(anonymous_12)
DA:1,0
DA:2,0
DA:3,0
DA:4,0
DA:5,0
DA:6,0
DA:7,0
DA:8,0
DA:9,0
DA:11,0
DA:14,0
DA:15,0
DA:17,0
DA:18,0
DA:19,0
DA:24,0
DA:26,0
DA:29,0
DA:30,0
DA:31,0
DA:35,0
DA:43,0
DA:44,0
DA:45,0
DA:46,0
DA:48,0
DA:49,0
DA:50,0
DA:55,0
DA:56,0
DA:57,0
DA:58,0
DA:59,0
DA:60,0
DA:61,0
DA:65,0
DA:66,0
DA:67,0
DA:68,0
DA:74,0
DA:75,0
DA:76,0
DA:83,0
DA:85,0
DA:87,0
DA:103,0
DA:106,0
DA:107,0
DA:113,0
DA:124,0
DA:125,0
DA:133,0
DA:134,0
DA:135,0
DA:136,0
DA:138,0
DA:139,0
DA:140,0
DA:146,0
DA:148,0
DA:149,0
DA:152,0
DA:153,0
DA:154,0
DA:155,0
DA:158,0
DA:165,0
DA:178,0
DA:179,0
DA:187,0
DA:188,0
DA:189,0
DA:190,0
DA:191,0
DA:197,0
DA:198,0
DA:205,0
DA:210,0
DA:211,0
DA:212,0
DA:214,0
DA:215,0
DA:217,0
DA:218,0
DA:226,0
DA:227,0
DA:228,0
DA:229,0
DA:230,0
DA:237,0
DA:239,0
DA:241,0
DA:246,0
DA:247,0
DA:255,0
DA:256,0
DA:257,0
DA:258,0
DA:259,0
DA:265,0
DA:275,0
DA:279,0
DA:283,0
DA:292,0
DA:293,0
DA:300,0
LF:106
LH:0
BRDA:18,0,0,0
BRDA:18,0,1,0
BRDA:38,1,0,0
BRDA:38,1,1,0
BRDA:56,2,0,0
BRDA:56,2,1,0
BRDA:57,3,0,0
BRDA:57,3,1,0
BRDA:58,4,0,0
BRDA:58,4,1,0
BRDA:59,5,0,0
BRDA:59,5,1,0
BRDA:59,6,0,0
BRDA:59,6,1,0
BRDA:59,6,2,0
BRDA:60,7,0,0
BRDA:60,7,1,0
BRDA:60,8,0,0
BRDA:60,8,1,0
BRDA:60,8,2,0
BRDA:67,9,0,0
BRDA:67,9,1,0
BRDA:75,10,0,0
BRDA:75,10,1,0
BRDA:98,11,0,0
BRDA:98,11,1,0
BRDA:100,12,0,0
BRDA:100,12,1,0
BRDA:106,13,0,0
BRDA:106,13,1,0
BRDA:135,14,0,0
BRDA:135,15,0,0
BRDA:139,16,0,0
BRDA:139,16,1,0
BRDA:148,17,0,0
BRDA:148,17,1,0
BRDA:152,18,0,0
BRDA:152,18,1,0
BRDA:152,19,0,0
BRDA:152,19,1,0
BRDA:154,20,0,0
BRDA:154,20,1,0
BRDA:155,21,0,0
BRDA:155,21,1,0
BRDA:190,22,0,0
BRDA:190,22,1,0
BRDA:190,23,0,0
BRDA:190,23,1,0
BRDA:197,24,0,0
BRDA:197,24,1,0
BRDA:229,25,0,0
BRDA:229,25,1,0
BRDA:258,26,0,0
BRDA:258,26,1,0
BRDA:287,27,0,0
BRDA:287,27,1,0
BRF:56
BRH:0
end_of_record
TN:
SF:routes\location.js
FN:10,(anonymous_0)
FN:76,(anonymous_1)
FN:94,(anonymous_2)
FN:138,(anonymous_3)
FN:188,(anonymous_4)
FN:236,(anonymous_5)
FN:265,(anonymous_6)
FN:280,(anonymous_7)
FN:281,(anonymous_8)
FN:306,(anonymous_9)
FNF:10
FNH:0
FNDA:0,(anonymous_0)
FNDA:0,(anonymous_1)
FNDA:0,(anonymous_2)
FNDA:0,(anonymous_3)
FNDA:0,(anonymous_4)
FNDA:0,(anonymous_5)
FNDA:0,(anonymous_6)
FNDA:0,(anonymous_7)
FNDA:0,(anonymous_8)
FNDA:0,(anonymous_9)
DA:1,0
DA:2,0
DA:3,0
DA:4,0
DA:5,0
DA:7,0
DA:10,0
DA:11,0
DA:12,0
DA:13,0
DA:14,0
DA:33,0
DA:35,0
DA:51,0
DA:54,0
DA:55,0
DA:61,0
DA:67,0
DA:68,0
DA:76,0
DA:77,0
DA:78,0
DA:79,0
DA:80,0
DA:86,0
DA:87,0
DA:88,0
DA:94,0
DA:110,0
DA:112,0
DA:115,0
DA:116,0
DA:123,0
DA:129,0
DA:130,0
DA:138,0
DA:139,0
DA:140,0
DA:141,0
DA:143,0
DA:144,0
DA:145,0
DA:151,0
DA:153,0
DA:154,0
DA:155,0
DA:156,0
DA:159,0
DA:166,0
DA:179,0
DA:180,0
DA:188,0
DA:189,0
DA:190,0
DA:192,0
DA:193,0
DA:194,0
DA:200,0
DA:202,0
DA:203,0
DA:204,0
DA:205,0
DA:208,0
DA:215,0
DA:227,0
DA:228,0
DA:236,0
DA:237,0
DA:238,0
DA:239,0
DA:240,0
DA:246,0
DA:251,0
DA:256,0
DA:257,0
DA:265,0
DA:266,0
DA:267,0
DA:279,0
DA:280,0
DA:281,0
DA:292,0
DA:297,0
DA:298,0
DA:306,0
DA:307,0
DA:308,0
DA:310,0
DA:311,0
DA:312,0
DA:318,0
DA:320,0
DA:321,0
DA:322,0
DA:323,0
DA:326,0
DA:328,0
DA:330,0
DA:335,0
DA:336,0
DA:343,0
LF:101
LH:0
BRDA:13,0,0,0
BRDA:13,0,1,0
BRDA:45,1,0,0
BRDA:45,1,1,0
BRDA:48,2,0,0
BRDA:48,2,1,0
BRDA:54,3,0,0
BRDA:54,3,1,0
BRDA:79,4,0,0
BRDA:79,4,1,0
BRDA:87,5,0,0
BRDA:87,5,1,0
BRDA:87,6,0,0
BRDA:87,6,1,0
BRDA:104,7,0,0
BRDA:104,7,1,0
BRDA:107,8,0,0
BRDA:107,8,1,0
BRDA:115,9,0,0
BRDA:115,9,1,0
BRDA:140,10,0,0
BRDA:140,11,0,0
BRDA:144,12,0,0
BRDA:144,12,1,0
BRDA:153,13,0,0
BRDA:153,13,1,0
BRDA:153,14,0,0
BRDA:153,14,1,0
BRDA:155,15,0,0
BRDA:155,15,1,0
BRDA:156,16,0,0
BRDA:156,16,1,0
BRDA:190,17,0,0
BRDA:193,18,0,0
BRDA:193,18,1,0
BRDA:202,19,0,0
BRDA:202,19,1,0
BRDA:202,20,0,0
BRDA:202,20,1,0
BRDA:204,21,0,0
BRDA:204,21,1,0
BRDA:205,22,0,0
BRDA:205,22,1,0
BRDA:239,23,0,0
BRDA:239,23,1,0
BRDA:280,24,0,0
BRDA:280,24,1,0
BRDA:311,25,0,0
BRDA:311,25,1,0
BRDA:320,26,0,0
BRDA:320,26,1,0
BRDA:320,27,0,0
BRDA:320,27,1,0
BRDA:322,28,0,0
BRDA:322,28,1,0
BRDA:323,29,0,0
BRDA:323,29,1,0
BRF:57
BRH:0
end_of_record
TN:
SF:routes\locations.js
FN:7,(anonymous_0)
FN:27,(anonymous_1)
FN:54,(anonymous_2)
FNF:3
FNH:0
FNDA:0,(anonymous_0)
FNDA:0,(anonymous_1)
FNDA:0,(anonymous_2)
DA:1,0
DA:2,0
DA:3,0
DA:4,0
DA:7,0
DA:8,0
DA:9,0
DA:10,0
DA:11,0
DA:14,0
DA:19,0
DA:21,0
DA:22,0
DA:27,0
DA:28,0
DA:29,0
DA:31,0
DA:32,0
DA:35,0
DA:46,0
DA:48,0
DA:49,0
DA:54,0
DA:55,0
DA:56,0
DA:57,0
DA:58,0
DA:61,0
DA:66,0
DA:67,0
DA:70,0
DA:72,0
DA:73,0
DA:77,0
LF:34
LH:0
BRDA:10,0,0,0
BRDA:10,0,1,0
BRDA:31,1,0,0
BRDA:31,1,1,0
BRDA:31,2,0,0
BRDA:31,2,1,0
BRDA:31,2,2,0
BRDA:43,3,0,0
BRDA:43,3,1,0
BRDA:57,4,0,0
BRDA:57,4,1,0
BRDA:66,5,0,0
BRDA:66,5,1,0
BRF:13
BRH:0
end_of_record
TN:
SF:routes\logs.js
FN:15,(anonymous_0)
FN:38,(anonymous_1)
FN:66,(anonymous_2)
FN:93,(anonymous_3)
FN:120,(anonymous_4)
FN:147,(anonymous_5)
FN:174,(anonymous_6)
FN:197,(anonymous_7)
FN:235,(anonymous_8)
FN:263,(anonymous_9)
FN:288,(anonymous_10)
FN:292,(anonymous_11)
FN:296,(anonymous_12)
FNF:13
FNH:0
FNDA:0,(anonymous_0)
FNDA:0,(anonymous_1)
FNDA:0,(anonymous_2)
FNDA:0,(anonymous_3)
FNDA:0,(anonymous_4)
FNDA:0,(anonymous_5)
FNDA:0,(anonymous_6)
FNDA:0,(anonymous_7)
FNDA:0,(anonymous_8)
FNDA:0,(anonymous_9)
FNDA:0,(anonymous_10)
FNDA:0,(anonymous_11)
FNDA:0,(anonymous_12)
DA:1,0
DA:2,0
DA:3,0
DA:4,0
DA:5,0
DA:7,0
DA:15,0
DA:16,0
DA:17,0
DA:18,0
DA:20,0
DA:29,0
DA:30,0
DA:38,0
DA:39,0
DA:40,0
DA:43,0
DA:44,0
DA:50,0
DA:52,0
DA:57,0
DA:58,0
DA:66,0
DA:67,0
DA:68,0
DA:70,0
DA:71,0
DA:77,0
DA:79,0
DA:84,0
DA:85,0
DA:93,0
DA:94,0
DA:95,0
DA:97,0
DA:98,0
DA:104,0
DA:106,0
DA:111,0
DA:112,0
DA:120,0
DA:121,0
DA:122,0
DA:124,0
DA:125,0
DA:131,0
DA:133,0
DA:138,0
DA:139,0
DA:147,0
DA:148,0
DA:149,0
DA:151,0
DA:152,0
DA:158,0
DA:160,0
DA:165,0
DA:166,0
DA:174,0
DA:175,0
DA:176,0
DA:178,0
DA:188,0
DA:189,0
DA:197,0
DA:198,0
DA:199,0
DA:201,0
DA:202,0
DA:208,0
DA:210,0
DA:217,0
DA:226,0
DA:227,0
DA:235,0
DA:236,0
DA:237,0
DA:247,0
DA:249,0
DA:254,0
DA:255,0
DA:263,0
DA:264,0
DA:272,0
DA:274,0
DA:275,0
DA:282,0
DA:283,0
DA:285,0
DA:287,0
DA:288,0
DA:291,0
DA:292,0
DA:295,0
DA:296,0
DA:299,0
DA:300,0
DA:302,0
DA:315,0
DA:316,0
DA:323,0
LF:101
LH:0
BRDA:43,0,0,0
BRDA:43,0,1,0
BRDA:70,1,0,0
BRDA:70,1,1,0
BRDA:97,2,0,0
BRDA:97,2,1,0
BRDA:124,3,0,0
BRDA:124,3,1,0
BRDA:151,4,0,0
BRDA:151,4,1,0
BRDA:183,5,0,0
BRDA:183,5,1,0
BRDA:184,6,0,0
BRDA:184,6,1,0
BRDA:199,7,0,0
BRDA:201,8,0,0
BRDA:201,8,1,0
BRDA:201,9,0,0
BRDA:201,9,1,0
BRDA:270,10,0,0
BRDA:271,11,0,0
BRDA:274,12,0,0
BRDA:274,12,1,0
BRDA:274,13,0,0
BRDA:274,13,1,0
BRDA:287,14,0,0
BRDA:287,14,1,0
BRDA:291,15,0,0
BRDA:291,15,1,0
BRDA:295,16,0,0
BRDA:295,16,1,0
BRF:31
BRH:0
end_of_record
TN:
SF:routes\media.js
FN:17,(anonymous_0)
FN:25,(anonymous_1)
FN:28,(anonymous_2)
FN:40,(anonymous_3)
FN:55,(anonymous_4)
FN:140,(anonymous_5)
FN:194,(anonymous_6)
FN:232,(anonymous_7)
FN:263,(anonymous_8)
FN:292,(anonymous_9)
FNF:10
FNH:0
FNDA:0,(anonymous_0)
FNDA:0,(anonymous_1)
FNDA:0,(anonymous_2)
FNDA:0,(anonymous_3)
FNDA:0,(anonymous_4)
FNDA:0,(anonymous_5)
FNDA:0,(anonymous_6)
FNDA:0,(anonymous_7)
FNDA:0,(anonymous_8)
FNDA:0,(anonymous_9)
DA:1,0
DA:2,0
DA:3,0
DA:4,0
DA:5,0
DA:6,0
DA:7,0
DA:8,0
DA:10,0
DA:13,0
DA:14,0
DA:15,0
DA:17,0
DA:18,0
DA:19,0
DA:24,0
DA:26,0
DA:29,0
DA:30,0
DA:31,0
DA:35,0
DA:42,0
DA:43,0
DA:44,0
DA:46,0
DA:47,0
DA:49,0
DA:55,0
DA:56,0
DA:57,0
DA:58,0
DA:64,0
DA:65,0
DA:66,0
DA:80,0
DA:83,0
DA:84,0
DA:85,0
DA:86,0
DA:87,0
DA:88,0
DA:89,0
DA:92,0
DA:111,0
DA:114,0
DA:115,0
DA:121,0
DA:131,0
DA:132,0
DA:140,0
DA:141,0
DA:142,0
DA:143,0
DA:145,0
DA:146,0
DA:147,0
DA:153,0
DA:155,0
DA:156,0
DA:159,0
DA:160,0
DA:161,0
DA:162,0
DA:165,0
DA:172,0
DA:185,0
DA:186,0
DA:194,0
DA:195,0
DA:196,0
DA:197,0
DA:198,0
DA:204,0
DA:205,0
DA:212,0
DA:217,0
DA:218,0
DA:220,0
DA:221,0
DA:223,0
DA:224,0
DA:232,0
DA:233,0
DA:234,0
DA:235,0
DA:236,0
DA:242,0
DA:243,0
DA:249,0
DA:251,0
DA:252,0
DA:254,0
DA:255,0
DA:263,0
DA:264,0
DA:265,0
DA:266,0
DA:267,0
DA:274,0
DA:276,0
DA:278,0
DA:283,0
DA:284,0
DA:292,0
DA:293,0
DA:294,0
DA:295,0
DA:296,0
DA:302,0
DA:312,0
DA:316,0
DA:320,0
DA:329,0
DA:330,0
DA:337,0
LF:115
LH:0
BRDA:18,0,0,0
BRDA:18,0,1,0
BRDA:38,1,0,0
BRDA:38,1,1,0
BRDA:46,2,0,0
BRDA:46,2,1,0
BRDA:46,3,0,0
BRDA:46,3,1,0
BRDA:57,4,0,0
BRDA:57,4,1,0
BRDA:65,5,0,0
BRDA:65,5,1,0
BRDA:84,6,0,0
BRDA:84,6,1,0
BRDA:86,7,0,0
BRDA:86,7,1,0
BRDA:88,8,0,0
BRDA:88,8,1,0
BRDA:100,9,0,0
BRDA:100,9,1,0
BRDA:101,10,0,0
BRDA:101,10,1,0
BRDA:102,11,0,0
BRDA:102,11,1,0
BRDA:103,12,0,0
BRDA:103,12,1,0
BRDA:104,13,0,0
BRDA:104,13,1,0
BRDA:105,14,0,0
BRDA:105,14,1,0
BRDA:108,15,0,0
BRDA:108,15,1,0
BRDA:114,16,0,0
BRDA:114,16,1,0
BRDA:142,17,0,0
BRDA:142,18,0,0
BRDA:146,19,0,0
BRDA:146,19,1,0
BRDA:155,20,0,0
BRDA:155,20,1,0
BRDA:159,21,0,0
BRDA:159,21,1,0
BRDA:159,22,0,0
BRDA:159,22,1,0
BRDA:161,23,0,0
BRDA:161,23,1,0
BRDA:162,24,0,0
BRDA:162,24,1,0
BRDA:197,25,0,0
BRDA:197,25,1,0
BRDA:197,26,0,0
BRDA:197,26,1,0
BRDA:204,27,0,0
BRDA:204,27,1,0
BRDA:235,28,0,0
BRDA:235,28,1,0
BRDA:235,29,0,0
BRDA:235,29,1,0
BRDA:242,30,0,0
BRDA:242,30,1,0
BRDA:266,31,0,0
BRDA:266,31,1,0
BRDA:295,32,0,0
BRDA:295,32,1,0
BRDA:324,33,0,0
BRDA:324,33,1,0
BRF:66
BRH:0
end_of_record
TN:
SF:routes\privatePush.js
FN:7,(anonymous_0)
FN:29,(anonymous_1)
FN:50,(anonymous_2)
FN:72,(anonymous_3)
FN:94,(anonymous_4)
FNF:5
FNH:0
FNDA:0,(anonymous_0)
FNDA:0,(anonymous_1)
FNDA:0,(anonymous_2)
FNDA:0,(anonymous_3)
FNDA:0,(anonymous_4)
DA:1,0
DA:2,0
DA:3,0
DA:4,0
DA:7,0
DA:8,0
DA:9,0
DA:10,0
DA:12,0
DA:14,0
DA:20,0
DA:21,0
DA:29,0
DA:30,0
DA:31,0
DA:32,0
DA:34,0
DA:36,0
DA:41,0
DA:42,0
DA:50,0
DA:51,0
DA:52,0
DA:53,0
DA:54,0
DA:56,0
DA:58,0
DA:63,0
DA:64,0
DA:72,0
DA:73,0
DA:74,0
DA:75,0
DA:77,0
DA:79,0
DA:85,0
DA:86,0
DA:94,0
DA:95,0
DA:96,0
DA:97,0
DA:99,0
DA:104,0
DA:105,0
DA:112,0
LF:45
LH:0
BRDA:82,0,0,0
BRDA:82,0,1,0
BRF:2
BRH:0
end_of_record
TN:
SF:routes\screenProjection.js
FN:15,(anonymous_0)
FN:133,(anonymous_1)
FN:201,(anonymous_2)
FN:224,(anonymous_3)
FN:270,(anonymous_4)
FN:320,(anonymous_5)
FN:397,(anonymous_6)
FN:444,(anonymous_7)
FNF:8
FNH:0
FNDA:0,(anonymous_0)
FNDA:0,(anonymous_1)
FNDA:0,(anonymous_2)
FNDA:0,(anonymous_3)
FNDA:0,(anonymous_4)
FNDA:0,(anonymous_5)
FNDA:0,(anonymous_6)
FNDA:0,(anonymous_7)
DA:1,0
DA:2,0
DA:3,0
DA:4,0
DA:5,0
DA:6,0
DA:9,0
DA:16,0
DA:17,0
DA:18,0
DA:19,0
DA:33,0
DA:36,0
DA:37,0
DA:38,0
DA:45,0
DA:52,0
DA:53,0
DA:60,0
DA:61,0
DA:64,0
DA:82,0
DA:83,0
DA:98,0
DA:99,0
DA:100,0
DA:107,0
DA:118,0
DA:121,0
DA:122,0
DA:131,0
DA:134,0
DA:135,0
DA:136,0
DA:137,0
DA:144,0
DA:146,0
DA:150,0
DA:151,0
DA:158,0
DA:165,0
DA:166,0
DA:174,0
DA:175,0
DA:176,0
DA:182,0
DA:188,0
DA:191,0
DA:192,0
DA:201,0
DA:202,0
DA:203,0
DA:205,0
DA:211,0
DA:212,0
DA:221,0
DA:225,0
DA:226,0
DA:227,0
DA:228,0
DA:235,0
DA:236,0
DA:238,0
DA:244,0
DA:248,0
DA:260,0
DA:261,0
DA:270,0
DA:271,0
DA:272,0
DA:273,0
DA:275,0
DA:279,0
DA:280,0
DA:287,0
DA:288,0
DA:292,0
DA:295,0
DA:296,0
DA:304,0
DA:307,0
DA:308,0
DA:317,0
DA:321,0
DA:322,0
DA:323,0
DA:324,0
DA:331,0
DA:332,0
DA:334,0
DA:338,0
DA:339,0
DA:346,0
DA:347,0
DA:354,0
DA:355,0
DA:362,0
DA:368,0
DA:382,0
DA:385,0
DA:386,0
DA:395,0
DA:398,0
DA:399,0
DA:400,0
DA:401,0
DA:408,0
DA:409,0
DA:411,0
DA:415,0
DA:416,0
DA:422,0
DA:424,0
DA:429,0
DA:432,0
DA:433,0
DA:442,0
DA:445,0
DA:446,0
DA:447,0
DA:448,0
DA:455,0
DA:456,0
DA:458,0
DA:464,0
DA:465,0
DA:473,0
LF:127
LH:0
BRDA:18,0,0,0
BRDA:18,0,1,0
BRDA:28,1,0,0
BRDA:29,2,0,0
BRDA:30,3,0,0
BRDA:32,4,0,0
BRDA:37,5,0,0
BRDA:37,5,1,0
BRDA:52,6,0,0
BRDA:52,6,1,0
BRDA:75,7,0,0
BRDA:75,7,1,0
BRDA:75,8,0,0
BRDA:75,8,1,0
BRDA:98,9,0,0
BRDA:98,9,1,0
BRDA:136,10,0,0
BRDA:136,10,1,0
BRDA:150,11,0,0
BRDA:150,11,1,0
BRDA:174,12,0,0
BRDA:174,12,1,0
BRDA:227,13,0,0
BRDA:227,13,1,0
BRDA:236,14,0,0
BRDA:236,15,0,0
BRDA:279,16,0,0
BRDA:279,16,1,0
BRDA:287,17,0,0
BRDA:287,17,1,0
BRDA:295,18,0,0
BRDA:295,18,1,0
BRDA:323,19,0,0
BRDA:323,19,1,0
BRDA:332,20,0,0
BRDA:338,21,0,0
BRDA:338,21,1,0
BRDA:346,22,0,0
BRDA:346,22,1,0
BRDA:354,23,0,0
BRDA:354,23,1,0
BRDA:400,24,0,0
BRDA:400,24,1,0
BRDA:415,25,0,0
BRDA:415,25,1,0
BRDA:447,26,0,0
BRDA:447,26,1,0
BRF:47
BRH:0
end_of_record
TN:
SF:routes\screenRecording.js
FN:13,(anonymous_0)
FN:22,(anonymous_1)
FN:35,(anonymous_2)
FN:54,(anonymous_3)
FN:153,(anonymous_4)
FN:212,(anonymous_5)
FN:267,(anonymous_6)
FN:316,(anonymous_7)
FN:362,(anonymous_8)
FN:397,(anonymous_9)
FN:459,(anonymous_10)
FNF:11
FNH:0
FNDA:0,(anonymous_0)
FNDA:0,(anonymous_1)
FNDA:0,(anonymous_2)
FNDA:0,(anonymous_3)
FNDA:0,(anonymous_4)
FNDA:0,(anonymous_5)
FNDA:0,(anonymous_6)
FNDA:0,(anonymous_7)
FNDA:0,(anonymous_8)
FNDA:0,(anonymous_9)
FNDA:0,(anonymous_10)
DA:1,0
DA:2,0
DA:3,0
DA:4,0
DA:5,0
DA:6,0
DA:7,0
DA:8,0
DA:9,0
DA:12,0
DA:14,0
DA:15,0
DA:16,0
DA:17,0
DA:19,0
DA:23,0
DA:24,0
DA:25,0
DA:26,0
DA:30,0
DA:36,0
DA:37,0
DA:38,0
DA:40,0
DA:46,0
DA:55,0
DA:56,0
DA:57,0
DA:58,0
DA:65,0
DA:66,0
DA:85,0
DA:88,0
DA:89,0
DA:90,0
DA:97,0
DA:100,0
DA:122,0
DA:125,0
DA:126,0
DA:132,0
DA:139,0
DA:140,0
DA:149,0
DA:154,0
DA:155,0
DA:156,0
DA:157,0
DA:164,0
DA:165,0
DA:167,0
DA:172,0
DA:173,0
DA:176,0
DA:188,0
DA:190,0
DA:202,0
DA:203,0
DA:212,0
DA:213,0
DA:214,0
DA:216,0
DA:217,0
DA:218,0
DA:224,0
DA:225,0
DA:232,0
DA:233,0
DA:235,0
DA:242,0
DA:243,0
DA:244,0
DA:247,0
DA:248,0
DA:250,0
DA:253,0
DA:254,0
DA:263,0
DA:268,0
DA:269,0
DA:270,0
DA:271,0
DA:278,0
DA:279,0
DA:281,0
DA:282,0
DA:283,0
DA:289,0
DA:292,0
DA:293,0
DA:299,0
DA:306,0
DA:307,0
DA:316,0
DA:317,0
DA:318,0
DA:320,0
DA:321,0
DA:322,0
DA:329,0
DA:335,0
DA:336,0
DA:342,0
DA:347,0
DA:350,0
DA:351,0
DA:360,0
DA:363,0
DA:364,0
DA:365,0
DA:366,0
DA:373,0
DA:374,0
DA:376,0
DA:382,0
DA:383,0
DA:392,0
DA:398,0
DA:399,0
DA:400,0
DA:401,0
DA:408,0
DA:411,0
DA:412,0
DA:413,0
DA:420,0
DA:421,0
DA:434,0
DA:435,0
DA:438,0
DA:444,0
DA:447,0
DA:448,0
DA:457,0
DA:460,0
DA:461,0
DA:462,0
DA:463,0
DA:470,0
DA:473,0
DA:474,0
DA:475,0
DA:482,0
DA:483,0
DA:493,0
DA:494,0
DA:497,0
DA:503,0
DA:506,0
DA:507,0
DA:515,0
LF:151
LH:0
BRDA:24,0,0,0
BRDA:24,0,1,0
BRDA:25,1,0,0
BRDA:25,1,1,0
BRDA:37,2,0,0
BRDA:37,2,1,0
BRDA:57,3,0,0
BRDA:57,3,1,0
BRDA:65,4,0,0
BRDA:65,4,1,0
BRDA:89,5,0,0
BRDA:89,5,1,0
BRDA:106,6,0,0
BRDA:106,6,1,0
BRDA:108,7,0,0
BRDA:108,7,1,0
BRDA:109,8,0,0
BRDA:109,8,1,0
BRDA:110,9,0,0
BRDA:110,9,1,0
BRDA:111,10,0,0
BRDA:111,10,1,0
BRDA:112,11,0,0
BRDA:112,11,1,0
BRDA:114,12,0,0
BRDA:114,12,1,0
BRDA:115,13,0,0
BRDA:115,13,1,0
BRDA:116,14,0,0
BRDA:116,14,1,0
BRDA:117,15,0,0
BRDA:117,15,1,0
BRDA:125,16,0,0
BRDA:125,16,1,0
BRDA:156,17,0,0
BRDA:156,17,1,0
BRDA:165,18,0,0
BRDA:165,19,0,0
BRDA:172,20,0,0
BRDA:172,20,1,0
BRDA:217,21,0,0
BRDA:217,21,1,0
BRDA:224,22,0,0
BRDA:224,22,1,0
BRDA:270,23,0,0
BRDA:270,23,1,0
BRDA:282,24,0,0
BRDA:282,24,1,0
BRDA:292,25,0,0
BRDA:292,25,1,0
BRDA:321,26,0,0
BRDA:321,26,1,0
BRDA:335,27,0,0
BRDA:335,27,1,0
BRDA:365,28,0,0
BRDA:365,28,1,0
BRDA:400,29,0,0
BRDA:400,29,1,0
BRDA:408,30,0,0
BRDA:412,31,0,0
BRDA:412,31,1,0
BRDA:434,32,0,0
BRDA:434,32,1,0
BRDA:462,33,0,0
BRDA:462,33,1,0
BRDA:474,34,0,0
BRDA:474,34,1,0
BRDA:493,35,0,0
BRDA:493,35,1,0
BRF:69
BRH:0
end_of_record
TN:
SF:routes\sms.js
FN:10,(anonymous_0)
FN:28,(anonymous_1)
FN:92,(anonymous_2)
FN:152,(anonymous_3)
FN:188,(anonymous_4)
FNF:5
FNH:0
FNDA:0,(anonymous_0)
FNDA:0,(anonymous_1)
FNDA:0,(anonymous_2)
FNDA:0,(anonymous_3)
FNDA:0,(anonymous_4)
DA:1,0
DA:2,0
DA:3,0
DA:4,0
DA:5,0
DA:7,0
DA:10,0
DA:11,0
DA:12,0
DA:13,0
DA:14,0
DA:20,0
DA:21,0
DA:22,0
DA:28,0
DA:51,0
DA:52,0
DA:53,0
DA:61,0
DA:62,0
DA:64,0
DA:67,0
DA:70,0
DA:71,0
DA:77,0
DA:83,0
DA:84,0
DA:92,0
DA:93,0
DA:94,0
DA:95,0
DA:97,0
DA:98,0
DA:99,0
DA:105,0
DA:107,0
DA:108,0
DA:111,0
DA:112,0
DA:115,0
DA:116,0
DA:123,0
DA:130,0
DA:143,0
DA:144,0
DA:152,0
DA:153,0
DA:154,0
DA:155,0
DA:156,0
DA:162,0
DA:174,0
DA:179,0
DA:180,0
DA:188,0
DA:189,0
DA:190,0
DA:191,0
DA:192,0
DA:198,0
DA:202,0
DA:206,0
DA:210,0
DA:214,0
DA:220,0
DA:231,0
DA:232,0
DA:239,0
LF:68
LH:0
BRDA:13,0,0,0
BRDA:13,0,1,0
BRDA:21,1,0,0
BRDA:21,1,1,0
BRDA:21,2,0,0
BRDA:21,2,1,0
BRDA:35,3,0,0
BRDA:35,3,1,0
BRDA:37,4,0,0
BRDA:37,4,1,0
BRDA:40,5,0,0
BRDA:40,5,1,0
BRDA:44,6,0,0
BRDA:44,6,1,0
BRDA:46,7,0,0
BRDA:46,7,1,0
BRDA:61,8,0,0
BRDA:61,8,1,0
BRDA:70,9,0,0
BRDA:70,9,1,0
BRDA:94,10,0,0
BRDA:94,11,0,0
BRDA:98,12,0,0
BRDA:98,12,1,0
BRDA:107,13,0,0
BRDA:107,13,1,0
BRDA:111,14,0,0
BRDA:111,14,1,0
BRDA:115,15,0,0
BRDA:115,15,1,0
BRDA:155,16,0,0
BRDA:155,16,1,0
BRDA:191,17,0,0
BRDA:191,17,1,0
BRF:34
BRH:0
end_of_record
TN:
SF:services\PrivatePushService.js
FN:5,(anonymous_0)
FN:11,(anonymous_1)
FN:17,(anonymous_2)
FN:23,(anonymous_3)
FN:51,(anonymous_4)
FN:64,(anonymous_5)
FN:75,(anonymous_6)
FN:84,(anonymous_7)
FN:94,(anonymous_8)
FN:105,(anonymous_9)
FN:107,(anonymous_10)
FN:118,(anonymous_11)
FNF:12
FNH:0
FNDA:0,(anonymous_0)
FNDA:0,(anonymous_1)
FNDA:0,(anonymous_2)
FNDA:0,(anonymous_3)
FNDA:0,(anonymous_4)
FNDA:0,(anonymous_5)
FNDA:0,(anonymous_6)
FNDA:0,(anonymous_7)
FNDA:0,(anonymous_8)
FNDA:0,(anonymous_9)
FNDA:0,(anonymous_10)
FNDA:0,(anonymous_11)
DA:1,0
DA:2,0
DA:6,0
DA:7,0
DA:12,0
DA:13,0
DA:18,0
DA:19,0
DA:24,0
DA:25,0
DA:27,0
DA:29,0
DA:36,0
DA:37,0
DA:40,0
DA:41,0
DA:42,0
DA:45,0
DA:46,0
DA:52,0
DA:54,0
DA:65,0
DA:67,0
DA:75,0
DA:85,0
DA:87,0
DA:95,0
DA:101,0
DA:106,0
DA:107,0
DA:108,0
DA:114,0
DA:119,0
DA:127,0
LF:34
LH:0
BRDA:27,0,0,0
BRDA:27,0,1,0
BRF:2
BRH:0
end_of_record
TN:
SF:utils\fileUtils.js
FN:13,(anonymous_0)
FN:29,(anonymous_1)
FN:30,(anonymous_2)
FN:34,(anonymous_3)
FN:35,(anonymous_4)
FN:45,(anonymous_5)
FN:63,(anonymous_6)
FN:80,(anonymous_7)
FN:104,(anonymous_8)
FN:119,(anonymous_9)
FNF:10
FNH:0
FNDA:0,(anonymous_0)
FNDA:0,(anonymous_1)
FNDA:0,(anonymous_2)
FNDA:0,(anonymous_3)
FNDA:0,(anonymous_4)
FNDA:0,(anonymous_5)
FNDA:0,(anonymous_6)
FNDA:0,(anonymous_7)
FNDA:0,(anonymous_8)
FNDA:0,(anonymous_9)
DA:1,0
DA:2,0
DA:3,0
DA:4,0
DA:13,0
DA:15,0
DA:18,0
DA:19,0
DA:21,0
DA:29,0
DA:30,0
DA:31,0
DA:32,0
DA:34,0
DA:35,0
DA:36,0
DA:45,0
DA:46,0
DA:47,0
DA:48,0
DA:51,0
DA:63,0
DA:64,0
DA:65,0
DA:67,0
DA:71,0
DA:80,0
DA:81,0
DA:82,0
DA:83,0
DA:91,0
DA:92,0
DA:94,0
DA:104,0
DA:105,0
DA:106,0
DA:107,0
DA:108,0
DA:110,0
DA:119,0
DA:120,0
DA:122,0
DA:123,0
DA:125,0
DA:128,0
LF:45
LH:0
BRDA:15,0,0,0
BRDA:15,0,1,0
BRDA:19,1,0,0
BRDA:19,1,1,0
BRDA:21,2,0,0
BRDA:21,2,1,0
BRDA:47,3,0,0
BRDA:47,3,1,0
BRDA:47,4,0,0
BRDA:47,4,1,0
BRDA:91,5,0,0
BRDA:91,5,1,0
BRDA:104,6,0,0
BRDA:120,7,0,0
BRDA:120,7,1,0
BRDA:120,8,0,0
BRDA:120,8,1,0
BRF:17
BRH:0
end_of_record
TN:
SF:utils\logAnalyzer.js
FN:11,(anonymous_0)
FN:22,(anonymous_1)
FN:51,(anonymous_2)
FN:55,(anonymous_3)
FN:59,(anonymous_4)
FN:60,(anonymous_5)
FN:71,(anonymous_6)
FN:75,(anonymous_7)
FN:80,(anonymous_8)
FN:85,(anonymous_9)
FN:91,(anonymous_10)
FN:97,(anonymous_11)
FN:109,(anonymous_12)
FN:122,(anonymous_13)
FN:152,(anonymous_14)
FN:156,(anonymous_15)
FN:157,(anonymous_16)
FN:178,(anonymous_17)
FN:179,(anonymous_18)
FN:180,(anonymous_19)
FN:186,(anonymous_20)
FN:195,(anonymous_21)
FN:204,(anonymous_22)
FN:206,(anonymous_23)
FN:210,(anonymous_24)
FN:215,(anonymous_25)
FN:216,(anonymous_26)
FN:219,(anonymous_27)
FN:223,(anonymous_28)
FN:233,(anonymous_29)
FN:246,(anonymous_30)
FN:348,(anonymous_31)
FN:354,(anonymous_32)
FN:368,(anonymous_33)
FN:397,(anonymous_34)
FN:402,(anonymous_35)
FN:405,(anonymous_36)
FN:420,(anonymous_37)
FN:427,(anonymous_38)
FN:430,(anonymous_39)
FNF:40
FNH:0
FNDA:0,(anonymous_0)
FNDA:0,(anonymous_1)
FNDA:0,(anonymous_2)
FNDA:0,(anonymous_3)
FNDA:0,(anonymous_4)
FNDA:0,(anonymous_5)
FNDA:0,(anonymous_6)
FNDA:0,(anonymous_7)
FNDA:0,(anonymous_8)
FNDA:0,(anonymous_9)
FNDA:0,(anonymous_10)
FNDA:0,(anonymous_11)
FNDA:0,(anonymous_12)
FNDA:0,(anonymous_13)
FNDA:0,(anonymous_14)
FNDA:0,(anonymous_15)
FNDA:0,(anonymous_16)
FNDA:0,(anonymous_17)
FNDA:0,(anonymous_18)
FNDA:0,(anonymous_19)
FNDA:0,(anonymous_20)
FNDA:0,(anonymous_21)
FNDA:0,(anonymous_22)
FNDA:0,(anonymous_23)
FNDA:0,(anonymous_24)
FNDA:0,(anonymous_25)
FNDA:0,(anonymous_26)
FNDA:0,(anonymous_27)
FNDA:0,(anonymous_28)
FNDA:0,(anonymous_29)
FNDA:0,(anonymous_30)
FNDA:0,(anonymous_31)
FNDA:0,(anonymous_32)
FNDA:0,(anonymous_33)
FNDA:0,(anonymous_34)
FNDA:0,(anonymous_35)
FNDA:0,(anonymous_36)
FNDA:0,(anonymous_37)
FNDA:0,(anonymous_38)
FNDA:0,(anonymous_39)
DA:1,0
DA:2,0
DA:3,0
DA:12,0
DA:13,0
DA:14,0
DA:15,0
DA:16,0
DA:23,0
DA:25,0
DA:26,0
DA:29,0
DA:30,0
DA:35,0
DA:36,0
DA:37,0
DA:38,0
DA:41,0
DA:45,0
DA:52,0
DA:53,0
DA:55,0
DA:57,0
DA:59,0
DA:60,0
DA:69,0
DA:71,0
DA:72,0
DA:75,0
DA:76,0
DA:80,0
DA:81,0
DA:85,0
DA:86,0
DA:87,0
DA:91,0
DA:92,0
DA:93,0
DA:97,0
DA:98,0
DA:99,0
DA:103,0
DA:110,0
DA:111,0
DA:113,0
DA:122,0
DA:124,0
DA:125,0
DA:128,0
DA:129,0
DA:133,0
DA:134,0
DA:137,0
DA:138,0
DA:142,0
DA:143,0
DA:146,0
DA:153,0
DA:154,0
DA:156,0
DA:157,0
DA:159,0
DA:176,0
DA:177,0
DA:178,0
DA:179,0
DA:180,0
DA:182,0
DA:183,0
DA:184,0
DA:185,0
DA:186,0
DA:188,0
DA:189,0
DA:190,0
DA:194,0
DA:195,0
DA:196,0
DA:197,0
DA:198,0
DA:200,0
DA:203,0
DA:204,0
DA:206,0
DA:210,0
DA:214,0
DA:215,0
DA:216,0
DA:218,0
DA:219,0
DA:221,0
DA:222,0
DA:223,0
DA:227,0
DA:234,0
DA:235,0
DA:237,0
DA:246,0
DA:247,0
DA:248,0
DA:249,0
DA:252,0
DA:254,0
DA:255,0
DA:256,0
DA:262,0
DA:263,0
DA:265,0
DA:267,0
DA:270,0
DA:271,0
DA:272,0
DA:280,0
DA:281,0
DA:282,0
DA:283,0
DA:285,0
DA:287,0
DA:290,0
DA:291,0
DA:292,0
DA:300,0
DA:301,0
DA:302,0
DA:303,0
DA:305,0
DA:307,0
DA:310,0
DA:311,0
DA:312,0
DA:318,0
DA:319,0
DA:320,0
DA:322,0
DA:324,0
DA:327,0
DA:328,0
DA:329,0
DA:336,0
DA:337,0
DA:338,0
DA:339,0
DA:341,0
DA:343,0
DA:348,0
DA:349,0
DA:350,0
DA:354,0
DA:355,0
DA:356,0
DA:360,0
DA:362,0
DA:369,0
DA:376,0
DA:398,0
DA:400,0
DA:402,0
DA:403,0
DA:404,0
DA:405,0
DA:406,0
DA:407,0
DA:408,0
DA:414,0
DA:421,0
DA:422,0
DA:424,0
DA:425,0
DA:427,0
DA:428,0
DA:429,0
DA:430,0
DA:431,0
DA:432,0
DA:433,0
DA:434,0
DA:435,0
DA:436,0
DA:443,0
DA:447,0
LF:180
LH:0
BRDA:11,0,0,0
BRDA:25,1,0,0
BRDA:25,1,1,0
BRDA:69,2,0,0
BRDA:69,2,1,0
BRDA:71,3,0,0
BRDA:71,3,1,0
BRDA:76,4,0,0
BRDA:76,4,1,0
BRDA:81,5,0,0
BRDA:81,5,1,0
BRDA:86,6,0,0
BRDA:86,6,1,0
BRDA:87,7,0,0
BRDA:87,7,1,0
BRDA:92,8,0,0
BRDA:92,8,1,0
BRDA:93,9,0,0
BRDA:93,9,1,0
BRDA:124,10,0,0
BRDA:124,10,1,0
BRDA:124,10,2,0
BRDA:125,11,0,0
BRDA:125,11,1,0
BRDA:128,12,0,0
BRDA:128,12,1,0
BRDA:128,13,0,0
BRDA:128,13,1,0
BRDA:129,14,0,0
BRDA:129,14,1,0
BRDA:133,15,0,0
BRDA:133,15,1,0
BRDA:134,16,0,0
BRDA:134,16,1,0
BRDA:137,17,0,0
BRDA:137,17,1,0
BRDA:137,18,0,0
BRDA:137,18,1,0
BRDA:176,19,0,0
BRDA:176,19,1,0
BRDA:178,20,0,0
BRDA:178,20,1,0
BRDA:182,21,0,0
BRDA:182,21,1,0
BRDA:196,22,0,0
BRDA:196,22,1,0
BRDA:197,23,0,0
BRDA:197,23,1,0
BRDA:200,24,0,0
BRDA:200,24,1,0
BRDA:214,25,0,0
BRDA:214,25,1,0
BRDA:215,26,0,0
BRDA:215,26,1,0
BRDA:216,27,0,0
BRDA:216,27,1,0
BRDA:248,28,0,0
BRDA:248,28,1,0
BRDA:248,29,0,0
BRDA:248,29,1,0
BRDA:252,30,0,0
BRDA:252,30,1,0
BRDA:252,30,2,0
BRDA:252,30,3,0
BRDA:252,30,4,0
BRDA:254,31,0,0
BRDA:254,31,1,0
BRDA:255,32,0,0
BRDA:255,32,1,0
BRDA:264,33,0,0
BRDA:264,33,1,0
BRDA:271,34,0,0
BRDA:271,34,1,0
BRDA:281,35,0,0
BRDA:281,35,1,0
BRDA:282,36,0,0
BRDA:282,36,1,0
BRDA:291,37,0,0
BRDA:291,37,1,0
BRDA:301,38,0,0
BRDA:301,38,1,0
BRDA:302,39,0,0
BRDA:302,39,1,0
BRDA:311,40,0,0
BRDA:311,40,1,0
BRDA:319,41,0,0
BRDA:319,41,1,0
BRDA:328,42,0,0
BRDA:328,42,1,0
BRDA:337,43,0,0
BRDA:337,43,1,0
BRDA:338,44,0,0
BRDA:338,44,1,0
BRDA:349,45,0,0
BRDA:349,45,1,0
BRDA:355,46,0,0
BRDA:355,46,1,0
BRDA:380,47,0,0
BRDA:380,47,1,0
BRDA:403,48,0,0
BRDA:403,48,1,0
BRDA:407,49,0,0
BRDA:407,49,1,0
BRDA:420,50,0,0
BRDA:428,51,0,0
BRDA:428,51,1,0
BRDA:432,52,0,0
BRDA:432,52,1,0
BRDA:434,53,0,0
BRDA:434,53,1,0
BRF:110
BRH:0
end_of_record
TN:
SF:utils\logger.js
FN:14,(anonymous_0)
FN:21,(anonymous_1)
FN:32,(anonymous_2)
FN:108,(anonymous_3)
FN:125,(anonymous_4)
FN:138,(anonymous_5)
FN:151,(anonymous_6)
FN:171,(anonymous_7)
FN:194,(anonymous_8)
FNF:9
FNH:0
FNDA:0,(anonymous_0)
FNDA:0,(anonymous_1)
FNDA:0,(anonymous_2)
FNDA:0,(anonymous_3)
FNDA:0,(anonymous_4)
FNDA:0,(anonymous_5)
FNDA:0,(anonymous_6)
FNDA:0,(anonymous_7)
FNDA:0,(anonymous_8)
DA:1,0
DA:2,0
DA:3,0
DA:4,0
DA:7,0
DA:8,0
DA:9,0
DA:10,0
DA:11,0
DA:14,0
DA:15,0
DA:16,0
DA:21,0
DA:24,0
DA:33,0
DA:74,0
DA:90,0
DA:106,0
DA:109,0
DA:120,0
DA:121,0
DA:126,0
DA:134,0
DA:139,0
DA:146,0
DA:147,0
DA:152,0
DA:163,0
DA:164,0
DA:166,0
DA:172,0
DA:180,0
DA:181,0
DA:186,0
DA:194,0
DA:195,0
DA:198,0
LF:37
LH:0
BRDA:15,0,0,0
BRDA:15,0,1,0
BRDA:25,1,0,0
BRDA:25,1,1,0
BRDA:125,2,0,0
BRDA:138,3,0,0
BRDA:151,4,0,0
BRDA:159,5,0,0
BRDA:159,5,1,0
BRDA:163,6,0,0
BRDA:163,6,1,0
BRF:11
BRH:0
end_of_record
